This is pdfTeX, Version 3.1415926-1.40.10 (TeX Live 2009/Debian) (format=pdflatex 2010.8.26)  17 MAR 2011 00:08
entering extended mode
 restricted \write18 enabled.
 %&-line parsing enabled.
**RSC-plot-final-report
(./RSC-plot-final-report.tex
LaTeX2e <2009/09/24>
Babel <v3.8l> and hyphenation patterns for english, usenglishmax, dumylang, noh
yphenation, loaded.
(/usr/share/texmf-texlive/tex/latex/base/article.cls
Document Class: article 2007/10/19 v1.4h Standard LaTeX document class
(/usr/share/texmf-texlive/tex/latex/base/size12.clo
File: size12.clo 2007/10/19 v1.4h Standard LaTeX file (size option)
)
\c@part=\count79
\c@section=\count80
\c@subsection=\count81
\c@subsubsection=\count82
\c@paragraph=\count83
\c@subparagraph=\count84
\c@figure=\count85
\c@table=\count86
\abovecaptionskip=\skip41
\belowcaptionskip=\skip42
\bibindent=\dimen102
)
(/usr/share/texmf-texlive/tex/latex/ltxmisc/url.sty
\Urlmuskip=\muskip10
Package: url 2006/04/12  ver 3.3  Verb mode for urls, etc.
)
(/usr/share/texmf-texlive/tex/latex/natbib/natbib.sty
Package: natbib 2009/07/16 8.31 (PWD, AO)
\bibhang=\skip43
\bibsep=\skip44
LaTeX Info: Redefining \cite on input line 694.
\c@NAT@ctr=\count87
)
(/usr/share/texmf-texlive/tex/latex/tools/longtable.sty
Package: longtable 2004/02/01 v4.11 Multi-page Table package (DPC)
\LTleft=\skip45
\LTright=\skip46
\LTpre=\skip47
\LTpost=\skip48
\LTchunksize=\count88
\LTcapwidth=\dimen103
\LT@head=\box26
\LT@firsthead=\box27
\LT@foot=\box28
\LT@lastfoot=\box29
\LT@cols=\count89
\LT@rows=\count90
\c@LT@tables=\count91
\c@LT@chunks=\count92
\LT@p@ftn=\toks14
)
(/usr/share/texmf-texlive/tex/latex/graphics/graphicx.sty
Package: graphicx 1999/02/16 v1.0f Enhanced LaTeX Graphics (DPC,SPQR)

(/usr/share/texmf-texlive/tex/latex/graphics/keyval.sty
Package: keyval 1999/03/16 v1.13 key=value parser (DPC)
\KV@toks@=\toks15
)
(/usr/share/texmf-texlive/tex/latex/graphics/graphics.sty
Package: graphics 2009/02/05 v1.0o Standard LaTeX Graphics (DPC,SPQR)

(/usr/share/texmf-texlive/tex/latex/graphics/trig.sty
Package: trig 1999/03/16 v1.09 sin cos tan (DPC)
)
(/etc/texmf/tex/latex/config/graphics.cfg
File: graphics.cfg 2009/08/28 v1.8 graphics configuration of TeX Live
)
Package graphics Info: Driver file: pdftex.def on input line 91.

(/usr/share/texmf-texlive/tex/latex/pdftex-def/pdftex.def
File: pdftex.def 2009/08/25 v0.04m Graphics/color for pdfTeX
\Gread@gobject=\count93
))
\Gin@req@height=\dimen104
\Gin@req@width=\dimen105
)
(/usr/share/texmf-texlive/tex/latex/base/inputenc.sty
Package: inputenc 2008/03/30 v1.1d Input encoding file
\inpenc@prehook=\toks16
\inpenc@posthook=\toks17

(/usr/share/texmf-texlive/tex/latex/base/latin1.def
File: latin1.def 2008/03/30 v1.1d Input encoding file
))
(/usr/share/texmf-texlive/tex/latex/base/makeidx.sty
Package: makeidx 2000/03/29 v1.0m Standard LaTeX package
)
(/usr/share/texmf-texlive/tex/latex/pdfpages/pdfpages.sty
Package: pdfpages 2009/02/07 v0.4g Insert pages of external PDF documents (AM)

(/usr/share/texmf-texlive/tex/latex/base/ifthen.sty
Package: ifthen 2001/05/26 v1.1c Standard LaTeX ifthen package (DPC)
)
(/usr/share/texmf-texlive/tex/latex/tools/calc.sty
Package: calc 2007/08/22 v4.3 Infix arithmetic (KKT,FJ)
\calc@Acount=\count94
\calc@Bcount=\count95
\calc@Adimen=\dimen106
\calc@Bdimen=\dimen107
\calc@Askip=\skip49
\calc@Bskip=\skip50
LaTeX Info: Redefining \setlength on input line 76.
LaTeX Info: Redefining \addtolength on input line 77.
\calc@Ccount=\count96
\calc@Cskip=\skip51
)
(/usr/share/texmf-texlive/tex/latex/eso-pic/eso-pic.sty
Package: eso-pic 2006/07/14 v1.1d eso-pic (RN)

(/usr/share/texmf-texlive/tex/latex/ms/everyshi.sty
Package: everyshi 2001/05/15 v3.00 EveryShipout Package (MS)
))
(/usr/share/texmf-texlive/tex/latex/pdfpages/pppdftex.def
File: pppdftex.def 2009/02/07 v0.4g Pdfpages driver for pdfTeX (AM)
)
\AM@pagebox=\box30
\AM@toc@title=\toks18
\c@AM@survey=\count97
\AM@templatesizebox=\box31
)
(/usr/share/texmf-texlive/tex/latex/oberdiek/pdflscape.sty
Package: pdflscape 2008/08/11 v0.10 Landscape pages in PDF (HO)

(/usr/share/texmf-texlive/tex/latex/graphics/lscape.sty
Package: lscape 2000/10/22 v3.01 Landscape Pages (DPC)
)
(/usr/share/texmf-texlive/tex/generic/oberdiek/ifpdf.sty
Package: ifpdf 2009/04/10 v2.0 Provides the ifpdf switch (HO)
Package ifpdf Info: pdfTeX in pdf mode detected.
)
Package pdflscape Info: Auto-detected driver: pdftex on input line 75.

(/usr/share/texmf-texlive/tex/generic/ifxetex/ifxetex.sty
Package: ifxetex 2009/01/23 v0.5 Provides ifxetex conditional
))
(./RSC-plot-final-report.aux (./Table.aux))
\openout1 = `RSC-plot-final-report.aux'.

LaTeX Font Info:    Checking defaults for OML/cmm/m/it on input line 17.
LaTeX Font Info:    ... okay on input line 17.
LaTeX Font Info:    Checking defaults for T1/cmr/m/n on input line 17.
LaTeX Font Info:    ... okay on input line 17.
LaTeX Font Info:    Checking defaults for OT1/cmr/m/n on input line 17.
LaTeX Font Info:    ... okay on input line 17.
LaTeX Font Info:    Checking defaults for OMS/cmsy/m/n on input line 17.
LaTeX Font Info:    ... okay on input line 17.
LaTeX Font Info:    Checking defaults for OMX/cmex/m/n on input line 17.
LaTeX Font Info:    ... okay on input line 17.
LaTeX Font Info:    Checking defaults for U/cmr/m/n on input line 17.
LaTeX Font Info:    ... okay on input line 17.

(/usr/share/texmf-texlive/tex/context/base/supp-pdf.mkii
[Loading MPS to PDF converter (version 2006.09.02).]
\scratchcounter=\count98
\scratchdimen=\dimen108
\scratchbox=\box32
\nofMPsegments=\count99
\nofMParguments=\count100
\everyMPshowfont=\toks19
\MPscratchCnt=\count101
\MPscratchDim=\dimen109
\MPnumerator=\count102
\everyMPtoPDFconversion=\toks20
) ABD: EveryShipout initializing macros
(/usr/share/texmf-texlive/tex/latex/graphics/color.sty
Package: color 2005/11/14 v1.0j Standard LaTeX Color (DPC)

(/etc/texmf/tex/latex/config/color.cfg
File: color.cfg 2007/01/18 v1.5 color configuration of teTeX/TeXLive
)
Package color Info: Driver file: pdftex.def on input line 130.
)
LaTeX Font Info:    External font `cmex10' loaded for size
(Font)              <14.4> on input line 18.
LaTeX Font Info:    External font `cmex10' loaded for size
(Font)              <7> on input line 18.
LaTeX Font Info:    External font `cmex10' loaded for size
(Font)              <5> on input line 18.
 [1

{/var/lib/texmf/fonts/map/pdftex/updmap/pdftex.map}]
<../R/bean-brp-3panel.pdf, id=13, page=1, 496.85625pt x 794.97pt>
File: ../R/bean-brp-3panel.pdf Graphic file (type pdf)

<use ../R/bean-brp-3panel.pdf, page 1>
File: ../R/bean-brp-3panel.pdf Graphic file (type pdf)
 <use ../R/bean-brp-3panel.pdf, page 1>
File: ../R/bean-brp-3panel.pdf Graphic file (type pdf)

<use ../R/bean-brp-3panel.pdf, page 1>
File: ../R/bean-brp-3panel.pdf Graphic file (type pdf)
 <use ../R/bean-brp-3panel.pdf, page 1>
File: ../R/bean-brp-3panel.pdf Graphic file (type pdf)

<use ../R/bean-brp-3panel.pdf, page 1> [2 <../R/bean-brp-3panel.pdf>]
<../R/RSC-report-plots.pdf, id=25, page=1, 496.85625pt x 794.97pt>
File: ../R/RSC-report-plots.pdf Graphic file (type pdf)

<use ../R/RSC-report-plots.pdf, page 1>
File: ../R/RSC-report-plots.pdf Graphic file (type pdf)

<use ../R/RSC-report-plots.pdf, page 1>
File: ../R/RSC-report-plots.pdf Graphic file (type pdf)

<use ../R/RSC-report-plots.pdf, page 1>
File: ../R/RSC-report-plots.pdf Graphic file (type pdf)

<use ../R/RSC-report-plots.pdf, page 1>
File: ../R/RSC-report-plots.pdf Graphic file (type pdf)

<use ../R/RSC-report-plots.pdf, page 1> [3 <../R/RSC-report-plots.pdf>]
<../R/RSC-report-plots.pdf, id=34, page=2, 496.85625pt x 794.97pt>
File: ../R/RSC-report-plots.pdf Graphic file (type pdf)

<use ../R/RSC-report-plots.pdf, page 2>
File: ../R/RSC-report-plots.pdf Graphic file (type pdf)

<use ../R/RSC-report-plots.pdf, page 2>
File: ../R/RSC-report-plots.pdf Graphic file (type pdf)

<use ../R/RSC-report-plots.pdf, page 2> [4 <../R/RSC-report-plots.pdf>]
<../R/RSC-report-plots.pdf, id=38, page=3, 496.85625pt x 794.97pt>
File: ../R/RSC-report-plots.pdf Graphic file (type pdf)

<use ../R/RSC-report-plots.pdf, page 3>
File: ../R/RSC-report-plots.pdf Graphic file (type pdf)

<use ../R/RSC-report-plots.pdf, page 3>
File: ../R/RSC-report-plots.pdf Graphic file (type pdf)

<use ../R/RSC-report-plots.pdf, page 3> [5 <../R/RSC-report-plots.pdf>]
<../R/RSC-report-plots.pdf, id=42, page=4, 496.85625pt x 794.97pt>
File: ../R/RSC-report-plots.pdf Graphic file (type pdf)

<use ../R/RSC-report-plots.pdf, page 4>
File: ../R/RSC-report-plots.pdf Graphic file (type pdf)

<use ../R/RSC-report-plots.pdf, page 4>
File: ../R/RSC-report-plots.pdf Graphic file (type pdf)

<use ../R/RSC-report-plots.pdf, page 4> [6 <../R/RSC-report-plots.pdf>]
<../R/RSC-report-plots.pdf, id=46, page=5, 496.85625pt x 794.97pt>
File: ../R/RSC-report-plots.pdf Graphic file (type pdf)

<use ../R/RSC-report-plots.pdf, page 5>
File: ../R/RSC-report-plots.pdf Graphic file (type pdf)

<use ../R/RSC-report-plots.pdf, page 5>
File: ../R/RSC-report-plots.pdf Graphic file (type pdf)

<use ../R/RSC-report-plots.pdf, page 5> [7 <../R/RSC-report-plots.pdf>]
<../R/RSC-report-plots.pdf, id=51, page=6, 496.85625pt x 794.97pt>
File: ../R/RSC-report-plots.pdf Graphic file (type pdf)

<use ../R/RSC-report-plots.pdf, page 6>
File: ../R/RSC-report-plots.pdf Graphic file (type pdf)

<use ../R/RSC-report-plots.pdf, page 6>
File: ../R/RSC-report-plots.pdf Graphic file (type pdf)

<use ../R/RSC-report-plots.pdf, page 6> [8 <../R/RSC-report-plots.pdf>]
<../R/RSC-report-plots.pdf, id=55, page=7, 496.85625pt x 794.97pt>
File: ../R/RSC-report-plots.pdf Graphic file (type pdf)

<use ../R/RSC-report-plots.pdf, page 7>
File: ../R/RSC-report-plots.pdf Graphic file (type pdf)

<use ../R/RSC-report-plots.pdf, page 7>
File: ../R/RSC-report-plots.pdf Graphic file (type pdf)

<use ../R/RSC-report-plots.pdf, page 7> [9 <../R/RSC-report-plots.pdf>]
<../R/RSC-report-plots.pdf, id=59, page=8, 496.85625pt x 794.97pt>
File: ../R/RSC-report-plots.pdf Graphic file (type pdf)

<use ../R/RSC-report-plots.pdf, page 8>
File: ../R/RSC-report-plots.pdf Graphic file (type pdf)

<use ../R/RSC-report-plots.pdf, page 8>
File: ../R/RSC-report-plots.pdf Graphic file (type pdf)

<use ../R/RSC-report-plots.pdf, page 8> [10 <../R/RSC-report-plots.pdf>]
<../R/RSC-report-plots.pdf, id=63, page=9, 496.85625pt x 794.97pt>
File: ../R/RSC-report-plots.pdf Graphic file (type pdf)

<use ../R/RSC-report-plots.pdf, page 9>
File: ../R/RSC-report-plots.pdf Graphic file (type pdf)

<use ../R/RSC-report-plots.pdf, page 9>
File: ../R/RSC-report-plots.pdf Graphic file (type pdf)

<use ../R/RSC-report-plots.pdf, page 9> [11 <../R/RSC-report-plots.pdf>]
<../R/RSC-report-plots.pdf, id=67, page=10, 496.85625pt x 794.97pt>
File: ../R/RSC-report-plots.pdf Graphic file (type pdf)

<use ../R/RSC-report-plots.pdf, page 10>
File: ../R/RSC-report-plots.pdf Graphic file (type pdf)

<use ../R/RSC-report-plots.pdf, page 10>
File: ../R/RSC-report-plots.pdf Graphic file (type pdf)

<use ../R/RSC-report-plots.pdf, page 10> [12 <../R/RSC-report-plots.pdf>]
<../R/RSC-report-plots.pdf, id=71, page=11, 496.85625pt x 794.97pt>
File: ../R/RSC-report-plots.pdf Graphic file (type pdf)

<use ../R/RSC-report-plots.pdf, page 11>
File: ../R/RSC-report-plots.pdf Graphic file (type pdf)

<use ../R/RSC-report-plots.pdf, page 11>
File: ../R/RSC-report-plots.pdf Graphic file (type pdf)

<use ../R/RSC-report-plots.pdf, page 11> [13 <../R/RSC-report-plots.pdf>]
[14]
\openout2 = `Table.aux'.

 (./Table.tex
Underfull \hbox (badness 3229) in paragraph at lines 8--8
[]|\OT1/cmr/m/n/12 Atlantic cod NAFO
 []


Underfull \hbox (badness 6910) in paragraph at lines 8--9
[]|\OT1/cmr/m/n/12 Northeast U.S. Con-ti-nen-tal
 []


Underfull \hbox (badness 10000) in paragraph at lines 9--9
[]|\OT1/cmr/m/n/12 Haddock NAFO-
 []


Underfull \hbox (badness 10000) in paragraph at lines 9--9
[]|\OT1/cmr/m/n/12 Melanogrammus
 []


Underfull \hbox (badness 6910) in paragraph at lines 9--10
[]|\OT1/cmr/m/n/12 Northeast U.S. Con-ti-nen-tal
 []


Underfull \hbox (badness 10000) in paragraph at lines 10--10
[]|\OT1/cmr/m/n/12 Pollock NAFO-
 []


Underfull \hbox (badness 6910) in paragraph at lines 10--11
[]|\OT1/cmr/m/n/12 Northeast U.S. Con-ti-nen-tal
 []


Underfull \hbox (badness 6910) in paragraph at lines 11--12
[]|\OT1/cmr/m/n/12 Northeast U.S. Con-ti-nen-tal
 []


Underfull \hbox (badness 3229) in paragraph at lines 12--12
[]|\OT1/cmr/m/n/12 Atlantic cod NAFO
 []


Underfull \hbox (badness 10000) in paragraph at lines 13--13
[]|\OT1/cmr/m/n/12 Haddock NAFO-
 []


Underfull \hbox (badness 10000) in paragraph at lines 13--13
[]|\OT1/cmr/m/n/12 Melanogrammus
 []


Underfull \hbox (badness 6910) in paragraph at lines 13--14
[]|\OT1/cmr/m/n/12 Northeast U.S. Con-ti-nen-tal
 []


Underfull \hbox (badness 3612) in paragraph at lines 14--14
[]|\OT1/cmr/m/n/12 White hake Sco-tian
 []


Underfull \hbox (badness 3229) in paragraph at lines 15--15
[]|\OT1/cmr/m/n/12 Atlantic cod NAFO
 []


Underfull \hbox (badness 3229) in paragraph at lines 16--16
[]|\OT1/cmr/m/n/12 Atlantic cod NAFO
 []


Underfull \hbox (badness 10000) in paragraph at lines 17--17
[]|\OT1/cmr/m/n/12 American Plaice
 []


Underfull \hbox (badness 10000) in paragraph at lines 17--17
[]|\OT1/cmr/m/n/12 Hippoglossoides
 []


Underfull \hbox (badness 10000) in paragraph at lines 18--18
[]|\OT1/cmr/m/n/12 American Plaice
 []


Underfull \hbox (badness 10000) in paragraph at lines 18--18
[]|\OT1/cmr/m/n/12 Hippoglossoides
 []


Underfull \hbox (badness 10000) in paragraph at lines 19--19
[]|\OT1/cmr/m/n/12 Monkfish Labrador
 []


Underfull \hbox (badness 10000) in paragraph at lines 19--19
[]|\OT1/cmr/m/n/12 Lophius amer-i-
 []


Underfull \hbox (badness 10000) in paragraph at lines 21--21
[]|\OT1/cmr/m/n/12 Anoplopoma fim-
 []


Underfull \hbox (badness 10000) in paragraph at lines 25--25
[]|\OT1/cmr/m/n/12 Pacific her-ring
 []


Underfull \hbox (badness 10000) in paragraph at lines 25--25
\OT1/cmr/m/n/12 Straight of Geor-
 []


Underfull \vbox (badness 10000) detected at line 26
 []


Underfull \hbox (badness 1721) in paragraph at lines 26--26
[]|\OT1/cmr/m/n/12 Pacific her-ring West
 []


Underfull \hbox (badness 10000) in paragraph at lines 27--27
[]|\OT1/cmr/m/n/12 Pacific cod Hecate
 []


Underfull \hbox (badness 10000) in paragraph at lines 27--27
[]|\OT1/cmr/m/n/12 Gadus macro-
 []


Underfull \hbox (badness 10000) in paragraph at lines 28--28
[]|\OT1/cmr/m/n/12 Pacific cod West
 []


Underfull \hbox (badness 4132) in paragraph at lines 28--28
\OT1/cmr/m/n/12 Coast of Van-cou-ver
 []


Underfull \hbox (badness 10000) in paragraph at lines 28--28
[]|\OT1/cmr/m/n/12 Gadus macro-
 []


Underfull \hbox (badness 10000) in paragraph at lines 29--29
[]|\OT1/cmr/m/n/12 Rock sole Hecate
 []


Underfull \hbox (badness 4531) in paragraph at lines 30--30
[]|\OT1/cmr/m/n/12 English sole Hecate
 []


Underfull \hbox (badness 10000) in paragraph at lines 32--32
[]|\OT1/cmr/m/n/12 Herring NAFO 4R
 []


Underfull \hbox (badness 3229) in paragraph at lines 33--33
[]|\OT1/cmr/m/n/12 Atlantic cod NAFO
 []


Underfull \hbox (badness 10000) in paragraph at lines 35--35
[]|\OT1/cmr/m/n/12 Greenland hal-ibut
 []


Underfull \hbox (badness 10000) in paragraph at lines 35--35
[]|\OT1/cmr/m/n/12 Reinhardtius hip-
 []


Underfull \hbox (badness 1838) in paragraph at lines 36--36
[]|\OT1/cmr/m/n/12 Snow crab South-ern
 []


Underfull \hbox (badness 10000) in paragraph at lines 38--38
[]|\OT1/cmr/m/n/12 Herring NAFO 4T
 []


Underfull \hbox (badness 3229) in paragraph at lines 39--39
[]|\OT1/cmr/m/n/12 Atlantic cod NAFO
 []


Underfull \hbox (badness 10000) in paragraph at lines 41--41
[]|\OT1/cmr/m/n/12 Yellowfin tuna At-
 []


Underfull \hbox (badness 1342) in paragraph at lines 44--44
[]|\OT1/cmr/m/n/12 Swordfish North At-
 []


Underfull \hbox (badness 3229) in paragraph at lines 45--45
[]|\OT1/cmr/m/n/12 Atlantic cod NAFO
 []

[15


]
Underfull \hbox (badness 10000) in paragraph at lines 46--46
[]|\OT1/cmr/m/n/12 American Plaice
 []


Underfull \hbox (badness 10000) in paragraph at lines 46--46
[]|\OT1/cmr/m/n/12 Hippoglossoides
 []


Underfull \hbox (badness 10000) in paragraph at lines 47--47
[]|\OT1/cmr/m/n/12 Yellowtail Floun-der
 []


Underfull \hbox (badness 6910) in paragraph at lines 47--48
[]|\OT1/cmr/m/n/12 Northeast U.S. Con-ti-nen-tal
 []


Underfull \hbox (badness 10000) in paragraph at lines 49--49
[]|\OT1/cmr/m/n/12 Greenland hal-ibut
 []


Underfull \hbox (badness 10000) in paragraph at lines 49--49
[]|\OT1/cmr/m/n/12 Reinhardtius hip-
 []


Underfull \hbox (badness 10000) in paragraph at lines 50--50
[]|\OT1/cmr/m/n/12 Greenland hal-ibut
 []


Underfull \hbox (badness 10000) in paragraph at lines 50--50
[]|\OT1/cmr/m/n/12 Reinhardtius hip-
 []


Underfull \hbox (badness 10000) in paragraph at lines 51--51
[]|\OT1/cmr/m/n/12 Northern short-fin
 []


Underfull \hbox (badness 10000) in paragraph at lines 51--51
\OT1/cmr/m/n/12 squid North-west-ern
 []


Underfull \hbox (badness 6910) in paragraph at lines 51--52
[]|\OT1/cmr/m/n/12 Northeast U.S. Con-ti-nen-tal
 []


Underfull \hbox (badness 6910) in paragraph at lines 52--53
[]|\OT1/cmr/m/n/12 Northeast U.S. Con-ti-nen-tal
 []


Underfull \hbox (badness 6675) in paragraph at lines 53--53
[]|\OT1/cmr/m/n/12 Ocean pout North-
 []


Underfull \hbox (badness 10000) in paragraph at lines 53--53
\OT1/cmr/m/n/12 west-ern At-lantic
 []


Underfull \hbox (badness 6910) in paragraph at lines 53--54
[]|\OT1/cmr/m/n/12 Northeast U.S. Con-ti-nen-tal
 []


Underfull \hbox (badness 5519) in paragraph at lines 55--55
[]|\OT1/cmr/m/n/12 Pacific hake Pa-cific
 []


Underfull \hbox (badness 5696) in paragraph at lines 57--57
[]|\OT1/cmr/m/n/12 Pacific ocean perch
 []


Underfull \hbox (badness 3701) in paragraph at lines 59--59
[]|\OT1/cmr/m/n/12 Widow rock-fish Pa-
 []


Underfull \hbox (badness 10000) in paragraph at lines 60--60
[]|\OT1/cmr/m/n/12 Yellowtail rock-fish
 []


Underfull \hbox (badness 10000) in paragraph at lines 60--60
\OT1/cmr/m/n/12 North-ern Pa-cific
 []


Underfull \hbox (badness 2478) in paragraph at lines 61--61
[]|\OT1/cmr/m/n/12 Canary rock-fish Pa-
 []


Underfull \hbox (badness 10000) in paragraph at lines 62--62
[]|\OT1/cmr/m/n/12 Sebastes ru-ber-
 []


Underfull \hbox (badness 10000) in paragraph at lines 63--63
[]|\OT1/cmr/m/n/12 Shortspine thorny-
 []


Underfull \hbox (badness 2932) in paragraph at lines 63--63
[]|\OT1/cmr/m/n/12 Sebastolobus alas-
 []


Underfull \hbox (badness 10000) in paragraph at lines 64--64
[]|\OT1/cmr/m/n/12 Sebastolobus al-
 []


Underfull \hbox (badness 10000) in paragraph at lines 65--65
[]|\OT1/cmr/m/n/12 Ophiodon elon-ga-
 []

[16] [17]
Underfull \hbox (badness 5064) in paragraph at lines 66--66
[]|\OT1/cmr/m/n/12 Platichthys stel-la-
 []

[18] [19]) [20] (./RSC-plot-final-report.aux (./Table.aux)) ) 
Here is how much of TeX's memory you used:
 2287 strings out of 495061
 31873 string characters out of 1182621
 108617 words of memory out of 3000000
 5446 multiletter control sequences out of 15000+50000
 5756 words of font info for 21 fonts, out of 3000000 for 9000
 28 hyphenation exceptions out of 8191
 32i,16n,37p,228b,393s stack positions out of 5000i,500n,10000p,200000b,50000s
</usr/share/texmf-
texlive/fonts/type1/public/amsfonts/cm/cmbx12.pfb></usr/share/texmf-texlive/fon
ts/type1/public/amsfonts/cm/cmr10.pfb></usr/share/texmf-texlive/fonts/type1/pub
lic/amsfonts/cm/cmr12.pfb></usr/share/texmf-texlive/fonts/type1/public/amsfonts
/cm/cmr17.pfb></usr/share/texmf-texlive/fonts/type1/public/amsfonts/cm/cmsy10.p
fb></usr/share/texmf-texlive/fonts/type1/public/amsfonts/cm/cmsy7.pfb>
Output written on RSC-plot-final-report.pdf (20 pages, 1340301 bytes).
PDF statistics:
 118 PDF objects out of 1000 (max. 8388607)
 0 named destinations out of 1000 (max. 500000)
 81 words of extra memory for PDF output out of 10000 (max. 10000000)

