This is pdfTeXk, Version 3.141592-1.40.3 (Web2C 7.5.6) (format=latex 2009.10.19)  4 JAN 2010 17:31
entering extended mode
 %&-line parsing enabled.
**./images.tex
(./images.tex
LaTeX2e <2005/12/01>
Babel <v3.8h> and hyphenation patterns for english, usenglishmax, dumylang, noh
yphenation, loaded.

(/usr/share/texmf-texlive/tex/latex/base/article.cls
Document Class: article 2005/09/16 v1.4f Standard LaTeX document class
(/usr/share/texmf-texlive/tex/latex/base/size12.clo
File: size12.clo 2005/09/16 v1.4f Standard LaTeX file (size option)
)
\c@part=\count79
\c@section=\count80
\c@subsection=\count81
\c@subsubsection=\count82
\c@paragraph=\count83
\c@subparagraph=\count84
\c@figure=\count85
\c@table=\count86
\abovecaptionskip=\skip41
\belowcaptionskip=\skip42
\bibindent=\dimen102
) (/usr/share/texmf-texlive/tex/latex/base/ifthen.sty
Package: ifthen 2001/05/26 v1.1c Standard LaTeX ifthen package (DPC)
) (/usr/share/texmf-texlive/tex/latex/natbib/natbib.sty
Package: natbib 2007/02/05 8.0 (PWD)
\bibhang=\skip43
\bibsep=\skip44
LaTeX Info: Redefining \cite on input line 602.
\c@NAT@ctr=\count87
) (/usr/share/texmf-texlive/tex/latex/ltxmisc/url.sty
\Urlmuskip=\muskip10
Package: url 2005/06/27  ver 3.2  Verb mode for urls, etc.
) (/usr/share/texmf-texlive/tex/latex/graphics/graphicx.sty
Package: graphicx 1999/02/16 v1.0f Enhanced LaTeX Graphics (DPC,SPQR)
(/usr/share/texmf-texlive/tex/latex/graphics/keyval.sty
Package: keyval 1999/03/16 v1.13 key=value parser (DPC)
\KV@toks@=\toks14
) (/usr/share/texmf-texlive/tex/latex/graphics/graphics.sty
Package: graphics 2006/02/20 v1.0o Standard LaTeX Graphics (DPC,SPQR)
(/usr/share/texmf-texlive/tex/latex/graphics/trig.sty
Package: trig 1999/03/16 v1.09 sin cos tan (DPC)
) (/etc/texmf/tex/latex/config/graphics.cfg
File: graphics.cfg 2007/01/18 v1.5 graphics configuration of teTeX/TeXLive
)
Package graphics Info: Driver file: dvips.def on input line 90.
(/usr/share/texmf-texlive/tex/latex/graphics/dvips.def
File: dvips.def 1999/02/16 v3.0i Driver-dependant file (DPC,SPQR)
))
\Gin@req@height=\dimen103
\Gin@req@width=\dimen104
) (/usr/share/texmf-texlive/tex/latex/lineno/lineno.sty
Package: lineno 2005/11/02 line numbers on paragraphs v4.41
\linenopenalty=\count88
\output=\toks15
\linenoprevgraf=\count89
\linenumbersep=\dimen105
\linenumberwidth=\dimen106
\c@linenumber=\count90
\c@pagewiselinenumber=\count91
\c@LN@truepage=\count92
\c@internallinenumber=\count93
\c@internallinenumbers=\count94
\quotelinenumbersep=\dimen107
\bframerule=\dimen108
\bframesep=\dimen109
\bframebox=\box26
LaTeX Info: Redefining \\ on input line 3056.
) (/usr/share/texmf-texlive/tex/latex/paralist/paralist.sty
Package: paralist 2002/03/18 v2.3b Extended list environments (BS)
\pltopsep=\skip45
\plpartopsep=\skip46
\plitemsep=\skip47
\plparsep=\skip48
\pl@lab=\toks16
) (/usr/share/texmf-texlive/tex/latex/comment/comment.sty
\CommentStream=\write3
Excluding comment 'comment') (/usr/share/texmf-texlive/tex/latex/graphics/color
.sty
Package: color 2005/11/14 v1.0j Standard LaTeX Color (DPC)
(/etc/texmf/tex/latex/config/color.cfg
File: color.cfg 2007/01/18 v1.5 color configuration of teTeX/TeXLive
)
Package color Info: Driver file: dvips.def on input line 130.
(/usr/share/texmf-texlive/tex/latex/graphics/dvipsnam.def
File: dvipsnam.def 1999/02/16 v3.0i Driver-dependant file (DPC,SPQR)
)) (/usr/share/texmf-texlive/tex/latex/base/inputenc.sty
Package: inputenc 2006/05/05 v1.1b Input encoding file
\inpenc@prehook=\toks17
\inpenc@posthook=\toks18
(/usr/share/texmf-texlive/tex/latex/base/latin1.def
File: latin1.def 2006/05/05 v1.1b Input encoding file
))
\sizebox=\box27
\lthtmlwrite=\write4
(./images.aux)
\openout1 = `images.aux'.

LaTeX Font Info:    Checking defaults for OML/cmm/m/it on input line 133.
LaTeX Font Info:    ... okay on input line 133.
LaTeX Font Info:    Checking defaults for T1/cmr/m/n on input line 133.
LaTeX Font Info:    ... okay on input line 133.
LaTeX Font Info:    Checking defaults for OT1/cmr/m/n on input line 133.
LaTeX Font Info:    ... okay on input line 133.
LaTeX Font Info:    Checking defaults for OMS/cmsy/m/n on input line 133.
LaTeX Font Info:    ... okay on input line 133.
LaTeX Font Info:    Checking defaults for OMX/cmex/m/n on input line 133.
LaTeX Font Info:    ... okay on input line 133.
LaTeX Font Info:    Checking defaults for U/cmr/m/n on input line 133.
LaTeX Font Info:    ... okay on input line 133.

(/newhome/home/srdbadmin/SQLpg/srdb/trunk/projects/fishandfisheries/tex/fishfis
heries-references-cm.aux

Package natbib Warning: Citation `Barbrook:Howe:Blake:Robinson:1998:nature' mul
tiply defined.


Package natbib Warning: Citation `branch:2008:marpol' multiply defined.


Package natbib Warning: Citation `deMutsert:etal:2008:pnas' multiply defined.


Package natbib Warning: Citation `Dorn:2002:najfm' multiply defined.


Package natbib Warning: Citation `Essington:etal:2006:procnatacadsci' multiply 
defined.


Package natbib Warning: Citation `eea:2009:status' multiply defined.


Package natbib Warning: Citation `FAO:fishstat' multiply defined.


Package natbib Warning: Citation `Frank:etal:2005:science' multiply defined.


Package natbib Warning: Citation `Froese:Pauly:2009:fishbase' multiply defined.



Package natbib Warning: Citation `Garvey:etal:2009:cjfas' multiply defined.


Package natbib Warning: Citation `Halpern:etal:2008:science' multiply defined.


Package natbib Warning: Citation `Harley:etal:2001:cjfas' multiply defined.


Package natbib Warning: Citation `Hilborn:1997:csiro' multiply defined.


Package natbib Warning: Citation `Hilborn:Walters:1992' multiply defined.


Package natbib Warning: Citation `Hilborn:2007:science' multiply defined.


Package natbib Warning: Citation `Hutchings:2000:nature' multiply defined.


Package natbib Warning: Citation `Hutchings:2001:jfishb' multiply defined.


Package natbib Warning: Citation `Hutchings:Myers:1994:cjfas' multiply defined.



Package natbib Warning: Citation `Hutchings:Reynolds:2004:biosci' multiply defi
ned.


Package natbib Warning: Citation `Johannes:2002:arees' multiply defined.


Package natbib Warning: Citation `Liermann:Hilborn:1997:cjfas' multiply defined
.


Package natbib Warning: Citation `Mace:1994:cjfas' multiply defined.


Package natbib Warning: Citation `Minto:etal:2008:nature' multiply defined.


Package natbib Warning: Citation `Murawski:Methot:Tromble:2007:science' multipl
y defined.


Package natbib Warning: Citation `Myers:2001:ices' multiply defined.


Package natbib Warning: Citation `Myers:Barrowman:1996:fishbull' multiply defin
ed.


Package natbib Warning: Citation `Myers:etal:2002:najfm' multiply defined.


Package natbib Warning: Citation `Myers:etal:1995:science' multiply defined.


Package natbib Warning: Citation `Myers:etal:2007:science' multiply defined.


Package natbib Warning: Citation `Myers:etal:1999:cjfas' multiply defined.


Package natbib Warning: Citation `Myers:etal:1995:summary' multiply defined.


Package natbib Warning: Citation `NMFS:2008:status' multiply defined.


Package natbib Warning: Citation `NZMF:2009' multiply defined.


Package natbib Warning: Citation `Newton:etal:2007:currentbiol' multiply define
d.


Package natbib Warning: Citation `Pauly:etal:1998' multiply defined.


Package natbib Warning: Citation `Polacheck:2006:marpol' multiply defined.


Package natbib Warning: Citation `postgresql:2009' multiply defined.


Package natbib Warning: Citation `Rice:etal:2003:icescm' multiply defined.


Package natbib Warning: Citation `Sibert:etal:2006:science' multiply defined.


Package natbib Warning: Citation `Walters:2003:cjfas' multiply defined.


Package natbib Warning: Citation `Watson:etal:2005:fandf' multiply defined.


Package natbib Warning: Citation `Wilberg:Miller:2007:science' multiply defined
.


Package natbib Warning: Citation `Wilson:etal:2009:status' multiply defined.


Package natbib Warning: Citation `Worm:etal:2006:science' multiply defined.


Package natbib Warning: Citation `Worm:etal:2009:science' multiply defined.

)

latex2htmlLength hsize=349.0pt

latex2htmlLength vsize=632.5pt

latex2htmlLength hoffset=0.0pt

latex2htmlLength voffset=0.0pt

latex2htmlLength topmargin=0.0pt

latex2htmlLength topskip=0.00003pt

latex2htmlLength headheight=0.0pt

latex2htmlLength headsep=0.0pt

latex2htmlLength parskip=0.0pt plus 1.0pt

latex2htmlLength oddsidemargin=39.0pt

latex2htmlLength evensidemargin=39.0pt

LaTeX Font Info:    External font `cmex10' loaded for size
(Font)              <12> on input line 157.
LaTeX Font Info:    External font `cmex10' loaded for size
(Font)              <8> on input line 157.
LaTeX Font Info:    External font `cmex10' loaded for size
(Font)              <6> on input line 157.
l2hSize :tex2html_wrap_inline75:8.07693pt::0.0pt::5.33759pt.
[1



]
l2hSize :inparaenum42:96.0pt::3.0pt::349.0pt.
[2


]
l2hSize :tex2html_wrap_inline77:8.25pt::8.25pt::25.00404pt.
[3


]

Package natbib Warning: There were multiply defined citations.

(./images.aux) ) 
Here is how much of TeX's memory you used:
 1603 strings out of 95087
 21735 string characters out of 1183277
 68338 words of memory out of 1500000
 4792 multiletter control sequences out of 10000+50000
 6723 words of font info for 24 fonts, out of 1200000 for 2000
 28 hyphenation exceptions out of 8191
 25i,5n,32p,508b,178s stack positions out of 5000i,500n,6000p,200000b,5000s

Output written on images.dvi (3 pages, 1472 bytes).
