This is pdfTeX, Version 3.1415926-1.40.10 (TeX Live 2009/Debian) (format=pdflatex 2010.5.25)  3 AUG 2010 10:04
entering extended mode
 restricted \write18 enabled.
 %&-line parsing enabled.
**fishandfisheries-finaldraft
(./fishandfisheries-finaldraft.tex
LaTeX2e <2009/09/24>
Babel <v3.8l> and hyphenation patterns for english, usenglishmax, dumylang, noh
yphenation, loaded.
(./myelsarticle.cls

LaTeX Warning: You have requested document class `myelsarticle',
               but the document class provides `elsarticle'.

Document Class: elsarticle 2009/09/17, 1.2.0: Elsevier Ltd
\@bls=\dimen102
(/usr/share/texmf-texlive/tex/latex/base/article.cls
Document Class: article 2007/10/19 v1.4h Standard LaTeX document class
(/usr/share/texmf-texlive/tex/latex/base/size12.clo
File: size12.clo 2007/10/19 v1.4h Standard LaTeX file (size option)
)
\c@part=\count79
\c@section=\count80
\c@subsection=\count81
\c@subsubsection=\count82
\c@paragraph=\count83
\c@subparagraph=\count84
\c@figure=\count85
\c@table=\count86
\abovecaptionskip=\skip41
\belowcaptionskip=\skip42
\bibindent=\dimen103
)
(/usr/share/texmf-texlive/tex/latex/graphics/graphicx.sty
Package: graphicx 1999/02/16 v1.0f Enhanced LaTeX Graphics (DPC,SPQR)

(/usr/share/texmf-texlive/tex/latex/graphics/keyval.sty
Package: keyval 1999/03/16 v1.13 key=value parser (DPC)
\KV@toks@=\toks14
)
(/usr/share/texmf-texlive/tex/latex/graphics/graphics.sty
Package: graphics 2009/02/05 v1.0o Standard LaTeX Graphics (DPC,SPQR)

(/usr/share/texmf-texlive/tex/latex/graphics/trig.sty
Package: trig 1999/03/16 v1.09 sin cos tan (DPC)
)
(/etc/texmf/tex/latex/config/graphics.cfg
File: graphics.cfg 2009/08/28 v1.8 graphics configuration of TeX Live
)
Package graphics Info: Driver file: pdftex.def on input line 91.

(/usr/share/texmf-texlive/tex/latex/pdftex-def/pdftex.def
File: pdftex.def 2009/08/25 v0.04m Graphics/color for pdfTeX
\Gread@gobject=\count87
))
\Gin@req@height=\dimen104
\Gin@req@width=\dimen105
)
(/usr/share/texmf-texlive/tex/latex/psnfss/pifont.sty
Package: pifont 2005/04/12 PSNFSS-v9.2a Pi font support (SPQR) 
LaTeX Font Info:    Try loading font information for U+pzd on input line 63.

(/usr/share/texmf-texlive/tex/latex/psnfss/upzd.fd
File: upzd.fd 2001/06/04 font definitions for U/pzd.
)
LaTeX Font Info:    Try loading font information for U+psy on input line 64.

(/usr/share/texmf-texlive/tex/latex/psnfss/upsy.fd
File: upsy.fd 2001/06/04 font definitions for U/psy.
))
\c@tnote=\count88
\c@fnote=\count89
\c@cnote=\count90
\c@ead=\count91
\c@author=\count92
\@eadauthor=\toks15
\c@affn=\count93
\absbox=\box26
\keybox=\box27
\Columnwidth=\dimen106
\space@left=\dimen107
\els@boxa=\box28
\els@boxb=\box29
\leftMargin=\dimen108
\@enLab=\toks16
\@sep=\skip43
\@@sep=\skip44

(./fishandfisheries-finaldraft.spl)
(/usr/share/texmf-texlive/tex/latex/natbib/natbib.sty
Package: natbib 2009/07/16 8.31 (PWD, AO)
\bibhang=\skip45
\bibsep=\skip46
LaTeX Info: Redefining \cite on input line 694.
\c@NAT@ctr=\count94
)
\splwrite=\write3
\openout3 = `fishandfisheries-finaldraft.spl'.

)
(/usr/share/texmf-texlive/tex/latex/amsfonts/amssymb.sty
Package: amssymb 2009/06/22 v3.00

(/usr/share/texmf-texlive/tex/latex/amsfonts/amsfonts.sty
Package: amsfonts 2009/06/22 v3.00 Basic AMSFonts support
\@emptytoks=\toks17
\symAMSa=\mathgroup4
\symAMSb=\mathgroup5
LaTeX Font Info:    Overwriting math alphabet `\mathfrak' in version `bold'
(Font)                  U/euf/m/n --> U/euf/b/n on input line 96.
))
(/usr/share/texmf-texlive/tex/latex/oberdiek/pdflscape.sty
Package: pdflscape 2008/08/11 v0.10 Landscape pages in PDF (HO)

(/usr/share/texmf-texlive/tex/latex/graphics/lscape.sty
Package: lscape 2000/10/22 v3.01 Landscape Pages (DPC)
)
(/usr/share/texmf-texlive/tex/generic/oberdiek/ifpdf.sty
Package: ifpdf 2009/04/10 v2.0 Provides the ifpdf switch (HO)
Package ifpdf Info: pdfTeX in pdf mode detected.
)
Package pdflscape Info: Auto-detected driver: pdftex on input line 75.

(/usr/share/texmf-texlive/tex/generic/ifxetex/ifxetex.sty
Package: ifxetex 2009/01/23 v0.5 Provides ifxetex conditional
))
(/usr/share/texmf-texlive/tex/latex/tools/longtable.sty
Package: longtable 2004/02/01 v4.11 Multi-page Table package (DPC)
\LTleft=\skip47
\LTright=\skip48
\LTpre=\skip49
\LTpost=\skip50
\LTchunksize=\count95
\LTcapwidth=\dimen109
\LT@head=\box30
\LT@firsthead=\box31
\LT@foot=\box32
\LT@lastfoot=\box33
\LT@cols=\count96
\LT@rows=\count97
\c@LT@tables=\count98
\c@LT@chunks=\count99
\LT@p@ftn=\toks18
)
(/usr/share/texmf-texlive/tex/latex/paralist/paralist.sty
Package: paralist 2002/03/18 v2.3b Extended list environments (BS)
\pltopsep=\skip51
\plpartopsep=\skip52
\plitemsep=\skip53
\plparsep=\skip54
\pl@lab=\toks19
)
(/usr/share/texmf-texlive/tex/latex/comment/comment.sty
\CommentStream=\write4

Excluding comment 'comment')
(/usr/share/texmf-texlive/tex/latex/graphics/color.sty
Package: color 2005/11/14 v1.0j Standard LaTeX Color (DPC)

(/etc/texmf/tex/latex/config/color.cfg
File: color.cfg 2007/01/18 v1.5 color configuration of teTeX/TeXLive
)
Package color Info: Driver file: pdftex.def on input line 130.
)
(/usr/share/texmf-texlive/tex/latex/geometry/geometry.sty
Package: geometry 2008/12/21 v4.2 Page Geometry

(/usr/share/texmf-texlive/tex/generic/oberdiek/ifvtex.sty
Package: ifvtex 2008/11/04 v1.4 Switches for detecting VTeX and its modes (HO)
Package ifvtex Info: VTeX not detected.
)
\Gm@cnth=\count100
\Gm@cntv=\count101
\c@Gm@tempcnt=\count102
\Gm@bindingoffset=\dimen110
\Gm@wd@mp=\dimen111
\Gm@odd@mp=\dimen112
\Gm@even@mp=\dimen113
\Gm@dimlist=\toks20
)
(/usr/share/texmf-texlive/tex/latex/booktabs/booktabs.sty
Package: booktabs 2005/04/14 v1.61803 publication quality tables
\heavyrulewidth=\dimen114
\lightrulewidth=\dimen115
\cmidrulewidth=\dimen116
\belowrulesep=\dimen117
\belowbottomsep=\dimen118
\aboverulesep=\dimen119
\abovetopsep=\dimen120
\cmidrulesep=\dimen121
\cmidrulekern=\dimen122
\defaultaddspace=\dimen123
\@cmidla=\count103
\@cmidlb=\count104
\@aboverulesep=\dimen124
\@belowrulesep=\dimen125
\@thisruleclass=\count105
\@lastruleclass=\count106
\@thisrulewidth=\dimen126
)
(/usr/share/texmf-texlive/tex/latex/ltxmisc/url.sty
\Urlmuskip=\muskip10
Package: url 2006/04/12  ver 3.3  Verb mode for urls, etc.
)
(./fishandfisheries-finaldraft.aux (./temptable.aux) (./Figures.aux))
\openout1 = `fishandfisheries-finaldraft.aux'.

LaTeX Font Info:    Checking defaults for OML/cmm/m/it on input line 29.
LaTeX Font Info:    ... okay on input line 29.
LaTeX Font Info:    Checking defaults for T1/cmr/m/n on input line 29.
LaTeX Font Info:    ... okay on input line 29.
LaTeX Font Info:    Checking defaults for OT1/cmr/m/n on input line 29.
LaTeX Font Info:    ... okay on input line 29.
LaTeX Font Info:    Checking defaults for OMS/cmsy/m/n on input line 29.
LaTeX Font Info:    ... okay on input line 29.
LaTeX Font Info:    Checking defaults for OMX/cmex/m/n on input line 29.
LaTeX Font Info:    ... okay on input line 29.
LaTeX Font Info:    Checking defaults for U/cmr/m/n on input line 29.
LaTeX Font Info:    ... okay on input line 29.

(/usr/share/texmf-texlive/tex/context/base/supp-pdf.mkii
[Loading MPS to PDF converter (version 2006.09.02).]
\scratchcounter=\count107
\scratchdimen=\dimen127
\scratchbox=\box34
\nofMPsegments=\count108
\nofMParguments=\count109
\everyMPshowfont=\toks21
\MPscratchCnt=\count110
\MPscratchDim=\dimen128
\MPnumerator=\count111
\everyMPtoPDFconversion=\toks22
)
*geometry auto-detecting driver*
*geometry detected driver: pdftex*
-------------------- Geometry parameters
paper: letterpaper
landscape: --
twocolumn: --
twoside: --
asymmetric: --
h-parts: 85.35826pt, 443.57848pt, 85.35826pt
v-parts: 85.35826pt, 624.25346pt, 85.35826pt
hmarginratio: --
vmarginratio: --
lines: --
heightrounded: --
bindingoffset: 0.0pt
truedimen: --
includehead: --
includefoot: --
includemp: --
driver: pdftex
-------------------- Page layout dimensions and switches
\paperwidth  614.295pt
\paperheight 794.96999pt
\textwidth  443.57848pt
\textheight 624.25346pt
\oddsidemargin  13.08827pt
\evensidemargin 13.08827pt
\topmargin  13.08827pt
\headheight 0.0pt
\headsep    0.0pt
\footskip   30.0pt
\marginparwidth 44.0pt
\marginparsep   10.0pt
\columnsep  10.0pt
\skip\footins  24.0pt
\hoffset 0.0pt
\voffset 0.0pt
\mag 1000

(1in=72.27pt, 1cm=28.45pt)
-----------------------
LaTeX Font Info:    Try loading font information for U+msa on input line 93.
(/usr/share/texmf-texlive/tex/latex/amsfonts/umsa.fd
File: umsa.fd 2009/06/22 v3.00 AMS symbols A
)
LaTeX Font Info:    Try loading font information for U+msb on input line 93.

(/usr/share/texmf-texlive/tex/latex/amsfonts/umsb.fd
File: umsb.fd 2009/06/22 v3.00 AMS symbols B
) [1


{/var/lib/texmf/fonts/map/pdftex/updmap/pdftex.map}] (./abstract-dynamic.tex) [
2] [3]
Overfull \hbox (2.842pt too wide) in paragraph at lines 160--172
\OT1/cmr/m/n/12 recruitment re-la-tion-ships, and CPUE com-ing from dif-fer-ent
 fish-eries and/or from fishery-
 []

[4]
Overfull \hbox (0.78915pt too wide) in paragraph at lines 220--238
\OT1/cmr/m/n/12 sess-ment database con-tain-ing bi-o-log-i-cal ref-er-ence poin
ts (BRPs, e.g., the to-tal/spawning
 []

[5]
Overfull \hbox (1.06702pt too wide) in paragraph at lines 252--263
[]\OT1/cmr/m/n/12 We use the new RAM Legacy database (Ver-sion 1.0, 2010) to ev
al-u-ate the knowledge-
 []

[6] [7] [8] [9] [10] [11] (./results-dynamic.tex [12] [13] [14] [15]
Overfull \hbox (165.58249pt too wide) in paragraph at lines 224--247
\OT1/cmr/m/n/12 stocks (man-aged by ICES) have biomasses less than $\OML/cmm/m/
it/12 B[]$ \OT1/cmr/m/n/12 (REF:SQL:PERCENTASSESSFRIEDBELOWBMSYICES%),
 []


Overfull \hbox (95.71056pt too wide) in paragraph at lines 224--247
\OT1/cmr/m/n/12 and over half of these stocks (REF:SQL:PERCENTASSESSFRIEDBELBMS
YANDABOVEFMSYICES%)
 []


Overfull \hbox (150.68265pt too wide) in paragraph at lines 224--247
\OT1/cmr/m/n/12 stocks man-aged by MFish and AFMA are above $\OML/cmm/m/it/12 B
[]$ \OT1/cmr/m/n/12 in REF:SQL:PERCENTASSESSFRIEDABOVEBMSYMFish%
 []


Overfull \hbox (149.41966pt too wide) in paragraph at lines 224--247
\OT1/cmr/m/n/12 For the stocks grouped as ``At-lantic'' in Fig-ure 6[] we found
 that REF:SQL:NUMASSESSFRIEDBELOWBMSYICCAT
 []


Overfull \hbox (206.08878pt too wide) in paragraph at lines 224--247
\OT1/cmr/m/n/12 of the REF:SQL:NUMASSESSFRIEDTOTALICCAT IC-CAT stocks and REF:S
QL:NUMASSESSFRIEDBELOWBMSYICCAT
 []

[16]) [17] [18] [19] [20] [21] [22] [23] [24]
(./fishandfisheries-finaldraft.bbl [25] [26] [27] [28]
Underfull \hbox (badness 10000) in paragraph at lines 301--303
[]\OT1/cmr/m/n/12 New Zealand Min-istry of Fish-eries (2009).  Stock Sta-tus
 []


Underfull \hbox (badness 3219) in paragraph at lines 345--347
[]\OT1/cmr/m/n/12 PostgreSQL Global De-vel-op-ment Group (2010).  Post-greSQL, 
ver-sion 8.4.4.
 []

[29] [30]) [31]
\openout2 = `temptable.aux'.

 (./temptable.tex
Underfull \hbox (badness 10000) in paragraph at lines 12--12
[]\OT1/cmr/m/n/12 South African na-tional
 []


Underfull \hbox (badness 10000) in paragraph at lines 13--13
[]\OT1/cmr/m/n/12 Department of Fish-eries
 []


Underfull \hbox (badness 10000) in paragraph at lines 14--14
[]\OT1/cmr/m/n/12 Inter-American Trop-i-cal
 []


Underfull \hbox (badness 10000) in paragraph at lines 15--15
[]\OT1/cmr/m/n/12 International Com-mis-sion
 []


Underfull \hbox (badness 6575) in paragraph at lines 15--15
\OT1/cmr/m/n/12 for the Con-ser-va-tion of
 []


Underfull \hbox (badness 5231) in paragraph at lines 16--16
[]\OT1/cmr/m/n/12 International Coun-cil for
 []


Underfull \hbox (badness 3019) in paragraph at lines 19--19
[]\OT1/cmr/m/n/12 International Pa-cific Hal-
 []


Underfull \hbox (badness 4927) in paragraph at lines 21--21
[]\OT1/cmr/m/n/12 Northwest At-lantic Fish-
 []


Underfull \hbox (badness 1270) in paragraph at lines 22--22
[]\OT1/cmr/m/n/12 National Ma-rine Fish-eries
 []


Underfull \hbox (badness 2828) in paragraph at lines 23--23
[]\OT1/cmr/m/n/12 Russian Fed-eral Fish-eries
 []


Underfull \hbox (badness 10000) in paragraph at lines 25--25
[]\OT1/cmr/m/n/12 Unknown man-age-ment
 []


LaTeX Warning: Float too large for page by 241.54756pt on input line 31.

) [32]
Underfull \hbox (badness 10000) in paragraph at lines 888--888
[]|\OT1/cmr/m/it/12 Stock
 []


Overfull \hbox (14.03404pt too wide) in paragraph at lines 888--888
[]|\OT1/cmr/m/it/12 Individual
 []


Underfull \hbox (badness 10000) in paragraph at lines 888--888
\OT1/cmr/m/it/12 species
 []


Underfull \hbox (badness 10000) in paragraph at lines 888--888
[]|\OT1/cmr/m/it/12 Species (Com-mon name,
 []


Underfull \hbox (badness 10000) in paragraph at lines 888--888
\OT1/cmr/m/it/12 Latin name) or higher
 []


Underfull \hbox (badness 10000) in paragraph at lines 888--888
[]|\OT1/cmr/m/it/12 In
 []


Underfull \hbox (badness 10000) in paragraph at lines 888--888
[]|\OT1/cmr/m/it/12 Reason
 []


Underfull \hbox (badness 10000) in paragraph at lines 888--888
\OT1/cmr/m/it/12 if not
 []


Underfull \hbox (badness 10000) in paragraph at lines 890--890
[]|\OT1/cmr/m/it/12 Stock
 []


Underfull \hbox (badness 10000) in paragraph at lines 890--890
[]|\OT1/cmr/m/it/12 Stock
 []


Underfull \hbox (badness 10000) in paragraph at lines 890--890
\OT1/cmr/m/it/12 Num-
 []


Underfull \hbox (badness 10000) in paragraph at lines 890--890
[]|\OT1/cmr/m/it/12 Species (Com-mon name,
 []


Underfull \hbox (badness 10000) in paragraph at lines 890--890
\OT1/cmr/m/it/12 Latin name) or higher
 []


Underfull \hbox (badness 10000) in paragraph at lines 890--890
[]|\OT1/cmr/m/it/12 In
 []


Underfull \hbox (badness 10000) in paragraph at lines 890--890
[]|\OT1/cmr/m/it/12 Reason
 []


Underfull \hbox (badness 10000) in paragraph at lines 890--890
\OT1/cmr/m/it/12 if not
 []


Underfull \hbox (badness 10000) in paragraph at lines 891--891
[]|\OT1/cmr/m/n/12 Peruvian an-choveta, \OT1/cmr/m/it/12 En-
 []


Underfull \hbox (badness 10000) in paragraph at lines 894--894
[]|\OT1/cmr/m/n/12 Alaska pol-lock, \OT1/cmr/m/it/12 Ther-a-gra
 []


Underfull \hbox (badness 10000) in paragraph at lines 896--896
[]|\OT1/cmr/m/n/12 Atlantic her-ring, \OT1/cmr/m/it/12 Clu-pea
 []


Underfull \hbox (badness 10000) in paragraph at lines 897--897
[]|\OT1/cmr/m/n/12 Alaska pol-lock, \OT1/cmr/m/it/12 Ther-a-gra
 []


Underfull \hbox (badness 10000) in paragraph at lines 906--906
[]|\OT1/cmr/m/n/12 Alaska pol-lock, \OT1/cmr/m/it/12 Ther-a-gra
 []


Underfull \hbox (badness 10000) in paragraph at lines 907--907
[]|\OT1/cmr/m/n/12 Argentinean short-finned
 []


Underfull \hbox (badness 1024) in paragraph at lines 910--910
[]|\OT1/cmr/m/n/12 Araucanian her-ring, \OT1/cmr/m/it/12 Stran-
 []


Underfull \hbox (badness 10000) in paragraph at lines 912--912
[]|\OT1/cmr/m/n/12 European sprat, \OT1/cmr/m/it/12 Sprat-tus
 []


Underfull \hbox (badness 10000) in paragraph at lines 913--913
[]|\OT1/cmr/m/n/12 Atlantic her-ring, \OT1/cmr/m/it/12 Clu-pea
 []


Underfull \hbox (badness 10000) in paragraph at lines 914--914
[]|\OT1/cmr/m/n/12 Alaska pol-lock, \OT1/cmr/m/it/12 Ther-a-gra
 []


Underfull \hbox (badness 10000) in paragraph at lines 916--916
[]|\OT1/cmr/m/n/12 Atlantic her-ring, \OT1/cmr/m/it/12 Clu-pea
 []


Underfull \hbox (badness 10000) in paragraph at lines 921--921
[]|\OT1/cmr/m/n/12 Chub mack-erel, \OT1/cmr/m/it/12 Scomber
 []


Underfull \hbox (badness 10000) in paragraph at lines 929--929
[]|\OT1/cmr/m/n/12 Alaska pol-lock, \OT1/cmr/m/it/12 Ther-a-gra
 []

[33



] [34] [35] [36] [37]
\openout2 = `Figures.aux'.

 (./Figures.tex
Underfull \hbox (badness 10000) in paragraph at lines 4--6

 []


Underfull \hbox (badness 10000) in paragraph at lines 7--19

 []


Underfull \hbox (badness 10000) in paragraph at lines 20--27

 []


Underfull \hbox (badness 10000) in paragraph at lines 30--43

 []

[38


]
Underfull \hbox (badness 10000) in paragraph at lines 44--51

 []


Underfull \hbox (badness 10000) in paragraph at lines 52--56

 []

[39]
</home/srdbadmin/srdb/projects/fishandfisheries/GMT/stocks-byLME.pdf, id=143, 8
45.1575pt x 597.23125pt>
File: /home/srdbadmin/srdb/projects/fishandfisheries/GMT/stocks-byLME.pdf Graph
ic file (type pdf)

<use /home/srdbadmin/srdb/projects/fishandfisheries/GMT/stocks-byLME.pdf>
</home/srdbadmin/srdb/projects/fishandfisheries/R/srdb-by-assessment.pdf, id=14
4, 722.7pt x 722.7pt>
File: /home/srdbadmin/srdb/projects/fishandfisheries/R/srdb-by-assessment.pdf G
raphic file (type pdf)

<use /home/srdbadmin/srdb/projects/fishandfisheries/R/srdb-by-assessment.pdf>
Overfull \hbox (98.44652pt too wide) in paragraph at lines 70--71
 [] 
 []


</home/srdbadmin/srdb/projects/fishandfisheries/R/three_panel_phylo.pdf, id=145
, 433.62pt x 722.7pt>
File: /home/srdbadmin/srdb/projects/fishandfisheries/R/three_panel_phylo.pdf Gr
aphic file (type pdf)

<use /home/srdbadmin/srdb/projects/fishandfisheries/R/three_panel_phylo.pdf>

LaTeX Warning: Float too large for page by 105.25597pt on input line 81.

[40 </home/srdbadmin/srdb/projects/fishandfisheries/GMT/stocks-byLME.pdf, page 
is rotated 90 degrees>] [41 </home/srdbadmin/srdb/projects/fishandfisheries/R/s
rdb-by-assessment.pdf>] [42 </home/srdbadmin/srdb/projects/fishandfisheries/R/t
hree_panel_phylo.pdf>]
</home/srdbadmin/srdb/projects/fishandfisheries/R/orca_plot_v2.pdf, id=172, 483
.8075pt x 216.81pt>
File: /home/srdbadmin/srdb/projects/fishandfisheries/R/orca_plot_v2.pdf Graphic
 file (type pdf)

<use /home/srdbadmin/srdb/projects/fishandfisheries/R/orca_plot_v2.pdf>
[43 </home/srdbadmin/srdb/projects/fishandfisheries/R/orca_plot_v2.pdf>]
</home/srdbadmin/srdb/projects/fishandfisheries/R/friedegg-single.pdf, id=180, 
578.16pt x 722.7pt>
File: /home/srdbadmin/srdb/projects/fishandfisheries/R/friedegg-single.pdf Grap
hic file (type pdf)

<use /home/srdbadmin/srdb/projects/fishandfisheries/R/friedegg-single.pdf>
</home/srdbadmin/srdb/projects/fishandfisheries/R/friedegg-by-mgmt.pdf, id=181,
 578.16pt x 722.7pt>
File: /home/srdbadmin/srdb/projects/fishandfisheries/R/friedegg-by-mgmt.pdf Gra
phic file (type pdf)

<use /home/srdbadmin/srdb/projects/fishandfisheries/R/friedegg-by-mgmt.pdf>)
[44 </home/srdbadmin/srdb/projects/fishandfisheries/R/friedegg-single.pdf>]
[45 </home/srdbadmin/srdb/projects/fishandfisheries/R/friedegg-by-mgmt.pdf>]
(./fishandfisheries-finaldraft.aux (./temptable.aux) (./Figures.aux)) ) 
Here is how much of TeX's memory you used:
 2934 strings out of 495061
 41320 string characters out of 1182621
 123631 words of memory out of 3000000
 6036 multiletter control sequences out of 15000+50000
 12790 words of font info for 49 fonts, out of 3000000 for 9000
 28 hyphenation exceptions out of 8191
 32i,10n,34p,677b,334s stack positions out of 5000i,500n,10000p,200000b,50000s
</usr/sh
are/texmf-texlive/fonts/type1/public/amsfonts/cm/cmbx12.pfb></usr/share/texmf-t
exlive/fonts/type1/public/amsfonts/cm/cmex10.pfb></usr/share/texmf-texlive/font
s/type1/public/amsfonts/cm/cmmi12.pfb></usr/share/texmf-texlive/fonts/type1/pub
lic/amsfonts/cm/cmmi6.pfb></usr/share/texmf-texlive/fonts/type1/public/amsfonts
/cm/cmmi8.pfb></usr/share/texmf-texlive/fonts/type1/public/amsfonts/cm/cmr10.pf
b></usr/share/texmf-texlive/fonts/type1/public/amsfonts/cm/cmr12.pfb></usr/shar
e/texmf-texlive/fonts/type1/public/amsfonts/cm/cmr17.pfb></usr/share/texmf-texl
ive/fonts/type1/public/amsfonts/cm/cmr7.pfb></usr/share/texmf-texlive/fonts/typ
e1/public/amsfonts/cm/cmr8.pfb></usr/share/texmf-texlive/fonts/type1/public/ams
fonts/cm/cmsy10.pfb></usr/share/texmf-texlive/fonts/type1/public/amsfonts/cm/cm
sy7.pfb></usr/share/texmf-texlive/fonts/type1/public/amsfonts/cm/cmsy8.pfb></us
r/share/texmf-texlive/fonts/type1/public/amsfonts/cm/cmti10.pfb></usr/share/tex
mf-texlive/fonts/type1/public/amsfonts/cm/cmti12.pfb></usr/share/texmf-texlive/
fonts/type1/public/amsfonts/cm/cmti7.pfb></usr/share/texmf-texlive/fonts/type1/
public/amsfonts/cm/cmtt10.pfb></usr/share/texmf-texlive/fonts/type1/public/amsf
onts/symbols/msam10.pfb>
Output written on fishandfisheries-finaldraft.pdf (45 pages, 1501938 bytes).
PDF statistics:
 254 PDF objects out of 1000 (max. 8388607)
 0 named destinations out of 1000 (max. 500000)
 31 words of extra memory for PDF output out of 10000 (max. 10000000)

