This is pdfTeXk, Version 3.141592-1.40.3 (Web2C 7.5.6) (format=pdflatex 2009.10.19)  8 JAN 2010 15:25
entering extended mode
 %&-line parsing enabled.
**fishfisheries-references.tex
(./fishfisheries-references.tex
LaTeX2e <2005/12/01>
Babel <v3.8h> and hyphenation patterns for english, usenglishmax, dumylang, noh
yphenation, loaded.
(/usr/share/texmf-texlive/tex/latex/base/article.cls
Document Class: article 2005/09/16 v1.4f Standard LaTeX document class
(/usr/share/texmf-texlive/tex/latex/base/size12.clo
File: size12.clo 2005/09/16 v1.4f Standard LaTeX file (size option)
)
\c@part=\count79
\c@section=\count80
\c@subsection=\count81
\c@subsubsection=\count82
\c@paragraph=\count83
\c@subparagraph=\count84
\c@figure=\count85
\c@table=\count86
\abovecaptionskip=\skip41
\belowcaptionskip=\skip42
\bibindent=\dimen102
)
(/usr/share/texmf-texlive/tex/latex/natbib/natbib.sty
Package: natbib 2007/02/05 8.0 (PWD)
\bibhang=\skip43
\bibsep=\skip44
LaTeX Info: Redefining \cite on input line 602.
\c@NAT@ctr=\count87
)
(/usr/share/texmf-texlive/tex/latex/ltxmisc/url.sty
\Urlmuskip=\muskip10
Package: url 2005/06/27  ver 3.2  Verb mode for urls, etc.
)
(/usr/share/texmf-texlive/tex/latex/graphics/graphicx.sty
Package: graphicx 1999/02/16 v1.0f Enhanced LaTeX Graphics (DPC,SPQR)

(/usr/share/texmf-texlive/tex/latex/graphics/keyval.sty
Package: keyval 1999/03/16 v1.13 key=value parser (DPC)
\KV@toks@=\toks14
)
(/usr/share/texmf-texlive/tex/latex/graphics/graphics.sty
Package: graphics 2006/02/20 v1.0o Standard LaTeX Graphics (DPC,SPQR)

(/usr/share/texmf-texlive/tex/latex/graphics/trig.sty
Package: trig 1999/03/16 v1.09 sin cos tan (DPC)
)
(/etc/texmf/tex/latex/config/graphics.cfg
File: graphics.cfg 2007/01/18 v1.5 graphics configuration of teTeX/TeXLive
)
Package graphics Info: Driver file: pdftex.def on input line 90.

(/usr/share/texmf-texlive/tex/latex/pdftex-def/pdftex.def
File: pdftex.def 2007/01/08 v0.04d Graphics/color for pdfTeX
\Gread@gobject=\count88
))
\Gin@req@height=\dimen103
\Gin@req@width=\dimen104
)
(/usr/share/texmf-texlive/tex/latex/lineno/lineno.sty
Package: lineno 2005/11/02 line numbers on paragraphs v4.41
\linenopenalty=\count89
\output=\toks15
\linenoprevgraf=\count90
\linenumbersep=\dimen105
\linenumberwidth=\dimen106
\c@linenumber=\count91
\c@pagewiselinenumber=\count92
\c@LN@truepage=\count93
\c@internallinenumber=\count94
\c@internallinenumbers=\count95
\quotelinenumbersep=\dimen107
\bframerule=\dimen108
\bframesep=\dimen109
\bframebox=\box26
LaTeX Info: Redefining \\ on input line 3056.
)
(/usr/share/texmf-texlive/tex/latex/paralist/paralist.sty
Package: paralist 2002/03/18 v2.3b Extended list environments (BS)
\pltopsep=\skip45
\plpartopsep=\skip46
\plitemsep=\skip47
\plparsep=\skip48
\pl@lab=\toks16
)
(/usr/share/texmf-texlive/tex/latex/comment/comment.sty
\CommentStream=\write3

Excluding comment 'comment') (./fishfisheries-references.aux (./Tables.aux)
(./Figures.aux) (./Supporting.aux))
\openout1 = `fishfisheries-references.aux'.

LaTeX Font Info:    Checking defaults for OML/cmm/m/it on input line 16.
LaTeX Font Info:    ... okay on input line 16.
LaTeX Font Info:    Checking defaults for T1/cmr/m/n on input line 16.
LaTeX Font Info:    ... okay on input line 16.
LaTeX Font Info:    Checking defaults for OT1/cmr/m/n on input line 16.
LaTeX Font Info:    ... okay on input line 16.
LaTeX Font Info:    Checking defaults for OMS/cmsy/m/n on input line 16.
LaTeX Font Info:    ... okay on input line 16.
LaTeX Font Info:    Checking defaults for OMX/cmex/m/n on input line 16.
LaTeX Font Info:    ... okay on input line 16.
LaTeX Font Info:    Checking defaults for U/cmr/m/n on input line 16.
LaTeX Font Info:    ... okay on input line 16.
LaTeX Font Info:    External font `cmex10' loaded for size
(Font)              <14.4> on input line 18.
LaTeX Font Info:    External font `cmex10' loaded for size
(Font)              <7> on input line 18.
LaTeX Font Info:    External font `cmex10' loaded for size
(Font)              <5> on input line 18.
 [1

{/var/lib/texmf/fonts/map/pdftex/updmap/pdftex.map}] [2] [3]

Package natbib Warning: Multiple citation on page 4: same authors and year
(natbib)                without distinguishing extra letter,
(natbib)                appears as question mark.

[4] [5] [6]
Overfull \hbox (5.49178pt too wide) in paragraph at lines 214--214
[]\OT1/cmr/bx/n/17.28 Methods - was ``The RAM Legacy database:
 []


Overfull \hbox (69.18135pt too wide) in paragraph at lines 239--260
\OT1/cmr/m/n/12 ment are the sub-mit-ted on-line (http://www.marinebiodiversity
.ca/RAMlegacy/ramlegacy-
 []

[7] [8] [9]
Overfull \hbox (7.47226pt too wide) in paragraph at lines 342--344
[]\OT1/cmr/m/n/12 number per man-age-ment unit, per coun-try, per multi-na-tion
al -transparency
 []

[10]
Overfull \hbox (3.30429pt too wide) in paragraph at lines 356--357
\OT1/cmr/m/n/12 Housing as-sess-ments in a Re-la-tional Database Man-age-ment S
ys-tem (RDBMS)
 []


Overfull \hbox (17.92651pt too wide) in paragraph at lines 356--357
\OT1/cmr/m/n/12 (SAS:SAS AC-CESS, Mat-lab: Mat-lab/Database, R:RDBI/RODBC, Perl
:DBI...).
 []

[11] [12] [13] [14] (./fishfisheries-references.bbl [15] [16]
Underfull \hbox (badness 10000) in paragraph at lines 218--222
[]\OT1/cmr/m/n/12 National Ma-rine Fish-eries Ser-vice (2008).  Sta-
 []


Underfull \hbox (badness 10000) in paragraph at lines 218--222
\OT1/cmr/m/n/12 tus of US Fish-eries 2007.  Tech. rep., NMFS.
 []


Underfull \hbox (badness 10000) in paragraph at lines 224--226
[]\OT1/cmr/m/n/12 New Zealand Min-istry of Fish-eries (2009).  Stock Sta-tus
 []

[17] [18]) [19]
\openout2 = `Tables.aux'.

 (./Tables.tex) [20

]
\openout2 = `Figures.aux'.

 (./Figures.tex
Underfull \hbox (badness 10000) in paragraph at lines 4--6

 []


Underfull \hbox (badness 10000) in paragraph at lines 7--17

 []

[21


]

pdfTeX warning: pdflatex (file /home/srdbadmin/SQLpg/srdb/trunk/projects/fishan
dfisheries/tex/LMEs-working.pdf): PDF inclusion: found PDF version <1.6>, but a
t most version <1.4> allowed

</home/srdbadmin/SQLpg/srdb/trunk/projects/fishandfisheries/tex/LMEs-working.pd
f, id=76, 614.295pt x 794.97pt>
File: /home/srdbadmin/SQLpg/srdb/trunk/projects/fishandfisheries/tex/LMEs-worki
ng.pdf Graphic file (type pdf)

<use /home/srdbadmin/SQLpg/srdb/trunk/projects/fishandfisheries/tex/LMEs-workin
g.pdf>
Overfull \hbox (36.79134pt too wide) in paragraph at lines 36--37
 [] 
 []


LaTeX Warning: Float too large for page by 44.65997pt on input line 39.


</home/srdbadmin/SQLpg/srdb/trunk/projects/fishandfisheries/R/orca_plot_v2.pdf,
 id=77, 483.8075pt x 216.81pt>
File: /home/srdbadmin/SQLpg/srdb/trunk/projects/fishandfisheries/R/orca_plot_v2
.pdf Graphic file (type pdf)

<use /home/srdbadmin/SQLpg/srdb/trunk/projects/fishandfisheries/R/orca_plot_v2.
pdf>
Overfull \hbox (36.79134pt too wide) in paragraph at lines 43--44
 [] 
 []


</home/srdbadmin/SQLpg/srdb/trunk/projects/fishandfisheries/R/four_panel_phylo.
pdf, id=78, 722.7pt x 722.7pt>
File: /home/srdbadmin/SQLpg/srdb/trunk/projects/fishandfisheries/R/four_panel_p
hylo.pdf Graphic file (type pdf)

<use /home/srdbadmin/SQLpg/srdb/trunk/projects/fishandfisheries/R/four_panel_ph
ylo.pdf>
Overfull \hbox (36.79134pt too wide) in paragraph at lines 50--51
 [] 
 []

) [22] [23 </home/srdbadmin/SQLpg/srdb/trunk/projects/fishandfisheries/tex/LMEs
-working.pdf>] [24 </home/srdbadmin/SQLpg/srdb/trunk/projects/fishandfisheries/
R/orca_plot_v2.pdf>] [25 </home/srdbadmin/SQLpg/srdb/trunk/projects/fishandfish
eries/R/four_panel_phylo.pdf>]
\openout2 = `Supporting.aux'.

 (./Supporting.tex
</home/srdbadmin/SQLpg/srdb/trunk/doc/srdb-ERD.pdf, id=112, 597.50786pt x 845.0
4686pt>
File: /home/srdbadmin/SQLpg/srdb/trunk/doc/srdb-ERD.pdf Graphic file (type pdf)

 <use /home/srdbadmin/SQLpg/srdb/trunk/doc/srdb-ERD.pdf>
Overfull \hbox (36.79134pt too wide) in paragraph at lines 5--6
 [] 
 []


LaTeX Warning: Float too large for page by 95.9441pt on input line 8.

) [26


] [27 </home/srdbadmin/SQLpg/srdb/trunk/doc/srdb-ERD.pdf

pdfTeX warning: pdflatex (file /home/srdbadmin/SQLpg/srdb/trunk/doc/srdb-ERD.pd
f): PDF inclusion: Page Group detected which pdfTeX can't handle. Ignoring it.
>] (./fishfisheries-references.aux (./Tables.aux) (./Figures.aux)
(./Supporting.aux)) ) 
Here is how much of TeX's memory you used:
 1383 strings out of 95086
 19314 string characters out of 1183254
 71909 words of memory out of 1500000
 4561 multiletter control sequences out of 10000+50000
 7318 words of font info for 26 fonts, out of 1200000 for 2000
 28 hyphenation exceptions out of 8191
 30i,11n,32p,1673b,302s stack positions out of 5000i,500n,6000p,200000b,5000s
</usr/share/texmf-texlive/fonts/type1/bluesky/cm/cmbx12.pf
b></usr/share/texmf-texlive/fonts/type1/bluesky/cm/cmr10.pfb></usr/share/texmf-
texlive/fonts/type1/bluesky/cm/cmr12.pfb></usr/share/texmf-texlive/fonts/type1/
bluesky/cm/cmr17.pfb></usr/share/texmf-texlive/fonts/type1/bluesky/cm/cmss8.pfb
></usr/share/texmf-texlive/fonts/type1/bluesky/cm/cmsy10.pfb></usr/share/texmf-
texlive/fonts/type1/bluesky/cm/cmsy7.pfb></usr/share/texmf-texlive/fonts/type1/
bluesky/cm/cmti12.pfb>
Output written on fishfisheries-references.pdf (27 pages, 858689 bytes).
PDF statistics:
 161 PDF objects out of 1000 (max. 8388607)
 0 named destinations out of 1000 (max. 131072)
 21 words of extra memory for PDF output out of 10000 (max. 10000000)

