This is pdfTeXk, Version 3.141592-1.40.3 (Web2C 7.5.6) (format=pdflatex 2009.10.19)  5 FEB 2010 11:49
entering extended mode
 %&-line parsing enabled.
**fishandfisheries-v0.tex
(./fishandfisheries-v0.tex
LaTeX2e <2005/12/01>
Babel <v3.8h> and hyphenation patterns for english, usenglishmax, dumylang, noh
yphenation, loaded.
(/usr/share/texmf-texlive/tex/latex/base/article.cls
Document Class: article 2005/09/16 v1.4f Standard LaTeX document class
(/usr/share/texmf-texlive/tex/latex/base/size12.clo
File: size12.clo 2005/09/16 v1.4f Standard LaTeX file (size option)
)
\c@part=\count79
\c@section=\count80
\c@subsection=\count81
\c@subsubsection=\count82
\c@paragraph=\count83
\c@subparagraph=\count84
\c@figure=\count85
\c@table=\count86
\abovecaptionskip=\skip41
\belowcaptionskip=\skip42
\bibindent=\dimen102
)
(/usr/share/texmf-texlive/tex/latex/natbib/natbib.sty
Package: natbib 2007/02/05 8.0 (PWD)
\bibhang=\skip43
\bibsep=\skip44
LaTeX Info: Redefining \cite on input line 602.
\c@NAT@ctr=\count87
)
(/usr/share/texmf-texlive/tex/latex/ltxmisc/url.sty
\Urlmuskip=\muskip10
Package: url 2005/06/27  ver 3.2  Verb mode for urls, etc.
)
(/usr/share/texmf-texlive/tex/latex/graphics/graphicx.sty
Package: graphicx 1999/02/16 v1.0f Enhanced LaTeX Graphics (DPC,SPQR)

(/usr/share/texmf-texlive/tex/latex/graphics/keyval.sty
Package: keyval 1999/03/16 v1.13 key=value parser (DPC)
\KV@toks@=\toks14
)
(/usr/share/texmf-texlive/tex/latex/graphics/graphics.sty
Package: graphics 2006/02/20 v1.0o Standard LaTeX Graphics (DPC,SPQR)

(/usr/share/texmf-texlive/tex/latex/graphics/trig.sty
Package: trig 1999/03/16 v1.09 sin cos tan (DPC)
)
(/etc/texmf/tex/latex/config/graphics.cfg
File: graphics.cfg 2007/01/18 v1.5 graphics configuration of teTeX/TeXLive
)
Package graphics Info: Driver file: pdftex.def on input line 90.

(/usr/share/texmf-texlive/tex/latex/pdftex-def/pdftex.def
File: pdftex.def 2007/01/08 v0.04d Graphics/color for pdfTeX
\Gread@gobject=\count88
))
\Gin@req@height=\dimen103
\Gin@req@width=\dimen104
)
(/usr/share/texmf-texlive/tex/latex/lineno/lineno.sty
Package: lineno 2005/11/02 line numbers on paragraphs v4.41
\linenopenalty=\count89
\output=\toks15
\linenoprevgraf=\count90
\linenumbersep=\dimen105
\linenumberwidth=\dimen106
\c@linenumber=\count91
\c@pagewiselinenumber=\count92
\c@LN@truepage=\count93
\c@internallinenumber=\count94
\c@internallinenumbers=\count95
\quotelinenumbersep=\dimen107
\bframerule=\dimen108
\bframesep=\dimen109
\bframebox=\box26
LaTeX Info: Redefining \\ on input line 3056.
)
(/usr/share/texmf-texlive/tex/latex/paralist/paralist.sty
Package: paralist 2002/03/18 v2.3b Extended list environments (BS)
\pltopsep=\skip45
\plpartopsep=\skip46
\plitemsep=\skip47
\plparsep=\skip48
\pl@lab=\toks16
)
(/usr/share/texmf-texlive/tex/latex/comment/comment.sty
\CommentStream=\write3

Excluding comment 'comment')
(/usr/share/texmf-texlive/tex/latex/graphics/color.sty
Package: color 2005/11/14 v1.0j Standard LaTeX Color (DPC)

(/etc/texmf/tex/latex/config/color.cfg
File: color.cfg 2007/01/18 v1.5 color configuration of teTeX/TeXLive
)
Package color Info: Driver file: pdftex.def on input line 130.
)
(/usr/share/texmf-texlive/tex/latex/geometry/geometry.sty
Package: geometry 2002/07/08 v3.2 Page Geometry
\Gm@cnth=\count96
\Gm@cntv=\count97
\c@Gm@tempcnt=\count98
\Gm@bindingoffset=\dimen110
\Gm@wd@mp=\dimen111
\Gm@odd@mp=\dimen112
\Gm@even@mp=\dimen113
\Gm@dimlist=\toks17
)
(./fishandfisheries-v0.aux (./Tables.aux) (./Figures.aux) (./Supporting.aux))
\openout1 = `fishandfisheries-v0.aux'.

LaTeX Font Info:    Checking defaults for OML/cmm/m/it on input line 19.
LaTeX Font Info:    ... okay on input line 19.
LaTeX Font Info:    Checking defaults for T1/cmr/m/n on input line 19.
LaTeX Font Info:    ... okay on input line 19.
LaTeX Font Info:    Checking defaults for OT1/cmr/m/n on input line 19.
LaTeX Font Info:    ... okay on input line 19.
LaTeX Font Info:    Checking defaults for OMS/cmsy/m/n on input line 19.
LaTeX Font Info:    ... okay on input line 19.
LaTeX Font Info:    Checking defaults for OMX/cmex/m/n on input line 19.
LaTeX Font Info:    ... okay on input line 19.
LaTeX Font Info:    Checking defaults for U/cmr/m/n on input line 19.
LaTeX Font Info:    ... okay on input line 19.
-------------------- Geometry parameters
paper: letterpaper
landscape: --
twocolumn: --
twoside: --
asymmetric: --
h-parts: 85.35826pt, 443.57848pt, 85.35826pt
v-parts: 85.35826pt, 624.25346pt, 85.35826pt
hmarginratio: --
vmarginratio: --
lines: --
heightrounded: --
bindingoffset: 0.0pt
truedimen: --
includehead: --
includefoot: --
includemp: --
driver: pdftex
-------------------- Page layout dimensions and switches
\paperwidth  614.295pt
\paperheight 794.96999pt
\textwidth  443.57848pt
\textheight 624.25346pt
\oddsidemargin  13.08827pt
\evensidemargin 13.08827pt
\topmargin  13.08827pt
\headheight 0.0pt
\headsep    0.0pt
\footskip   30.0pt
\marginparwidth 44.0pt
\marginparsep   10.0pt
\columnsep  10.0pt
\skip\footins  10.8pt plus 4.0pt minus 2.0pt
\hoffset 0.0pt
\voffset 0.0pt
\mag 1000

(1in=72.27pt, 1cm=28.45pt)
-----------------------
LaTeX Font Info:    External font `cmex10' loaded for size
(Font)              <14.4> on input line 21.
LaTeX Font Info:    External font `cmex10' loaded for size
(Font)              <7> on input line 21.

[1

{/var/lib/texmf/fonts/map/pdftex/updmap/pdftex.map}] (./abstract-dynamic.tex
Underfull \hbox (badness 10000) in paragraph at lines 4--41

 []

[2]) [3] [4] [5]
Overfull \hbox (8.5613pt too wide) in paragraph at lines 193--193
[]\OT1/cmr/bx/n/17.28 Methods - was ``The RAM Legacy database: struc-
 []


Overfull \hbox (4.04753pt too wide) in paragraph at lines 195--198
\OT1/cmr/m/n/12 Publicly avail-able stock as-sess-ments from XX fish-eries agen
-cies were col-lated by recorders
 []

Missing character: There is no ‚ in font cmr12!
Missing character: There is no Ä in font cmr12!
Missing character: There is no ù in font cmr12!

Overfull \hbox (1.43727pt too wide) in paragraph at lines 217--237
\OT1/cmr/m/n/12 ii-stock-recruit-database-srdb-instructions-for-contributing-da
ta. The com-pleted as-sess-
 []

[6]
LaTeX Font Info:    External font `cmex10' loaded for size
(Font)              <12> on input line 257.
LaTeX Font Info:    External font `cmex10' loaded for size
(Font)              <8> on input line 257.
LaTeX Font Info:    External font `cmex10' loaded for size
(Font)              <6> on input line 257.
Missing character: There is no ‚ in font cmr12!
Missing character: There is no Ä in font cmr12!
Missing character: There is no ô in font cmr12!
 [7] (./results-dynamic.tex [8]
Underfull \hbox (badness 10000) in paragraph at lines 4--30

 []


Underfull \hbox (badness 10000) in paragraph at lines 31--32

 []


Overfull \hbox (67.83017pt too wide) in paragraph at lines 37--38
\OT1/cmr/m/n/12 re-ported any life-history in-for-ma-tion (growth, ma-tu-rity, 
fe-cun-dity) was REF:SQL:NUMASSESSLIFE
 []

[9]) [10]
Overfull \hbox (15.68144pt too wide) in paragraph at lines 306--308
\OT1/cmr/m/n/12 INTRODUCE LMES, LIM-I-TA-TIONS AND AD-DI-TIONS FOR OPEN OCEAN S
PECIES.
 []

[11] [12] [13] [14] (./fishandfisheries-v0.bbl [15] [16]
Underfull \hbox (badness 10000) in paragraph at lines 224--226
[]\OT1/cmr/m/n/12 New Zealand Min-istry of Fish-eries (2009).  Stock Sta-tus
 []


Underfull \hbox (badness 3219) in paragraph at lines 268--270
[]\OT1/cmr/m/n/12 PostgreSQL Global De-vel-op-ment Group (2009).  Post-greSQL, 
ver-sion 8.3.8.
 []

[17]) [18]
\openout2 = `Tables.aux'.

 (./Tables.tex) [19

]
\openout2 = `Figures.aux'.

 (./Figures.tex
Underfull \hbox (badness 10000) in paragraph at lines 4--6

 []


Underfull \hbox (badness 10000) in paragraph at lines 7--17

 []

[20


]

pdfTeX warning: pdflatex (file /home/srdbadmin/SQLpg/srdb/trunk/projects/fishan
dfisheries/tex/LMEs-working.pdf): PDF inclusion: found PDF version <1.6>, but a
t most version <1.4> allowed

</home/srdbadmin/SQLpg/srdb/trunk/projects/fishandfisheries/tex/LMEs-working.pd
f, id=70, 614.295pt x 794.97pt>
File: /home/srdbadmin/SQLpg/srdb/trunk/projects/fishandfisheries/tex/LMEs-worki
ng.pdf Graphic file (type pdf)

<use /home/srdbadmin/SQLpg/srdb/trunk/projects/fishandfisheries/tex/LMEs-workin
g.pdf>
</home/srdbadmin/SQLpg/srdb/trunk/projects/fishandfisheries/R/orca_plot_v2.pdf,
 id=71, 483.8075pt x 216.81pt>
File: /home/srdbadmin/SQLpg/srdb/trunk/projects/fishandfisheries/R/orca_plot_v2
.pdf Graphic file (type pdf)

<use /home/srdbadmin/SQLpg/srdb/trunk/projects/fishandfisheries/R/orca_plot_v2.
pdf>
</home/srdbadmin/SQLpg/srdb/trunk/projects/fishandfisheries/R/four_panel_phylo.
pdf, id=72, 722.7pt x 722.7pt>
File: /home/srdbadmin/SQLpg/srdb/trunk/projects/fishandfisheries/R/four_panel_p
hylo.pdf Graphic file (type pdf)

<use /home/srdbadmin/SQLpg/srdb/trunk/projects/fishandfisheries/R/four_panel_ph
ylo.pdf>) [21] [22 </home/srdbadmin/SQLpg/srdb/trunk/projects/fishandfisheries/
tex/LMEs-working.pdf>] [23 </home/srdbadmin/SQLpg/srdb/trunk/projects/fishandfi
sheries/R/orca_plot_v2.pdf>] [24 </home/srdbadmin/SQLpg/srdb/trunk/projects/fis
handfisheries/R/four_panel_phylo.pdf>]
\openout2 = `Supporting.aux'.

 (./Supporting.tex
</home/srdbadmin/SQLpg/srdb/trunk/doc/srdb-ERD.pdf, id=105, 597.50786pt x 845.0
4686pt>
File: /home/srdbadmin/SQLpg/srdb/trunk/doc/srdb-ERD.pdf Graphic file (type pdf)

 <use /home/srdbadmin/SQLpg/srdb/trunk/doc/srdb-ERD.pdf>

LaTeX Warning: Float too large for page by 19.19064pt on input line 8.

) [25


] [26 </home/srdbadmin/SQLpg/srdb/trunk/doc/srdb-ERD.pdf

pdfTeX warning: pdflatex (file /home/srdbadmin/SQLpg/srdb/trunk/doc/srdb-ERD.pd
f): PDF inclusion: Page Group detected which pdfTeX can't handle. Ignoring it.
>] (./fishandfisheries-v0.aux (./Tables.aux) (./Figures.aux) (./Supporting.aux)
) ) 
Here is how much of TeX's memory you used:
 1770 strings out of 95086
 24912 string characters out of 1183254
 80991 words of memory out of 1500000
 4929 multiletter control sequences out of 10000+50000
 9502 words of font info for 33 fonts, out of 1200000 for 2000
 28 hyphenation exceptions out of 8191
 25i,6n,32p,1962b,294s stack positions out of 5000i,500n,6000p,200000b,5000s
</usr/share/texmf-texlive/fonts/type1/bluesky/cm/cmbx12.pfb></usr/share/texm
f-texlive/fonts/type1/bluesky/cm/cmr12.pfb></usr/share/texmf-texlive/fonts/type
1/bluesky/cm/cmr17.pfb></usr/share/texmf-texlive/fonts/type1/bluesky/cm/cmsy10.
pfb></usr/share/texmf-texlive/fonts/type1/bluesky/cm/cmti12.pfb>
Output written on fishandfisheries-v0.pdf (26 pages, 841031 bytes).
PDF statistics:
 146 PDF objects out of 1000 (max. 8388607)
 0 named destinations out of 1000 (max. 131072)
 21 words of extra memory for PDF output out of 10000 (max. 10000000)

