This is pdfTeX, Version 3.1415926-1.40.10 (TeX Live 2009/Debian) (format=pdflatex 2010.8.26)  14 SEP 2010 15:05
entering extended mode
 restricted \write18 enabled.
 %&-line parsing enabled.
**fishandfisheries-SUBMISSION-August-2010
(./fishandfisheries-SUBMISSION-August-2010.tex
LaTeX2e <2009/09/24>
Babel <v3.8l> and hyphenation patterns for english, usenglishmax, dumylang, noh
yphenation, loaded.
(./myelsarticle.cls

LaTeX Warning: You have requested document class `myelsarticle',
               but the document class provides `elsarticle'.

Document Class: elsarticle 2009/09/17, 1.2.0: Elsevier Ltd
\@bls=\dimen102
(/usr/share/texmf-texlive/tex/latex/base/article.cls
Document Class: article 2007/10/19 v1.4h Standard LaTeX document class
(/usr/share/texmf-texlive/tex/latex/base/size12.clo
File: size12.clo 2007/10/19 v1.4h Standard LaTeX file (size option)
)
\c@part=\count79
\c@section=\count80
\c@subsection=\count81
\c@subsubsection=\count82
\c@paragraph=\count83
\c@subparagraph=\count84
\c@figure=\count85
\c@table=\count86
\abovecaptionskip=\skip41
\belowcaptionskip=\skip42
\bibindent=\dimen103
)
(/usr/share/texmf-texlive/tex/latex/graphics/graphicx.sty
Package: graphicx 1999/02/16 v1.0f Enhanced LaTeX Graphics (DPC,SPQR)

(/usr/share/texmf-texlive/tex/latex/graphics/keyval.sty
Package: keyval 1999/03/16 v1.13 key=value parser (DPC)
\KV@toks@=\toks14
)
(/usr/share/texmf-texlive/tex/latex/graphics/graphics.sty
Package: graphics 2009/02/05 v1.0o Standard LaTeX Graphics (DPC,SPQR)

(/usr/share/texmf-texlive/tex/latex/graphics/trig.sty
Package: trig 1999/03/16 v1.09 sin cos tan (DPC)
)
(/etc/texmf/tex/latex/config/graphics.cfg
File: graphics.cfg 2009/08/28 v1.8 graphics configuration of TeX Live
)
Package graphics Info: Driver file: pdftex.def on input line 91.

(/usr/share/texmf-texlive/tex/latex/pdftex-def/pdftex.def
File: pdftex.def 2009/08/25 v0.04m Graphics/color for pdfTeX
\Gread@gobject=\count87
))
\Gin@req@height=\dimen104
\Gin@req@width=\dimen105
)
(/usr/share/texmf-texlive/tex/latex/psnfss/pifont.sty
Package: pifont 2005/04/12 PSNFSS-v9.2a Pi font support (SPQR) 
LaTeX Font Info:    Try loading font information for U+pzd on input line 63.

(/usr/share/texmf-texlive/tex/latex/psnfss/upzd.fd
File: upzd.fd 2001/06/04 font definitions for U/pzd.
)
LaTeX Font Info:    Try loading font information for U+psy on input line 64.

(/usr/share/texmf-texlive/tex/latex/psnfss/upsy.fd
File: upsy.fd 2001/06/04 font definitions for U/psy.
))
\c@tnote=\count88
\c@fnote=\count89
\c@cnote=\count90
\c@ead=\count91
\c@author=\count92
\@eadauthor=\toks15
\c@affn=\count93
\absbox=\box26
\keybox=\box27
\Columnwidth=\dimen106
\space@left=\dimen107
\els@boxa=\box28
\els@boxb=\box29
\leftMargin=\dimen108
\@enLab=\toks16
\@sep=\skip43
\@@sep=\skip44

(./fishandfisheries-SUBMISSION-August-2010.spl)
(/usr/share/texmf-texlive/tex/latex/natbib/natbib.sty
Package: natbib 2009/07/16 8.31 (PWD, AO)
\bibhang=\skip45
\bibsep=\skip46
LaTeX Info: Redefining \cite on input line 694.
\c@NAT@ctr=\count94
)
\splwrite=\write3
\openout3 = `fishandfisheries-SUBMISSION-August-2010.spl'.

)
(/usr/share/texmf-texlive/tex/latex/amsfonts/amssymb.sty
Package: amssymb 2009/06/22 v3.00

(/usr/share/texmf-texlive/tex/latex/amsfonts/amsfonts.sty
Package: amsfonts 2009/06/22 v3.00 Basic AMSFonts support
\@emptytoks=\toks17
\symAMSa=\mathgroup4
\symAMSb=\mathgroup5
LaTeX Font Info:    Overwriting math alphabet `\mathfrak' in version `bold'
(Font)                  U/euf/m/n --> U/euf/b/n on input line 96.
))
(/usr/share/texmf-texlive/tex/latex/oberdiek/pdflscape.sty
Package: pdflscape 2008/08/11 v0.10 Landscape pages in PDF (HO)

(/usr/share/texmf-texlive/tex/latex/graphics/lscape.sty
Package: lscape 2000/10/22 v3.01 Landscape Pages (DPC)
)
(/usr/share/texmf-texlive/tex/generic/oberdiek/ifpdf.sty
Package: ifpdf 2009/04/10 v2.0 Provides the ifpdf switch (HO)
Package ifpdf Info: pdfTeX in pdf mode detected.
)
Package pdflscape Info: Auto-detected driver: pdftex on input line 75.

(/usr/share/texmf-texlive/tex/generic/ifxetex/ifxetex.sty
Package: ifxetex 2009/01/23 v0.5 Provides ifxetex conditional
))
(/usr/share/texmf-texlive/tex/latex/tools/longtable.sty
Package: longtable 2004/02/01 v4.11 Multi-page Table package (DPC)
\LTleft=\skip47
\LTright=\skip48
\LTpre=\skip49
\LTpost=\skip50
\LTchunksize=\count95
\LTcapwidth=\dimen109
\LT@head=\box30
\LT@firsthead=\box31
\LT@foot=\box32
\LT@lastfoot=\box33
\LT@cols=\count96
\LT@rows=\count97
\c@LT@tables=\count98
\c@LT@chunks=\count99
\LT@p@ftn=\toks18
)
(/usr/share/texmf-texlive/tex/latex/paralist/paralist.sty
Package: paralist 2002/03/18 v2.3b Extended list environments (BS)
\pltopsep=\skip51
\plpartopsep=\skip52
\plitemsep=\skip53
\plparsep=\skip54
\pl@lab=\toks19
)
(/usr/share/texmf-texlive/tex/latex/comment/comment.sty
\CommentStream=\write4

Excluding comment 'comment')
(/usr/share/texmf-texlive/tex/latex/graphics/color.sty
Package: color 2005/11/14 v1.0j Standard LaTeX Color (DPC)

(/etc/texmf/tex/latex/config/color.cfg
File: color.cfg 2007/01/18 v1.5 color configuration of teTeX/TeXLive
)
Package color Info: Driver file: pdftex.def on input line 130.
)
(/usr/share/texmf-texlive/tex/latex/geometry/geometry.sty
Package: geometry 2008/12/21 v4.2 Page Geometry

(/usr/share/texmf-texlive/tex/generic/oberdiek/ifvtex.sty
Package: ifvtex 2008/11/04 v1.4 Switches for detecting VTeX and its modes (HO)
Package ifvtex Info: VTeX not detected.
)
\Gm@cnth=\count100
\Gm@cntv=\count101
\c@Gm@tempcnt=\count102
\Gm@bindingoffset=\dimen110
\Gm@wd@mp=\dimen111
\Gm@odd@mp=\dimen112
\Gm@even@mp=\dimen113
\Gm@dimlist=\toks20
)
(/usr/share/texmf-texlive/tex/latex/booktabs/booktabs.sty
Package: booktabs 2005/04/14 v1.61803 publication quality tables
\heavyrulewidth=\dimen114
\lightrulewidth=\dimen115
\cmidrulewidth=\dimen116
\belowrulesep=\dimen117
\belowbottomsep=\dimen118
\aboverulesep=\dimen119
\abovetopsep=\dimen120
\cmidrulesep=\dimen121
\cmidrulekern=\dimen122
\defaultaddspace=\dimen123
\@cmidla=\count103
\@cmidlb=\count104
\@aboverulesep=\dimen124
\@belowrulesep=\dimen125
\@thisruleclass=\count105
\@lastruleclass=\count106
\@thisrulewidth=\dimen126
)
(/usr/share/texmf-texlive/tex/latex/ltxmisc/url.sty
\Urlmuskip=\muskip10
Package: url 2006/04/12  ver 3.3  Verb mode for urls, etc.
)
(/usr/share/texmf-texlive/tex/latex/hyphenat/hyphenat.sty
Package: hyphenat 2009/09/02 v2.3c hyphenation utilities
\langwohyphens=\language4
LaTeX Info: Redefining \_ on input line 43.
)
(/usr/share/texmf-texlive/tex/latex/microtype/microtype.sty
Package: microtype 2009/03/27 v2.3d Micro-typography with pdfTeX (RS)
\MT@toks=\toks21
\MT@count=\count107
LaTeX Info: Redefining \lsstyle on input line 1608.
LaTeX Info: Redefining \lslig on input line 1608.
\MT@outer@space=\skip55
LaTeX Info: Redefining \textls on input line 1616.
\MT@outer@kern=\dimen127
LaTeX Info: Redefining \textmicrotypecontext on input line 2167.
Package microtype Info: Loading configuration file microtype.cfg.

(/usr/share/texmf-texlive/tex/latex/microtype/microtype.cfg
File: microtype.cfg 2009/03/27 v2.3d microtype main configuration file (RS)
))
(./fishandfisheries-SUBMISSION-August-2010.aux (./temptable.aux) (./Figures.aux
))
\openout1 = `fishandfisheries-SUBMISSION-August-2010.aux'.

LaTeX Font Info:    Checking defaults for OML/cmm/m/it on input line 33.
LaTeX Font Info:    ... okay on input line 33.
LaTeX Font Info:    Checking defaults for T1/cmr/m/n on input line 33.
LaTeX Font Info:    ... okay on input line 33.
LaTeX Font Info:    Checking defaults for OT1/cmr/m/n on input line 33.
LaTeX Font Info:    ... okay on input line 33.
LaTeX Font Info:    Checking defaults for OMS/cmsy/m/n on input line 33.
LaTeX Font Info:    ... okay on input line 33.
LaTeX Font Info:    Checking defaults for OMX/cmex/m/n on input line 33.
LaTeX Font Info:    ... okay on input line 33.
LaTeX Font Info:    Checking defaults for U/cmr/m/n on input line 33.
LaTeX Font Info:    ... okay on input line 33.
 (/usr/share/texmf-texlive/tex/context/base/supp-pdf.mkii
[Loading MPS to PDF converter (version 2006.09.02).]
\scratchcounter=\count108
\scratchdimen=\dimen128
\scratchbox=\box34
\nofMPsegments=\count109
\nofMParguments=\count110
\everyMPshowfont=\toks22
\MPscratchCnt=\count111
\MPscratchDim=\dimen129
\MPnumerator=\count112
\everyMPtoPDFconversion=\toks23
)
*geometry auto-detecting driver*
*geometry detected driver: pdftex*
-------------------- Geometry parameters
paper: letterpaper
landscape: --
twocolumn: --
twoside: --
asymmetric: --
h-parts: 85.35826pt, 443.57848pt, 85.35826pt
v-parts: 85.35826pt, 624.25346pt, 85.35826pt
hmarginratio: --
vmarginratio: --
lines: --
heightrounded: --
bindingoffset: 0.0pt
truedimen: --
includehead: --
includefoot: --
includemp: --
driver: pdftex
-------------------- Page layout dimensions and switches
\paperwidth  614.295pt
\paperheight 794.96999pt
\textwidth  443.57848pt
\textheight 624.25346pt
\oddsidemargin  13.08827pt
\evensidemargin 13.08827pt
\topmargin  13.08827pt
\headheight 0.0pt
\headsep    0.0pt
\footskip   30.0pt
\marginparwidth 44.0pt
\marginparsep   10.0pt
\columnsep  10.0pt
\skip\footins  24.0pt
\hoffset 0.0pt
\voffset 0.0pt
\mag 1000

(1in=72.27pt, 1cm=28.45pt)
-----------------------
LaTeX Info: Redefining \microtypecontext on input line 33.
Package microtype Info: Generating PDF output.
Package microtype Info: Character protrusion enabled (level 2).
Package microtype Info: Using default protrusion set `alltext'.
Package microtype Info: Automatic font expansion enabled (level 2),
(microtype)             stretch: 20, shrink: 20, step: 1, non-selected.
Package microtype Info: Using default expansion set `basictext'.
Package microtype Info: No tracking.
Package microtype Info: No adjustment of interword spacing.
Package microtype Info: No adjustment of character kerning.
(/usr/share/texmf-texlive/tex/latex/microtype/mt-cmr.cfg
File: mt-cmr.cfg 2008/02/29 v1.9a microtype config. file: Computer Modern Roman
 (RS)
)
LaTeX Font Info:    Try loading font information for U+msa on input line 97.

(/usr/share/texmf-texlive/tex/latex/amsfonts/umsa.fd
File: umsa.fd 2009/06/22 v3.00 AMS symbols A
)
(/usr/share/texmf-texlive/tex/latex/microtype/mt-msa.cfg
File: mt-msa.cfg 2006/02/04 v1.1 microtype config. file: AMS symbols (a) (RS)
)
LaTeX Font Info:    Try loading font information for U+msb on input line 97.

(/usr/share/texmf-texlive/tex/latex/amsfonts/umsb.fd
File: umsb.fd 2009/06/22 v3.00 AMS symbols B
)
(/usr/share/texmf-texlive/tex/latex/microtype/mt-msb.cfg
File: mt-msb.cfg 2005/06/01 v1.0 microtype config. file: AMS symbols (b) (RS)
) [1


{/var/lib/texmf/fonts/map/pdftex/updmap/pdftex.map}] (./abstract-dynamic.tex) [
2]
Overfull \hbox (4.81905pt too wide) in paragraph at lines 135--149
[]\OT1/cmr/m/n/12 (-20) Effective man-age-ment of ex-ploited fish pop-u-la-tion
s gen-er-ally re-quires an un-der-stand-ing
 []

[3]
Overfull \hbox (6.07872pt too wide) in paragraph at lines 187--215
[]\OT1/cmr/m/n/12 (-20) The first global database of stock as-sess-ment in-for-
ma-tion, the My-ers Stock Re-cruit-ment
 []

[4]
Overfull \hbox (10.24626pt too wide) in paragraph at lines 222--233
\OT1/cmr/m/n/12 (-20) pop-u-la-tion dy-nam-ics pa-ram-e-ters such as the be-hav
iour of the stock-recruitment re-la-tion-ship
 []


Overfull \hbox (9.05432pt too wide) in paragraph at lines 222--233
\OT1/cmr/m/n/12 (-20) method-olo-gies (in-clud-ing im-por-tant ad-vances in sta
-tis-ti-cal catch-at-age and catch-at-length
 []


Overfull \hbox (3.64131pt too wide) in paragraph at lines 234--252
\OT1/cmr/m/n/12 (-20) as-sess-ment database con-tain-ing bi-o-log-i-cal ref-er-
ence points (BRPs, e.g., the to-tal/spawning
 []

[5]
Overfull \hbox (11.56206pt too wide) in paragraph at lines 262--263
[]\OT1/cmr/m/n/12 (-20) Include bi-o-log-i-cal ref-er-ence points, in ad-di-tio
n to stock-specific life his-tory in-for-ma-tion. 
 []


Overfull \hbox (17.90378pt too wide) in paragraph at lines 266--277
[]\OT1/cmr/m/n/12 (-20) We use the new RAM Legacy database (Ver-sion 1.0, 2010)
 to eval-u-ate the knowledge-base
 []

[6] [7]
Overfull \hbox (3.907pt too wide) in paragraph at lines 342--365
\OT1/cmr/m/n/12 (-20) in-clud-ing web-clients and GIS soft-ware, and have a num
-ber of ad-van-tages over spread-sheet
 []

[8] [9]
Overfull \hbox (11.55524pt too wide) in paragraph at lines 419--426
\OT1/cmr/m/n/12 (-20) ecosys-tem. To pro-vide in-sight into the scope of the da
tabase we as-sessed the knowledge-base
 []

[10] [11] (./results-dynamic.tex [12] [13] [14] [15]
Overfull \hbox (10.58415pt too wide) in paragraph at lines 228--251
[]\OT1/cmr/m/n/12 (-20) The sta-tus of ex-ploited ma-rine stocks, as es-ti-mate
d from biomass- and exploitaion-BRPs,
 []

[16])
Overfull \hbox (5.14923pt too wide) in paragraph at lines 563--582
\OT1/cmr/m/n/12 (-20) Ac-ces-si-ble stock as-sess-ments are pre-dom-i-nantly fr
om de-vel-oped na-tions in north-temperate
 []

[17] [18] [19] [20] [21] [22] [23]
(./fishandfisheries-SUBMISSION-August-2010.bbl
Underfull \hbox (badness 1270) in paragraph at lines 63--66
[]\OT1/cmr/m/n/12 (+20) European En-vi-ron-ment Agency (2009).  SI-032 Sta-tus 
of ma-rine fish stocks.
 []

[24] [25] [26]
Underfull \hbox (badness 10000) in paragraph at lines 289--291
[]\OT1/cmr/m/n/12 (+20) New Zealand Min-istry of Fish-eries (2009).  Stock Sta-
tus
 []

[27]
Underfull \hbox (badness 2213) in paragraph at lines 333--335
[]\OT1/cmr/m/n/12 (+20) PostgreSQL Global De-vel-op-ment Group (2010).  Post-gr
eSQL, ver-sion 8.4.4.
 []

[28]) [29]
\openout2 = `temptable.aux'.

 (./temptable.tex
Underfull \hbox (badness 10000) in paragraph at lines 9--9
[]\OT1/cmr/m/n/12 (+20) Australian Fish-eries
 []


Underfull \hbox (badness 10000) in paragraph at lines 10--10
[]\OT1/cmr/m/n/12 (+20) Commission for the
 []


Underfull \hbox (badness 10000) in paragraph at lines 12--12
[]\OT1/cmr/m/n/12 (+20) South African na-tional
 []


Underfull \hbox (badness 10000) in paragraph at lines 14--14
[]\OT1/cmr/m/n/12 (+20) Inter-American Trop-i-cal
 []


Underfull \hbox (badness 4024) in paragraph at lines 15--15
[]\OT1/cmr/m/n/12 (+20) International Com-mis-sion
 []


Underfull \hbox (badness 4505) in paragraph at lines 15--15
\OT1/cmr/m/n/12 (+20) for the Con-ser-va-tion of
 []


Underfull \hbox (badness 10000) in paragraph at lines 18--18
[]\OT1/cmr/m/n/12 (+20) Indian Ocean Tuna
 []


Underfull \hbox (badness 10000) in paragraph at lines 19--19
[]\OT1/cmr/m/n/12 (+20) International Pa-cific
 []


Underfull \hbox (badness 10000) in paragraph at lines 21--21
[]\OT1/cmr/m/n/12 (+20) Northwest At-lantic
 []


Underfull \hbox (badness 1019) in paragraph at lines 23--23
[]\OT1/cmr/m/n/12 (+20) Russian Fed-eral Fish-eries
 []


Underfull \hbox (badness 10000) in paragraph at lines 24--24
[]\OT1/cmr/m/n/12 (+20) South Pa-cific Re-gional
 []


Underfull \hbox (badness 10000) in paragraph at lines 24--24
\OT1/cmr/m/n/12 (+20) Fish-eries Man-age-ment
 []


LaTeX Warning: Float too large for page by 219.79756pt on input line 31.

) [30]
Underfull \hbox (badness 10000) in paragraph at lines 910--910
[]|\OT1/cmr/m/it/12 (+20) Stock
 []


Overfull \hbox (13.0136pt too wide) in paragraph at lines 910--910
[]|\OT1/cmr/m/it/12 (-20) Individual
 []


Underfull \hbox (badness 10000) in paragraph at lines 910--910
\OT1/cmr/m/it/12 (+20) species
 []


Underfull \hbox (badness 10000) in paragraph at lines 910--910
[]|\OT1/cmr/m/it/12 (+20) Species (Com-mon name,
 []


Underfull \hbox (badness 10000) in paragraph at lines 910--910
\OT1/cmr/m/it/12 (+20) Latin name) or higher
 []


Underfull \hbox (badness 10000) in paragraph at lines 910--910
[]|\OT1/cmr/m/it/12 (+20) In
 []


Underfull \hbox (badness 10000) in paragraph at lines 910--910
[]|\OT1/cmr/m/it/12 (+20) Reason
 []


Underfull \hbox (badness 10000) in paragraph at lines 910--910
\OT1/cmr/m/it/12 (+20) if not
 []


Underfull \hbox (badness 10000) in paragraph at lines 912--912
[]|\OT1/cmr/m/it/12 (+20) Stock
 []


Underfull \hbox (badness 10000) in paragraph at lines 912--912
[]|\OT1/cmr/m/it/12 (+20) Stock
 []


Overfull \hbox (3.43617pt too wide) in paragraph at lines 912--912
\OT1/cmr/m/it/12 (-20) Num-ber| 
 []


Underfull \hbox (badness 10000) in paragraph at lines 912--912
[]|\OT1/cmr/m/it/12 (+20) Species (Com-mon name,
 []


Underfull \hbox (badness 10000) in paragraph at lines 912--912
\OT1/cmr/m/it/12 (+20) Latin name) or higher
 []


Underfull \hbox (badness 10000) in paragraph at lines 912--912
[]|\OT1/cmr/m/it/12 (+20) In
 []


Underfull \hbox (badness 10000) in paragraph at lines 912--912
[]|\OT1/cmr/m/it/12 (+20) Reason
 []


Underfull \hbox (badness 10000) in paragraph at lines 912--912
\OT1/cmr/m/it/12 (+20) if not
 []


Underfull \hbox (badness 10000) in paragraph at lines 913--913
[]|\OT1/cmr/m/n/12 (+20) Peruvian an-choveta,
 []


Underfull \hbox (badness 5189) in paragraph at lines 916--916
[]|\OT1/cmr/m/n/12 (+20) Alaska pol-lock, \OT1/cmr/m/it/12 (+20) Ther-a-gra
 []


Underfull \hbox (badness 10000) in paragraph at lines 918--918
[]|\OT1/cmr/m/n/12 (+20) Atlantic her-ring, \OT1/cmr/m/it/12 (+20) Clu-pea
 []


Underfull \hbox (badness 5189) in paragraph at lines 919--919
[]|\OT1/cmr/m/n/12 (+20) Alaska pol-lock, \OT1/cmr/m/it/12 (+20) Ther-a-gra
 []


Underfull \hbox (badness 10000) in paragraph at lines 923--923
[]|\OT1/cmr/m/n/12 (+20) Inca scad, \OT1/cmr/m/it/12 (+20) Tra-chu-rus
 []


Underfull \hbox (badness 5189) in paragraph at lines 928--928
[]|\OT1/cmr/m/n/12 (+20) Alaska pol-lock, \OT1/cmr/m/it/12 (+20) Ther-a-gra
 []


Underfull \hbox (badness 10000) in paragraph at lines 929--929
[]|\OT1/cmr/m/n/12 (+20) Argentinean short-finned
 []


Underfull \hbox (badness 10000) in paragraph at lines 932--932
[]|\OT1/cmr/m/n/12 (+20) Araucanian her-ring,
 []


Underfull \hbox (badness 5431) in paragraph at lines 934--934
[]|\OT1/cmr/m/n/12 (+20) European sprat, \OT1/cmr/m/it/12 (+20) Sprat-tus
 []


Underfull \hbox (badness 10000) in paragraph at lines 935--935
[]|\OT1/cmr/m/n/12 (+20) Atlantic her-ring, \OT1/cmr/m/it/12 (+20) Clu-pea
 []


Underfull \hbox (badness 5189) in paragraph at lines 936--936
[]|\OT1/cmr/m/n/12 (+20) Alaska pol-lock, \OT1/cmr/m/it/12 (+20) Ther-a-gra
 []


Underfull \hbox (badness 10000) in paragraph at lines 938--938
[]|\OT1/cmr/m/n/12 (+20) Atlantic her-ring, \OT1/cmr/m/it/12 (+20) Clu-pea
 []


Underfull \hbox (badness 10000) in paragraph at lines 939--939
[]|\OT1/cmr/m/n/12 (+20) Cape horse mack-erel,
 []


Underfull \hbox (badness 10000) in paragraph at lines 940--940
[]|\OT1/cmr/m/n/12 (+20) Largehead hair-tail,
 []


Underfull \hbox (badness 6428) in paragraph at lines 943--943
[]|\OT1/cmr/m/n/12 (+20) Chub mack-erel, \OT1/cmr/m/it/12 (+20) Scomber
 []


Underfull \hbox (badness 10000) in paragraph at lines 948--948
[]|\OT1/cmr/m/n/12 (+20) Largehead hair-tail,
 []


Underfull \hbox (badness 5189) in paragraph at lines 951--951
[]|\OT1/cmr/m/n/12 (+20) Alaska pol-lock, \OT1/cmr/m/it/12 (+20) Ther-a-gra
 []

[31



] [32] [33] [34] [35]
\openout2 = `Figures.aux'.

 (./Figures.tex
Underfull \hbox (badness 10000) in paragraph at lines 4--6

 []


Underfull \hbox (badness 10000) in paragraph at lines 7--19

 []


Underfull \hbox (badness 10000) in paragraph at lines 20--27

 []


Underfull \hbox (badness 10000) in paragraph at lines 30--43

 []

[36


]
Underfull \hbox (badness 10000) in paragraph at lines 44--51

 []


Underfull \hbox (badness 10000) in paragraph at lines 52--56

 []

[37]
</home/srdbadmin/srdb/projects/fishandfisheries/GMT/stocks-byLME.pdf, id=137, 8
45.1575pt x 597.23125pt>
File: /home/srdbadmin/srdb/projects/fishandfisheries/GMT/stocks-byLME.pdf Graph
ic file (type pdf)

<use /home/srdbadmin/srdb/projects/fishandfisheries/GMT/stocks-byLME.pdf>
</home/srdbadmin/srdb/projects/fishandfisheries/R/srdb-by-assessment.pdf, id=13
8, 722.7pt x 722.7pt>
File: /home/srdbadmin/srdb/projects/fishandfisheries/R/srdb-by-assessment.pdf G
raphic file (type pdf)

<use /home/srdbadmin/srdb/projects/fishandfisheries/R/srdb-by-assessment.pdf>
Overfull \hbox (98.44652pt too wide) in paragraph at lines 70--71
 [] 
 []


</home/srdbadmin/srdb/projects/fishandfisheries/R/three_panel_phylo.pdf, id=139
, 433.62pt x 722.7pt>
File: /home/srdbadmin/srdb/projects/fishandfisheries/R/three_panel_phylo.pdf Gr
aphic file (type pdf)

<use /home/srdbadmin/srdb/projects/fishandfisheries/R/three_panel_phylo.pdf>

LaTeX Warning: Float too large for page by 105.25597pt on input line 81.

[38 </home/srdbadmin/srdb/projects/fishandfisheries/GMT/stocks-byLME.pdf, page 
is rotated 90 degrees>] [39 </home/srdbadmin/srdb/projects/fishandfisheries/R/s
rdb-by-assessment.pdf>] [40 </home/srdbadmin/srdb/projects/fishandfisheries/R/t
hree_panel_phylo.pdf>]
</home/srdbadmin/srdb/projects/fishandfisheries/R/orca_plot_v2.pdf, id=166, 483
.8075pt x 216.81pt>
File: /home/srdbadmin/srdb/projects/fishandfisheries/R/orca_plot_v2.pdf Graphic
 file (type pdf)

<use /home/srdbadmin/srdb/projects/fishandfisheries/R/orca_plot_v2.pdf>
[41 </home/srdbadmin/srdb/projects/fishandfisheries/R/orca_plot_v2.pdf>]
</home/srdbadmin/srdb/projects/fishandfisheries/R/friedegg-single.pdf, id=173, 
578.16pt x 722.7pt>
File: /home/srdbadmin/srdb/projects/fishandfisheries/R/friedegg-single.pdf Grap
hic file (type pdf)

<use /home/srdbadmin/srdb/projects/fishandfisheries/R/friedegg-single.pdf>
</home/srdbadmin/srdb/projects/fishandfisheries/R/friedegg-by-mgmt.pdf, id=174,
 578.16pt x 722.7pt>
File: /home/srdbadmin/srdb/projects/fishandfisheries/R/friedegg-by-mgmt.pdf Gra
phic file (type pdf)

<use /home/srdbadmin/srdb/projects/fishandfisheries/R/friedegg-by-mgmt.pdf>)
[42 </home/srdbadmin/srdb/projects/fishandfisheries/R/friedegg-single.pdf>]
[43 </home/srdbadmin/srdb/projects/fishandfisheries/R/friedegg-by-mgmt.pdf>]
(./fishandfisheries-SUBMISSION-August-2010.aux (./temptable.aux) (./Figures.aux
)) ) 
Here is how much of TeX's memory you used:
 4463 strings out of 495061
 67571 string characters out of 1182621
 180789 words of memory out of 3000000
 7403 multiletter control sequences out of 15000+50000
 17503 words of font info for 118 fonts, out of 3000000 for 9000
 28 hyphenation exceptions out of 8191
 33i,10n,35p,689b,330s stack positions out of 5000i,500n,10000p,200000b,50000s
</usr/share/texmf-texlive/fonts/type1/public/amsfonts/cm/cmbx12.pfb></usr/s
hare/texmf-texlive/fonts/type1/public/amsfonts/cm/cmex10.pfb></usr/share/texmf-
texlive/fonts/type1/public/amsfonts/cm/cmmi12.pfb></usr/share/texmf-texlive/fon
ts/type1/public/amsfonts/cm/cmmi6.pfb></usr/share/texmf-texlive/fonts/type1/pub
lic/amsfonts/cm/cmmi8.pfb></usr/share/texmf-texlive/fonts/type1/public/amsfonts
/cm/cmr10.pfb></usr/share/texmf-texlive/fonts/type1/public/amsfonts/cm/cmr12.pf
b></usr/share/texmf-texlive/fonts/type1/public/amsfonts/cm/cmr17.pfb></usr/shar
e/texmf-texlive/fonts/type1/public/amsfonts/cm/cmr7.pfb></usr/share/texmf-texli
ve/fonts/type1/public/amsfonts/cm/cmr8.pfb></usr/share/texmf-texlive/fonts/type
1/public/amsfonts/cm/cmsy10.pfb></usr/share/texmf-texlive/fonts/type1/public/am
sfonts/cm/cmsy7.pfb></usr/share/texmf-texlive/fonts/type1/public/amsfonts/cm/cm
sy8.pfb></usr/share/texmf-texlive/fonts/type1/public/amsfonts/cm/cmti10.pfb></u
sr/share/texmf-texlive/fonts/type1/public/amsfonts/cm/cmti12.pfb></usr/share/te
xmf-texlive/fonts/type1/public/amsfonts/cm/cmti7.pfb></usr/share/texmf-texlive/
fonts/type1/public/amsfonts/cm/cmtt10.pfb></usr/share/texmf-texlive/fonts/type1
/public/amsfonts/symbols/msam10.pfb>
Output written on fishandfisheries-SUBMISSION-August-2010.pdf (43 pages, 149802
3 bytes).
PDF statistics:
 248 PDF objects out of 1000 (max. 8388607)
 0 named destinations out of 1000 (max. 500000)
 14367 words of extra memory for PDF output out of 14400 (max. 10000000)

