This is pdfTeX, Version 3.1415926-1.40.10 (TeX Live 2009/Debian) (format=pdflatex 2010.5.25)  10 JUN 2010 10:50
entering extended mode
 restricted \write18 enabled.
 %&-line parsing enabled.
**fishandfisheries-v3
(./fishandfisheries-v3.tex
LaTeX2e <2009/09/24>
Babel <v3.8l> and hyphenation patterns for english, usenglishmax, dumylang, noh
yphenation, loaded.
(/usr/share/texmf-texlive/tex/latex/base/article.cls
Document Class: article 2007/10/19 v1.4h Standard LaTeX document class
(/usr/share/texmf-texlive/tex/latex/base/size12.clo
File: size12.clo 2007/10/19 v1.4h Standard LaTeX file (size option)
)
\c@part=\count79
\c@section=\count80
\c@subsection=\count81
\c@subsubsection=\count82
\c@paragraph=\count83
\c@subparagraph=\count84
\c@figure=\count85
\c@table=\count86
\abovecaptionskip=\skip41
\belowcaptionskip=\skip42
\bibindent=\dimen102
)
(/usr/share/texmf-texlive/tex/latex/oberdiek/pdflscape.sty
Package: pdflscape 2008/08/11 v0.10 Landscape pages in PDF (HO)

(/usr/share/texmf-texlive/tex/latex/graphics/lscape.sty
Package: lscape 2000/10/22 v3.01 Landscape Pages (DPC)

(/usr/share/texmf-texlive/tex/latex/graphics/graphics.sty
Package: graphics 2009/02/05 v1.0o Standard LaTeX Graphics (DPC,SPQR)

(/usr/share/texmf-texlive/tex/latex/graphics/trig.sty
Package: trig 1999/03/16 v1.09 sin cos tan (DPC)
)
(/etc/texmf/tex/latex/config/graphics.cfg
File: graphics.cfg 2009/08/28 v1.8 graphics configuration of TeX Live
)
Package graphics Info: Driver file: pdftex.def on input line 91.

(/usr/share/texmf-texlive/tex/latex/pdftex-def/pdftex.def
File: pdftex.def 2009/08/25 v0.04m Graphics/color for pdfTeX
\Gread@gobject=\count87
)))
(/usr/share/texmf-texlive/tex/generic/oberdiek/ifpdf.sty
Package: ifpdf 2009/04/10 v2.0 Provides the ifpdf switch (HO)
Package ifpdf Info: pdfTeX in pdf mode detected.
)
Package pdflscape Info: Auto-detected driver: pdftex on input line 75.

(/usr/share/texmf-texlive/tex/generic/ifxetex/ifxetex.sty
Package: ifxetex 2009/01/23 v0.5 Provides ifxetex conditional
))
(/usr/share/texmf-texlive/tex/latex/tools/longtable.sty
Package: longtable 2004/02/01 v4.11 Multi-page Table package (DPC)
\LTleft=\skip43
\LTright=\skip44
\LTpre=\skip45
\LTpost=\skip46
\LTchunksize=\count88
\LTcapwidth=\dimen103
\LT@head=\box26
\LT@firsthead=\box27
\LT@foot=\box28
\LT@lastfoot=\box29
\LT@cols=\count89
\LT@rows=\count90
\c@LT@tables=\count91
\c@LT@chunks=\count92
\LT@p@ftn=\toks14
)
(/usr/share/texmf-texlive/tex/latex/natbib/natbib.sty
Package: natbib 2009/07/16 8.31 (PWD, AO)
\bibhang=\skip47
\bibsep=\skip48
LaTeX Info: Redefining \cite on input line 694.
\c@NAT@ctr=\count93
)
(/usr/share/texmf-texlive/tex/latex/ltxmisc/url.sty
\Urlmuskip=\muskip10
Package: url 2006/04/12  ver 3.3  Verb mode for urls, etc.
)
(/usr/share/texmf-texlive/tex/latex/graphics/graphicx.sty
Package: graphicx 1999/02/16 v1.0f Enhanced LaTeX Graphics (DPC,SPQR)

(/usr/share/texmf-texlive/tex/latex/graphics/keyval.sty
Package: keyval 1999/03/16 v1.13 key=value parser (DPC)
\KV@toks@=\toks15
)
\Gin@req@height=\dimen104
\Gin@req@width=\dimen105
)
(/usr/share/texmf-texlive/tex/latex/paralist/paralist.sty
Package: paralist 2002/03/18 v2.3b Extended list environments (BS)
\pltopsep=\skip49
\plpartopsep=\skip50
\plitemsep=\skip51
\plparsep=\skip52
\pl@lab=\toks16
)
(/usr/share/texmf-texlive/tex/latex/comment/comment.sty
\CommentStream=\write3

Excluding comment 'comment')
(/usr/share/texmf-texlive/tex/latex/graphics/color.sty
Package: color 2005/11/14 v1.0j Standard LaTeX Color (DPC)

(/etc/texmf/tex/latex/config/color.cfg
File: color.cfg 2007/01/18 v1.5 color configuration of teTeX/TeXLive
)
Package color Info: Driver file: pdftex.def on input line 130.
)
(/usr/share/texmf-texlive/tex/latex/geometry/geometry.sty
Package: geometry 2008/12/21 v4.2 Page Geometry

(/usr/share/texmf-texlive/tex/generic/oberdiek/ifvtex.sty
Package: ifvtex 2008/11/04 v1.4 Switches for detecting VTeX and its modes (HO)
Package ifvtex Info: VTeX not detected.
)
\Gm@cnth=\count94
\Gm@cntv=\count95
\c@Gm@tempcnt=\count96
\Gm@bindingoffset=\dimen106
\Gm@wd@mp=\dimen107
\Gm@odd@mp=\dimen108
\Gm@even@mp=\dimen109
\Gm@dimlist=\toks17
)
(/usr/share/texmf-texlive/tex/latex/booktabs/booktabs.sty
Package: booktabs 2005/04/14 v1.61803 publication quality tables
\heavyrulewidth=\dimen110
\lightrulewidth=\dimen111
\cmidrulewidth=\dimen112
\belowrulesep=\dimen113
\belowbottomsep=\dimen114
\aboverulesep=\dimen115
\abovetopsep=\dimen116
\cmidrulesep=\dimen117
\cmidrulekern=\dimen118
\defaultaddspace=\dimen119
\@cmidla=\count97
\@cmidlb=\count98
\@aboverulesep=\dimen120
\@belowrulesep=\dimen121
\@thisruleclass=\count99
\@lastruleclass=\count100
\@thisrulewidth=\dimen122
)
(./fishandfisheries-v3.aux (./Table1-formatted.aux) (./Figures.aux))
\openout1 = `fishandfisheries-v3.aux'.

LaTeX Font Info:    Checking defaults for OML/cmm/m/it on input line 21.
LaTeX Font Info:    ... okay on input line 21.
LaTeX Font Info:    Checking defaults for T1/cmr/m/n on input line 21.
LaTeX Font Info:    ... okay on input line 21.
LaTeX Font Info:    Checking defaults for OT1/cmr/m/n on input line 21.
LaTeX Font Info:    ... okay on input line 21.
LaTeX Font Info:    Checking defaults for OMS/cmsy/m/n on input line 21.
LaTeX Font Info:    ... okay on input line 21.
LaTeX Font Info:    Checking defaults for OMX/cmex/m/n on input line 21.
LaTeX Font Info:    ... okay on input line 21.
LaTeX Font Info:    Checking defaults for U/cmr/m/n on input line 21.
LaTeX Font Info:    ... okay on input line 21.

(/usr/share/texmf-texlive/tex/context/base/supp-pdf.mkii
[Loading MPS to PDF converter (version 2006.09.02).]
\scratchcounter=\count101
\scratchdimen=\dimen123
\scratchbox=\box30
\nofMPsegments=\count102
\nofMParguments=\count103
\everyMPshowfont=\toks18
\MPscratchCnt=\count104
\MPscratchDim=\dimen124
\MPnumerator=\count105
\everyMPtoPDFconversion=\toks19
)
*geometry auto-detecting driver*
*geometry detected driver: pdftex*
-------------------- Geometry parameters
paper: letterpaper
landscape: --
twocolumn: --
twoside: --
asymmetric: --
h-parts: 85.35826pt, 443.57848pt, 85.35826pt
v-parts: 85.35826pt, 624.25346pt, 85.35826pt
hmarginratio: --
vmarginratio: --
lines: --
heightrounded: --
bindingoffset: 0.0pt
truedimen: --
includehead: --
includefoot: --
includemp: --
driver: pdftex
-------------------- Page layout dimensions and switches
\paperwidth  614.295pt
\paperheight 794.96999pt
\textwidth  443.57848pt
\textheight 624.25346pt
\oddsidemargin  13.08827pt
\evensidemargin 13.08827pt
\topmargin  13.08827pt
\headheight 0.0pt
\headsep    0.0pt
\footskip   30.0pt
\marginparwidth 44.0pt
\marginparsep   10.0pt
\columnsep  10.0pt
\skip\footins  10.8pt plus 4.0pt minus 2.0pt
\hoffset 0.0pt
\voffset 0.0pt
\mag 1000

(1in=72.27pt, 1cm=28.45pt)
-----------------------
LaTeX Font Info:    External font `cmex10' loaded for size
(Font)              <14.4> on input line 23.
LaTeX Font Info:    External font `cmex10' loaded for size
(Font)              <7> on input line 23.
LaTeX Font Info:    External font `cmex10' loaded for size
(Font)              <5> on input line 23.
[1

{/var/lib/texmf/fonts/map/pdftex/updmap/pdftex.map}] (./abstract-dynamic.tex
Underfull \hbox (badness 10000) in paragraph at lines 4--41

 []

[2]) [3]
LaTeX Font Info:    External font `cmex10' loaded for size
(Font)              <12> on input line 153.
LaTeX Font Info:    External font `cmex10' loaded for size
(Font)              <8> on input line 153.
LaTeX Font Info:    External font `cmex10' loaded for size
(Font)              <6> on input line 153.
 [4] [5] [6] [7] [8] (./results-dynamic.tex [9] [10]
Overfull \hbox (14.14455pt too wide) in paragraph at lines 94--116
[]\OT1/cmr/m/n/12 The to-tal num-ber and per-cent-age of as-sess-ments that re-
ported biomass- or exploitation-
 []

) [11] [12] [13] [14] [15] (./fishandfisheries-v3.bbl [16] [17]
Underfull \hbox (badness 10000) in paragraph at lines 240--242
[]\OT1/cmr/m/n/12 New Zealand Min-istry of Fish-eries (2009).  Stock Sta-tus
 []


Underfull \hbox (badness 3219) in paragraph at lines 269--271
[]\OT1/cmr/m/n/12 PostgreSQL Global De-vel-op-ment Group (2009).  Post-greSQL, 
ver-sion 8.3.8.
 []

[18]) [19]
\openout2 = `Table1-formatted.aux'.

 (./Table1-formatted.tex
Underfull \hbox (badness 10000) in paragraph at lines 11--11
[]\OT1/cmr/m/n/12 Department of Fish-eries
 []


Underfull \hbox (badness 10000) in paragraph at lines 13--13
[]\OT1/cmr/m/n/12 Unknown man-age-ment
 []


Underfull \hbox (badness 10000) in paragraph at lines 14--14
[]\OT1/cmr/m/n/12 International Com-mis-sion
 []


Underfull \hbox (badness 6575) in paragraph at lines 14--14
\OT1/cmr/m/n/12 for the Con-ser-va-tion of
 []


Underfull \hbox (badness 10000) in paragraph at lines 15--15
[]\OT1/cmr/m/n/12 Inter-American Trop-i-cal
 []


Underfull \hbox (badness 3019) in paragraph at lines 16--16
[]\OT1/cmr/m/n/12 International Pa-cific Hal-
 []


Underfull \hbox (badness 5231) in paragraph at lines 17--17
[]\OT1/cmr/m/n/12 International Coun-cil for
 []


Underfull \hbox (badness 4927) in paragraph at lines 20--20
[]\OT1/cmr/m/n/12 Northwest At-lantic Fish-
 []


Underfull \hbox (badness 2828) in paragraph at lines 23--23
[]\OT1/cmr/m/n/12 Russian Fed-eral Fish-eries
 []


Underfull \hbox (badness 10000) in paragraph at lines 24--24
[]\OT1/cmr/m/n/12 South African na-tional
 []


Underfull \hbox (badness 1270) in paragraph at lines 26--26
[]\OT1/cmr/m/n/12 National Ma-rine Fish-eries
 []

) [20]
Underfull \hbox (badness 10000) in paragraph at lines 764--764
[]|\OT1/cmr/m/it/12 Stock
 []


Underfull \hbox (badness 10000) in paragraph at lines 764--764
[]|\OT1/cmr/m/it/12 Stock
 []


Underfull \hbox (badness 10000) in paragraph at lines 764--764
[]|\OT1/cmr/m/it/12 Species (Com-mon name,
 []


Underfull \hbox (badness 10000) in paragraph at lines 764--764
\OT1/cmr/m/it/12 Latin name) or higher
 []


Underfull \hbox (badness 10000) in paragraph at lines 764--764
[]|\OT1/cmr/m/it/12 In
 []


Underfull \hbox (badness 10000) in paragraph at lines 764--764
[]|\OT1/cmr/m/it/12 Reason
 []


Underfull \hbox (badness 10000) in paragraph at lines 764--764
\OT1/cmr/m/it/12 if not
 []


Underfull \hbox (badness 4454) in paragraph at lines 766--766
[]|\OT1/cmr/m/n/12 Peruvian an-choveta, \OT1/cmr/m/it/12 En-
 []


Underfull \hbox (badness 3713) in paragraph at lines 769--769
[]|\OT1/cmr/m/n/12 Alaska pol-lock, \OT1/cmr/m/it/12 Ther-a-gra
 []


Underfull \hbox (badness 10000) in paragraph at lines 771--771
[]|\OT1/cmr/m/n/12 Atlantic her-ring, \OT1/cmr/m/it/12 Clu-pea
 []


Underfull \hbox (badness 3713) in paragraph at lines 772--772
[]|\OT1/cmr/m/n/12 Alaska pol-lock, \OT1/cmr/m/it/12 Ther-a-gra
 []


Underfull \hbox (badness 10000) in paragraph at lines 775--775
[]|\OT1/cmr/m/n/12 Japanese an-chovy, \OT1/cmr/m/it/12 En-
 []


Underfull \hbox (badness 3713) in paragraph at lines 781--781
[]|\OT1/cmr/m/n/12 Alaska pol-lock, \OT1/cmr/m/it/12 Ther-a-gra
 []


Underfull \hbox (badness 10000) in paragraph at lines 782--782
[]|\OT1/cmr/m/n/12 Argentinean short-finned
 []


Underfull \hbox (badness 10000) in paragraph at lines 784--784
[]|\OT1/cmr/m/n/12 Japanese an-chovy, \OT1/cmr/m/it/12 En-
 []


Underfull \vbox (badness 10000) detected at line 785
 []


Underfull \hbox (badness 10000) in paragraph at lines 786--786
[]|\OT1/cmr/m/n/12 Atlantic cod, \OT1/cmr/m/it/12 Gadus
 []


Underfull \hbox (badness 3000) in paragraph at lines 787--787
[]|\OT1/cmr/m/n/12 European sprat, \OT1/cmr/m/it/12 Sprat-tus
 []


Underfull \hbox (badness 10000) in paragraph at lines 788--788
[]|\OT1/cmr/m/n/12 Atlantic her-ring, \OT1/cmr/m/it/12 Clu-pea
 []


Underfull \hbox (badness 3713) in paragraph at lines 789--789
[]|\OT1/cmr/m/n/12 Alaska pol-lock, \OT1/cmr/m/it/12 Ther-a-gra
 []


Underfull \hbox (badness 10000) in paragraph at lines 791--791
[]|\OT1/cmr/m/n/12 Atlantic her-ring, \OT1/cmr/m/it/12 Clu-pea
 []


Underfull \hbox (badness 10000) in paragraph at lines 794--794
[]|\OT1/cmr/m/n/12 Japanese an-chovy, \OT1/cmr/m/it/12 En-
 []


Underfull \hbox (badness 10000) in paragraph at lines 795--795
[]|\OT1/cmr/m/n/12 European an-chovy, \OT1/cmr/m/it/12 En-
 []


Underfull \hbox (badness 5302) in paragraph at lines 796--796
[]|\OT1/cmr/m/n/12 Chub mack-erel, \OT1/cmr/m/it/12 Scomber
 []


Underfull \hbox (badness 5036) in paragraph at lines 797--797
[]|\OT1/cmr/m/n/12 Indian oil sar-dine, \OT1/cmr/m/it/12 Sar-
 []


Underfull \hbox (badness 3713) in paragraph at lines 804--804
[]|\OT1/cmr/m/n/12 Alaska pol-lock, \OT1/cmr/m/it/12 Ther-a-gra
 []


Underfull \hbox (badness 10000) in paragraph at lines 805--805
[]|\OT1/cmr/m/n/12 Round sar-dinella, \OT1/cmr/m/it/12 Sar-
 []

[21



] [22] [23]
\openout2 = `Figures.aux'.

 (./Figures.tex
Underfull \hbox (badness 10000) in paragraph at lines 4--6

 []


Underfull \hbox (badness 10000) in paragraph at lines 7--19

 []


Underfull \hbox (badness 10000) in paragraph at lines 20--27

 []


Underfull \hbox (badness 10000) in paragraph at lines 29--39

 []


Underfull \hbox (badness 10000) in paragraph at lines 41--48

 []


Underfull \hbox (badness 10000) in paragraph at lines 49--52

 []

[24


]
Underfull \hbox (badness 10000) in paragraph at lines 53--56

 []

[25]
</home/srdbadmin/SQLpg/srdb/trunk/projects/fishandfisheries/GMT/stocks-byLME.pd
f, id=93, 845.1575pt x 597.23125pt>
File: /home/srdbadmin/SQLpg/srdb/trunk/projects/fishandfisheries/GMT/stocks-byL
ME.pdf Graphic file (type pdf)

<use /home/srdbadmin/SQLpg/srdb/trunk/projects/fishandfisheries/GMT/stocks-byLM
E.pdf>
</home/srdbadmin/SQLpg/srdb/trunk/projects/fishandfisheries/R/srdb-by-assessmen
t.pdf, id=94, 722.7pt x 722.7pt>
File: /home/srdbadmin/SQLpg/srdb/trunk/projects/fishandfisheries/R/srdb-by-asse
ssment.pdf Graphic file (type pdf)

<use /home/srdbadmin/SQLpg/srdb/trunk/projects/fishandfisheries/R/srdb-by-asses
sment.pdf>
</home/srdbadmin/SQLpg/srdb/trunk/projects/fishandfisheries/R/three_panel_phylo
.pdf, id=95, 433.62pt x 722.7pt>
File: /home/srdbadmin/SQLpg/srdb/trunk/projects/fishandfisheries/R/three_panel_
phylo.pdf Graphic file (type pdf)

<use /home/srdbadmin/SQLpg/srdb/trunk/projects/fishandfisheries/R/three_panel_p
hylo.pdf>
</home/srdbadmin/SQLpg/srdb/trunk/projects/fishandfisheries/R/orca_plot_v2.pdf,
 id=96, 483.8075pt x 216.81pt>
File: /home/srdbadmin/SQLpg/srdb/trunk/projects/fishandfisheries/R/orca_plot_v2
.pdf Graphic file (type pdf)

<use /home/srdbadmin/SQLpg/srdb/trunk/projects/fishandfisheries/R/orca_plot_v2.
pdf>
</home/srdbadmin/SQLpg/srdb/trunk/projects/fishandfisheries/R/friedegg-single.p
df, id=97, 578.16pt x 722.7pt>
File: /home/srdbadmin/SQLpg/srdb/trunk/projects/fishandfisheries/R/friedegg-sin
gle.pdf Graphic file (type pdf)

<use /home/srdbadmin/SQLpg/srdb/trunk/projects/fishandfisheries/R/friedegg-sing
le.pdf>
</home/srdbadmin/SQLpg/srdb/trunk/projects/fishandfisheries/R/friedegg-by-mgmt.
pdf, id=98, 578.16pt x 722.7pt>
File: /home/srdbadmin/SQLpg/srdb/trunk/projects/fishandfisheries/R/friedegg-by-
mgmt.pdf Graphic file (type pdf)

<use /home/srdbadmin/SQLpg/srdb/trunk/projects/fishandfisheries/R/friedegg-by-m
gmt.pdf>
</home/srdbadmin/SQLpg/srdb/trunk/projects/fishandfisheries/R/TL-quadrant-srdb.
pdf, id=99, 578.16pt x 722.7pt>
File: /home/srdbadmin/SQLpg/srdb/trunk/projects/fishandfisheries/R/TL-quadrant-
srdb.pdf Graphic file (type pdf)

<use /home/srdbadmin/SQLpg/srdb/trunk/projects/fishandfisheries/R/TL-quadrant-s
rdb.pdf>) [26 </home/srdbadmin/SQLpg/srdb/trunk/projects/fishandfisheries/GMT/s
tocks-byLME.pdf, page is rotated 90 degrees>] [27 </home/srdbadmin/SQLpg/srdb/t
runk/projects/fishandfisheries/R/srdb-by-assessment.pdf>] [28 </home/srdbadmin/
SQLpg/srdb/trunk/projects/fishandfisheries/R/three_panel_phylo.pdf>] [29 </home
/srdbadmin/SQLpg/srdb/trunk/projects/fishandfisheries/R/orca_plot_v2.pdf>]
[30 </home/srdbadmin/SQLpg/srdb/trunk/projects/fishandfisheries/R/friedegg-sing
le.pdf>] [31 </home/srdbadmin/SQLpg/srdb/trunk/projects/fishandfisheries/R/frie
degg-by-mgmt.pdf>] [32 </home/srdbadmin/SQLpg/srdb/trunk/projects/fishandfisher
ies/R/TL-quadrant-srdb.pdf>] (./fishandfisheries-v3.aux (./Table1-formatted.aux
) (./Figures.aux)) ) 
Here is how much of TeX's memory you used:
 2331 strings out of 495061
 35204 string characters out of 1182621
 123235 words of memory out of 3000000
 5474 multiletter control sequences out of 15000+50000
 9155 words of font info for 32 fonts, out of 3000000 for 9000
 28 hyphenation exceptions out of 8191
 32i,11n,32p,665b,300s stack positions out of 5000i,500n,10000p,200000b,50000s
</usr/share/texmf-texlive/fonts/type1/public/amsfonts/cm/cm
bx12.pfb></usr/share/texmf-texlive/fonts/type1/public/amsfonts/cm/cmex10.pfb></
usr/share/texmf-texlive/fonts/type1/public/amsfonts/cm/cmmi12.pfb></usr/share/t
exmf-texlive/fonts/type1/public/amsfonts/cm/cmmi6.pfb></usr/share/texmf-texlive
/fonts/type1/public/amsfonts/cm/cmmi8.pfb></usr/share/texmf-texlive/fonts/type1
/public/amsfonts/cm/cmr10.pfb></usr/share/texmf-texlive/fonts/type1/public/amsf
onts/cm/cmr12.pfb></usr/share/texmf-texlive/fonts/type1/public/amsfonts/cm/cmr1
7.pfb></usr/share/texmf-texlive/fonts/type1/public/amsfonts/cm/cmr8.pfb></usr/s
hare/texmf-texlive/fonts/type1/public/amsfonts/cm/cmsy10.pfb></usr/share/texmf-
texlive/fonts/type1/public/amsfonts/cm/cmsy7.pfb></usr/share/texmf-texlive/font
s/type1/public/amsfonts/cm/cmti12.pfb>
Output written on fishandfisheries-v3.pdf (32 pages, 1753637 bytes).
PDF statistics:
 192 PDF objects out of 1000 (max. 8388607)
 0 named destinations out of 1000 (max. 500000)
 36 words of extra memory for PDF output out of 10000 (max. 10000000)

