This is pdfTeX, Version 3.1415926-1.40.10 (TeX Live 2009/Debian) (format=pdflatex 2010.5.25)  4 AUG 2010 13:31
entering extended mode
 restricted \write18 enabled.
 %&-line parsing enabled.
**fishandfisheries-Suppl
(./fishandfisheries-Suppl.tex
LaTeX2e <2009/09/24>
Babel <v3.8l> and hyphenation patterns for english, usenglishmax, dumylang, noh
yphenation, loaded.
(/usr/share/texmf-texlive/tex/latex/base/article.cls
Document Class: article 2007/10/19 v1.4h Standard LaTeX document class
(/usr/share/texmf-texlive/tex/latex/base/size12.clo
File: size12.clo 2007/10/19 v1.4h Standard LaTeX file (size option)
)
\c@part=\count79
\c@section=\count80
\c@subsection=\count81
\c@subsubsection=\count82
\c@paragraph=\count83
\c@subparagraph=\count84
\c@figure=\count85
\c@table=\count86
\abovecaptionskip=\skip41
\belowcaptionskip=\skip42
\bibindent=\dimen102
)
(/usr/share/texmf-texlive/tex/latex/oberdiek/pdflscape.sty
Package: pdflscape 2008/08/11 v0.10 Landscape pages in PDF (HO)

(/usr/share/texmf-texlive/tex/latex/graphics/lscape.sty
Package: lscape 2000/10/22 v3.01 Landscape Pages (DPC)

(/usr/share/texmf-texlive/tex/latex/graphics/graphics.sty
Package: graphics 2009/02/05 v1.0o Standard LaTeX Graphics (DPC,SPQR)

(/usr/share/texmf-texlive/tex/latex/graphics/trig.sty
Package: trig 1999/03/16 v1.09 sin cos tan (DPC)
)
(/etc/texmf/tex/latex/config/graphics.cfg
File: graphics.cfg 2009/08/28 v1.8 graphics configuration of TeX Live
)
Package graphics Info: Driver file: pdftex.def on input line 91.

(/usr/share/texmf-texlive/tex/latex/pdftex-def/pdftex.def
File: pdftex.def 2009/08/25 v0.04m Graphics/color for pdfTeX
\Gread@gobject=\count87
)))
(/usr/share/texmf-texlive/tex/generic/oberdiek/ifpdf.sty
Package: ifpdf 2009/04/10 v2.0 Provides the ifpdf switch (HO)
Package ifpdf Info: pdfTeX in pdf mode detected.
)
Package pdflscape Info: Auto-detected driver: pdftex on input line 75.

(/usr/share/texmf-texlive/tex/generic/ifxetex/ifxetex.sty
Package: ifxetex 2009/01/23 v0.5 Provides ifxetex conditional
))
(/usr/share/texmf-texlive/tex/latex/tools/longtable.sty
Package: longtable 2004/02/01 v4.11 Multi-page Table package (DPC)
\LTleft=\skip43
\LTright=\skip44
\LTpre=\skip45
\LTpost=\skip46
\LTchunksize=\count88
\LTcapwidth=\dimen103
\LT@head=\box26
\LT@firsthead=\box27
\LT@foot=\box28
\LT@lastfoot=\box29
\LT@cols=\count89
\LT@rows=\count90
\c@LT@tables=\count91
\c@LT@chunks=\count92
\LT@p@ftn=\toks14
)
(/usr/share/texmf-texlive/tex/latex/ltxmisc/url.sty
\Urlmuskip=\muskip10
Package: url 2006/04/12  ver 3.3  Verb mode for urls, etc.
)
(/usr/share/texmf-texlive/tex/latex/graphics/graphicx.sty
Package: graphicx 1999/02/16 v1.0f Enhanced LaTeX Graphics (DPC,SPQR)

(/usr/share/texmf-texlive/tex/latex/graphics/keyval.sty
Package: keyval 1999/03/16 v1.13 key=value parser (DPC)
\KV@toks@=\toks15
)
\Gin@req@height=\dimen104
\Gin@req@width=\dimen105
)
(/usr/share/texmf-texlive/tex/latex/paralist/paralist.sty
Package: paralist 2002/03/18 v2.3b Extended list environments (BS)
\pltopsep=\skip47
\plpartopsep=\skip48
\plitemsep=\skip49
\plparsep=\skip50
\pl@lab=\toks16
)
(/usr/share/texmf-texlive/tex/latex/comment/comment.sty
\CommentStream=\write3

Excluding comment 'comment')
(/usr/share/texmf-texlive/tex/latex/graphics/color.sty
Package: color 2005/11/14 v1.0j Standard LaTeX Color (DPC)

(/etc/texmf/tex/latex/config/color.cfg
File: color.cfg 2007/01/18 v1.5 color configuration of teTeX/TeXLive
)
Package color Info: Driver file: pdftex.def on input line 130.
)
(/usr/share/texmf-texlive/tex/latex/geometry/geometry.sty
Package: geometry 2008/12/21 v4.2 Page Geometry

(/usr/share/texmf-texlive/tex/generic/oberdiek/ifvtex.sty
Package: ifvtex 2008/11/04 v1.4 Switches for detecting VTeX and its modes (HO)
Package ifvtex Info: VTeX not detected.
)
\Gm@cnth=\count93
\Gm@cntv=\count94
\c@Gm@tempcnt=\count95
\Gm@bindingoffset=\dimen106
\Gm@wd@mp=\dimen107
\Gm@odd@mp=\dimen108
\Gm@even@mp=\dimen109
\Gm@dimlist=\toks17
)
(/usr/share/texmf-texlive/tex/latex/booktabs/booktabs.sty
Package: booktabs 2005/04/14 v1.61803 publication quality tables
\heavyrulewidth=\dimen110
\lightrulewidth=\dimen111
\cmidrulewidth=\dimen112
\belowrulesep=\dimen113
\belowbottomsep=\dimen114
\aboverulesep=\dimen115
\abovetopsep=\dimen116
\cmidrulesep=\dimen117
\cmidrulekern=\dimen118
\defaultaddspace=\dimen119
\@cmidla=\count96
\@cmidlb=\count97
\@aboverulesep=\dimen120
\@belowrulesep=\dimen121
\@thisruleclass=\count98
\@lastruleclass=\count99
\@thisrulewidth=\dimen122
)
(./fishandfisheries-Suppl.aux (./Table-S1-formatted.aux) (./Table-S2.aux))
\openout1 = `fishandfisheries-Suppl.aux'.

LaTeX Font Info:    Checking defaults for OML/cmm/m/it on input line 19.
LaTeX Font Info:    ... okay on input line 19.
LaTeX Font Info:    Checking defaults for T1/cmr/m/n on input line 19.
LaTeX Font Info:    ... okay on input line 19.
LaTeX Font Info:    Checking defaults for OT1/cmr/m/n on input line 19.
LaTeX Font Info:    ... okay on input line 19.
LaTeX Font Info:    Checking defaults for OMS/cmsy/m/n on input line 19.
LaTeX Font Info:    ... okay on input line 19.
LaTeX Font Info:    Checking defaults for OMX/cmex/m/n on input line 19.
LaTeX Font Info:    ... okay on input line 19.
LaTeX Font Info:    Checking defaults for U/cmr/m/n on input line 19.
LaTeX Font Info:    ... okay on input line 19.

(/usr/share/texmf-texlive/tex/context/base/supp-pdf.mkii
[Loading MPS to PDF converter (version 2006.09.02).]
\scratchcounter=\count100
\scratchdimen=\dimen123
\scratchbox=\box30
\nofMPsegments=\count101
\nofMParguments=\count102
\everyMPshowfont=\toks18
\MPscratchCnt=\count103
\MPscratchDim=\dimen124
\MPnumerator=\count104
\everyMPtoPDFconversion=\toks19
)
*geometry auto-detecting driver*
*geometry detected driver: pdftex*
-------------------- Geometry parameters
paper: letterpaper
landscape: --
twocolumn: --
twoside: --
asymmetric: --
h-parts: 85.35826pt, 443.57848pt, 85.35826pt
v-parts: 85.35826pt, 624.25346pt, 85.35826pt
hmarginratio: --
vmarginratio: --
lines: --
heightrounded: --
bindingoffset: 0.0pt
truedimen: --
includehead: --
includefoot: --
includemp: --
driver: pdftex
-------------------- Page layout dimensions and switches
\paperwidth  614.295pt
\paperheight 794.96999pt
\textwidth  443.57848pt
\textheight 624.25346pt
\oddsidemargin  13.08827pt
\evensidemargin 13.08827pt
\topmargin  13.08827pt
\headheight 0.0pt
\headsep    0.0pt
\footskip   30.0pt
\marginparwidth 44.0pt
\marginparsep   10.0pt
\columnsep  10.0pt
\skip\footins  10.8pt plus 4.0pt minus 2.0pt
\hoffset 0.0pt
\voffset 0.0pt
\mag 1000

(1in=72.27pt, 1cm=28.45pt)
-----------------------
LaTeX Font Info:    External font `cmex10' loaded for size
(Font)              <14.4> on input line 20.
LaTeX Font Info:    External font `cmex10' loaded for size
(Font)              <7> on input line 20.

LaTeX Warning: No \author given.


</home/srdbadmin/SQLpg/srdb/trunk/doc/srdb-ERD.pdf, id=1, 597.50786pt x 845.046
86pt>
File: /home/srdbadmin/SQLpg/srdb/trunk/doc/srdb-ERD.pdf Graphic file (type pdf)

 <use /home/srdbadmin/SQLpg/srdb/trunk/doc/srdb-ERD.pdf>

LaTeX Warning: Float too large for page by 19.19064pt on input line 32.

[1

{/var/lib/texmf/fonts/map/pdftex/updmap/pdftex.map}] [2 </home/srdbadmin/SQLpg/
srdb/trunk/doc/srdb-ERD.pdf>]
\openout2 = `Table-S1-formatted.aux'.

 (./Table-S1-formatted.tex
Overfull \hbox (1.54655pt too wide) in alignment at lines 3--4
 [] [] [] [] [] [] [] [] [] [] 
 []


Overfull \hbox (1.54655pt too wide) in alignment at lines 4--4
 [] [] [] [] [] [] [] [] [] [] 
 []


Underfull \hbox (badness 1354) in paragraph at lines 5--5
[]|\OT1/cmr/m/n/6 B ra-tio
 []


Underfull \hbox (badness 10000) in paragraph at lines 5--5
\OT1/cmr/m/n/6 from
 []


Underfull \hbox (badness 10000) in paragraph at lines 5--5
\OT1/cmr/m/n/6 as-sess-
 []


Underfull \hbox (badness 10000) in paragraph at lines 5--5
\OT1/cmr/m/n/6 from
 []


Underfull \hbox (badness 10000) in paragraph at lines 5--5
\OT1/cmr/m/n/6 as-sess-
 []


Overfull \hbox (1.54655pt too wide) in alignment at lines 4--5
 [] [] [] [] [] [] [] [] [] [] 
 []


Underfull \hbox (badness 10000) in paragraph at lines 9--9
[]|\OT1/cmr/m/n/6 Orange roughy Cas-cade
 []


Underfull \hbox (badness 10000) in paragraph at lines 11--11
[]|\OT1/cmr/m/n/6 Jackass mor-wong South-east
 []


Underfull \hbox (badness 10000) in paragraph at lines 14--14
[]|\OT1/cmr/m/n/6 Northern Aus-tralia grooved
 []


Underfull \hbox (badness 10000) in paragraph at lines 17--17
[]|\OT1/cmr/m/n/6 common gem-fish South-east
 []


Underfull \hbox (badness 2564) in paragraph at lines 23--23
[]|\OT1/cmr/m/n/6 Argentine an-choita North-ern
 []


Underfull \hbox (badness 2744) in paragraph at lines 24--24
[]|\OT1/cmr/m/n/6 Argentine an-choita South-ern
 []


Overfull \hbox (1.54655pt too wide) in alignment at lines 5--26
 [] [] [] [] [] [] [] [] [] [] 
 []


Underfull \hbox (badness 10000) in paragraph at lines 29--29
[]|\OT1/cmr/m/n/6 Patagonian tooth-fish South
 []


Underfull \hbox (badness 10000) in paragraph at lines 29--29
\OT1/cmr/m/n/6 Africa Sub-antarc-tic Prince
 []


Underfull \hbox (badness 3209) in paragraph at lines 30--30
[]|\OT1/cmr/m/n/6 Statistical catch at age
 []


Underfull \hbox (badness 3209) in paragraph at lines 32--32
[]|\OT1/cmr/m/n/6 Statistical catch at age
 []


Underfull \hbox (badness 3209) in paragraph at lines 33--33
[]|\OT1/cmr/m/n/6 Statistical catch at age
 []


Underfull \hbox (badness 3209) in paragraph at lines 34--34
[]|\OT1/cmr/m/n/6 Statistical catch at age
 []


Underfull \hbox (badness 3209) in paragraph at lines 35--35
[]|\OT1/cmr/m/n/6 Statistical catch at age
 []


Underfull \hbox (badness 3209) in paragraph at lines 36--36
[]|\OT1/cmr/m/n/6 Statistical catch at age
 []


Underfull \hbox (badness 3209) in paragraph at lines 37--37
[]|\OT1/cmr/m/n/6 Statistical catch at age
 []


Underfull \hbox (badness 1132) in paragraph at lines 39--39
[]|\OT1/cmr/m/n/6 Deep-water cape hake South
 []


Underfull \hbox (badness 3209) in paragraph at lines 40--40
[]|\OT1/cmr/m/n/6 Statistical catch at age
 []


Underfull \hbox (badness 3209) in paragraph at lines 41--41
[]|\OT1/cmr/m/n/6 Statistical catch at age
 []


Underfull \hbox (badness 4181) in paragraph at lines 42--42
[]|\OT1/cmr/m/n/6 Cape horse mack-erel South
 []


Underfull \hbox (badness 10000) in paragraph at lines 45--45
[]|\OT1/cmr/m/n/6 Herring NAFO 4R spring
 []


Overfull \hbox (1.54655pt too wide) in alignment at lines 26--46
 [] [] [] [] [] [] [] [] [] [] 
 []


Underfull \hbox (badness 10000) in paragraph at lines 47--47
[]|\OT1/cmr/m/n/6 Herring NAFO 4T spring
 []


Underfull \hbox (badness 3209) in paragraph at lines 48--48
[]|\OT1/cmr/m/n/6 Statistical catch at age
 []


Underfull \hbox (badness 3209) in paragraph at lines 49--49
[]|\OT1/cmr/m/n/6 Statistical catch at age
 []


Underfull \hbox (badness 1845) in paragraph at lines 50--50
[]|\OT1/cmr/m/n/6 Pacific her-ring Queen Char-
 []


Underfull \hbox (badness 3209) in paragraph at lines 50--50
[]|\OT1/cmr/m/n/6 Statistical catch at age
 []


Underfull \hbox (badness 10000) in paragraph at lines 51--51
[]|\OT1/cmr/m/n/6 Pacific her-ring Straight of
 []


Underfull \hbox (badness 3209) in paragraph at lines 51--51
[]|\OT1/cmr/m/n/6 Statistical catch at age
 []


Underfull \hbox (badness 3209) in paragraph at lines 52--52
[]|\OT1/cmr/m/n/6 Statistical catch at age
 []


Underfull \hbox (badness 3209) in paragraph at lines 60--60
[]|\OT1/cmr/m/n/6 Statistical catch at age
 []


Underfull \hbox (badness 3209) in paragraph at lines 63--63
[]|\OT1/cmr/m/n/6 Statistical catch at age
 []


Underfull \hbox (badness 3209) in paragraph at lines 65--65
[]|\OT1/cmr/m/n/6 Statistical catch at age
 []


Overfull \hbox (1.54655pt too wide) in alignment at lines 46--66
 [] [] [] [] [] [] [] [] [] [] 
 []

[3


]
Underfull \hbox (badness 3209) in paragraph at lines 78--78
[]|\OT1/cmr/m/n/6 Statistical catch at age
 []


Underfull \hbox (badness 3209) in paragraph at lines 79--79
[]|\OT1/cmr/m/n/6 Statistical catch at age
 []


Underfull \hbox (badness 3209) in paragraph at lines 80--80
[]|\OT1/cmr/m/n/6 Statistical catch at age
 []


Underfull \hbox (badness 3209) in paragraph at lines 81--81
[]|\OT1/cmr/m/n/6 Statistical catch at age
 []


Overfull \hbox (1.54655pt too wide) in alignment at lines 66--86
 [] [] [] [] [] [] [] [] [] [] 
 []


Underfull \hbox (badness 10000) in paragraph at lines 86--86
[]|\OT1/cmr/m/n/6 Herring Ice-land (Sum-mer
 []


Underfull \hbox (badness 3209) in paragraph at lines 92--92
[]|\OT1/cmr/m/n/6 Statistical catch at age
 []


Underfull \hbox (badness 3209) in paragraph at lines 97--97
[]|\OT1/cmr/m/n/6 Statistical catch at age
 []


Underfull \hbox (badness 10000) in paragraph at lines 99--99
[]|\OT1/cmr/m/n/6 Fourspotted megrim ICES
 []


Overfull \hbox (1.54655pt too wide) in alignment at lines 86--106
 [] [] [] [] [] [] [] [] [] [] 
 []

[4]
Underfull \hbox (badness 3209) in paragraph at lines 107--107
[]|\OT1/cmr/m/n/6 Statistical catch at age
 []


Underfull \hbox (badness 3209) in paragraph at lines 117--117
[]|\OT1/cmr/m/n/6 Statistical catch at age
 []


Underfull \hbox (badness 2990) in paragraph at lines 125--125
[]|\OT1/cmr/m/n/6 Pollock ICES IIIa, VI and
 []


Overfull \hbox (1.54655pt too wide) in alignment at lines 106--126
 [] [] [] [] [] [] [] [] [] [] 
 []


Underfull \hbox (badness 2653) in paragraph at lines 126--126
[]|\OT1/cmr/m/n/6 Greenland hal-ibut North-east
 []


Underfull \hbox (badness 3209) in paragraph at lines 127--127
[]|\OT1/cmr/m/n/6 Statistical catch at age
 []


Underfull \hbox (badness 3209) in paragraph at lines 128--128
[]|\OT1/cmr/m/n/6 Statistical catch at age
 []


Underfull \hbox (badness 3209) in paragraph at lines 129--129
[]|\OT1/cmr/m/n/6 Statistical catch at age
 []


Underfull \hbox (badness 1199) in paragraph at lines 132--132
[]|\OT1/cmr/m/n/6 common Eu-ro-pean sole Irish
 []


Underfull \hbox (badness 3209) in paragraph at lines 137--137
[]|\OT1/cmr/m/n/6 Statistical catch at age
 []


Underfull \hbox (badness 10000) in paragraph at lines 140--140
[]|\OT1/cmr/m/n/6 Peruvian an-choveta North-
 []


Underfull \hbox (badness 3209) in paragraph at lines 142--142
[]|\OT1/cmr/m/n/6 Statistical catch at age
 []


Underfull \hbox (badness 10000) in paragraph at lines 143--143
[]|\OT1/cmr/m/n/6 Black oreo West end of
 []


Underfull \hbox (badness 10000) in paragraph at lines 144--144
[]|\OT1/cmr/m/n/6 Australian salmon New
 []


Underfull \hbox (badness 6300) in paragraph at lines 145--145
[]|\OT1/cmr/m/n/6 New Zealand snap-per New
 []


Overfull \hbox (1.54655pt too wide) in alignment at lines 126--146
 [] [] [] [] [] [] [] [] [] [] 
 []

[5]
Underfull \hbox (badness 1087) in paragraph at lines 155--155
[]|\OT1/cmr/m/n/6 Orange roughy New Zealand
 []


Overfull \hbox (1.54655pt too wide) in alignment at lines 146--166
 [] [] [] [] [] [] [] [] [] [] 
 []


Underfull \hbox (badness 1565) in paragraph at lines 168--168
[]|\OT1/cmr/m/n/6 Trevally New Zealand Ar-eas
 []


Underfull \hbox (badness 6078) in paragraph at lines 170--170
[]|\OT1/cmr/m/n/6 Smooth oreo West end of
 []


Underfull \hbox (badness 10000) in paragraph at lines 176--176
[]|\OT1/cmr/m/n/6 Yellowtail Floun-der NAFO
 []


Underfull \hbox (badness 10000) in paragraph at lines 179--179
[]|\OT1/cmr/m/n/6 Greenland hal-ibut NAFO
 []


Underfull \hbox (badness 3209) in paragraph at lines 180--180
[]|\OT1/cmr/m/n/6 Statistical catch at age
 []


Underfull \hbox (badness 3209) in paragraph at lines 184--184
[]|\OT1/cmr/m/n/6 Statistical catch at age
 []


Underfull \hbox (badness 3209) in paragraph at lines 185--185
[]|\OT1/cmr/m/n/6 Statistical catch at age
 []


Overfull \hbox (1.54655pt too wide) in alignment at lines 166--186
 [] [] [] [] [] [] [] [] [] [] 
 []

[6]
Underfull \hbox (badness 2065) in paragraph at lines 191--191
[]|\OT1/cmr/m/n/6 Black sea bass Mid-Atlantic
 []


Underfull \hbox (badness 3209) in paragraph at lines 191--191
[]|\OT1/cmr/m/n/6 Statistical catch at age
 []


Underfull \hbox (badness 3209) in paragraph at lines 193--193
[]|\OT1/cmr/m/n/6 Statistical catch at age
 []


Underfull \hbox (badness 3209) in paragraph at lines 194--194
[]|\OT1/cmr/m/n/6 Statistical catch at age
 []


Underfull \hbox (badness 3209) in paragraph at lines 195--195
[]|\OT1/cmr/m/n/6 Statistical catch at age
 []


Underfull \hbox (badness 3209) in paragraph at lines 199--199
[]|\OT1/cmr/m/n/6 Statistical catch at age
 []


Underfull \hbox (badness 3209) in paragraph at lines 200--200
[]|\OT1/cmr/m/n/6 Statistical catch at age
 []


Underfull \hbox (badness 2277) in paragraph at lines 201--201
[]|\OT1/cmr/m/n/6 Pacific cod Bering Sea and
 []


Overfull \hbox (1.54655pt too wide) in alignment at lines 186--206
 [] [] [] [] [] [] [] [] [] [] 
 []

[7]
Underfull \hbox (badness 3209) in paragraph at lines 206--206
[]|\OT1/cmr/m/n/6 Statistical catch at age
 []


Underfull \hbox (badness 3209) in paragraph at lines 208--208
[]|\OT1/cmr/m/n/6 Statistical catch at age
 []


Underfull \hbox (badness 3209) in paragraph at lines 209--209
[]|\OT1/cmr/m/n/6 Statistical catch at age
 []


Underfull \hbox (badness 10000) in paragraph at lines 212--212
[]|\OT1/cmr/m/n/6 American lob-ster Georges
 []


Underfull \hbox (badness 10000) in paragraph at lines 214--214
[]|\OT1/cmr/m/n/6 American lob-ster South-ern
 []


Underfull \hbox (badness 4752) in paragraph at lines 216--216
[]|\OT1/cmr/m/n/6 Northern rock sole East-ern
 []


Underfull \hbox (badness 1005) in paragraph at lines 216--216
\OT1/cmr/m/n/6 Bering Sea and Aleu-tian Is-
 []


Underfull \hbox (badness 3209) in paragraph at lines 216--216
[]|\OT1/cmr/m/n/6 Statistical catch at age
 []


Underfull \hbox (badness 3209) in paragraph at lines 217--217
[]|\OT1/cmr/m/n/6 Statistical catch at age
 []


Underfull \hbox (badness 10000) in paragraph at lines 219--219
[]|\OT1/cmr/m/n/6 Yellowtail floun-der Georges
 []


Underfull \hbox (badness 1009) in paragraph at lines 220--220
[]|\OT1/cmr/m/n/6 Yellowtail Floun-der South-ern
 []


Underfull \hbox (badness 4686) in paragraph at lines 223--223
[]|\OT1/cmr/m/n/6 Monkfish Gulf of Maine /
 []


Underfull \hbox (badness 10000) in paragraph at lines 224--224
[]|\OT1/cmr/m/n/6 Monkfish South-ern Georges
 []


Overfull \hbox (1.54655pt too wide) in alignment at lines 206--226
 [] [] [] [] [] [] [] [] [] [] 
 []


Underfull \hbox (badness 10000) in paragraph at lines 226--226
[]|\OT1/cmr/m/n/6 Tilefish South-ern At-lantic
 []


Underfull \hbox (badness 3209) in paragraph at lines 226--226
[]|\OT1/cmr/m/n/6 Statistical catch at age
 []


Underfull \hbox (badness 3209) in paragraph at lines 227--227
[]|\OT1/cmr/m/n/6 Statistical catch at age
 []


Underfull \hbox (badness 3209) in paragraph at lines 228--228
[]|\OT1/cmr/m/n/6 Statistical catch at age
 []


Underfull \hbox (badness 3209) in paragraph at lines 229--229
[]|\OT1/cmr/m/n/6 Statistical catch at age
 []


Underfull \hbox (badness 3209) in paragraph at lines 230--230
[]|\OT1/cmr/m/n/6 Statistical catch at age
 []


Underfull \hbox (badness 3209) in paragraph at lines 237--237
[]|\OT1/cmr/m/n/6 Statistical catch at age
 []


Underfull \hbox (badness 3209) in paragraph at lines 239--239
[]|\OT1/cmr/m/n/6 Statistical catch at age
 []


Underfull \hbox (badness 3209) in paragraph at lines 241--241
[]|\OT1/cmr/m/n/6 Statistical catch at age
 []


Underfull \hbox (badness 5274) in paragraph at lines 242--242
[]|\OT1/cmr/m/n/6 Yellowtail snap-per South-ern
 []


Underfull \hbox (badness 2334) in paragraph at lines 242--242
\OT1/cmr/m/n/6 At-lantic Coast and Gulf of
 []


Underfull \hbox (badness 3209) in paragraph at lines 242--242
[]|\OT1/cmr/m/n/6 Statistical catch at age
 []


Underfull \hbox (badness 3209) in paragraph at lines 245--245
[]|\OT1/cmr/m/n/6 Statistical catch at age
 []


Overfull \hbox (1.54655pt too wide) in alignment at lines 226--246
 [] [] [] [] [] [] [] [] [] [] 
 []

[8]
Underfull \hbox (badness 3209) in paragraph at lines 246--246
[]|\OT1/cmr/m/n/6 Statistical catch at age
 []


Underfull \hbox (badness 3209) in paragraph at lines 247--247
[]|\OT1/cmr/m/n/6 Statistical catch at age
 []


Underfull \hbox (badness 7451) in paragraph at lines 251--251
[]|\OT1/cmr/m/n/6 Atlantic but-ter-fish Gulf of
 []


Underfull \hbox (badness 3209) in paragraph at lines 256--256
[]|\OT1/cmr/m/n/6 Statistical catch at age
 []


Underfull \hbox (badness 3209) in paragraph at lines 257--257
[]|\OT1/cmr/m/n/6 Statistical catch at age
 []


Underfull \hbox (badness 3209) in paragraph at lines 259--259
[]|\OT1/cmr/m/n/6 Statistical catch at age
 []


Underfull \hbox (badness 3209) in paragraph at lines 264--264
[]|\OT1/cmr/m/n/6 Statistical catch at age
 []


Underfull \hbox (badness 7963) in paragraph at lines 265--265
[]|\OT1/cmr/m/n/6 Arrowtooth floun-der Bering
 []


Underfull \hbox (badness 3209) in paragraph at lines 265--265
[]|\OT1/cmr/m/n/6 Statistical catch at age
 []


Overfull \hbox (1.54655pt too wide) in alignment at lines 246--266
 [] [] [] [] [] [] [] [] [] [] 
 []


Underfull \hbox (badness 1460) in paragraph at lines 266--266
[]|\OT1/cmr/m/n/6 Arrowtooth floun-der Gulf of
 []


Underfull \hbox (badness 3209) in paragraph at lines 266--266
[]|\OT1/cmr/m/n/6 Statistical catch at age
 []


Underfull \hbox (badness 7576) in paragraph at lines 267--267
[]|\OT1/cmr/m/n/6 Arrowtooth floun-der Pa-cific
 []


Underfull \hbox (badness 6741) in paragraph at lines 270--270
[]|\OT1/cmr/m/n/6 Vermilion snap-per South-ern
 []


Underfull \hbox (badness 3209) in paragraph at lines 270--270
[]|\OT1/cmr/m/n/6 Statistical catch at age
 []


Underfull \hbox (badness 3209) in paragraph at lines 271--271
[]|\OT1/cmr/m/n/6 Statistical catch at age
 []


Underfull \hbox (badness 3209) in paragraph at lines 273--273
[]|\OT1/cmr/m/n/6 Statistical catch at age
 []


Underfull \hbox (badness 1803) in paragraph at lines 275--275
[]|\OT1/cmr/m/n/6 King mack-erel South-ern At-
 []


Underfull \hbox (badness 3209) in paragraph at lines 276--276
[]|\OT1/cmr/m/n/6 Statistical catch at age
 []


Underfull \hbox (badness 10000) in paragraph at lines 277--277
[]|\OT1/cmr/m/n/6 Atlantic mack-erel Gulf of
 []


Underfull \hbox (badness 10000) in paragraph at lines 279--279
[]|\OT1/cmr/m/n/6 Windowpane South-ern New
 []


Underfull \hbox (badness 3209) in paragraph at lines 280--280
[]|\OT1/cmr/m/n/6 Statistical catch at age
 []


Underfull \hbox (badness 3209) in paragraph at lines 283--283
[]|\OT1/cmr/m/n/6 Statistical catch at age
 []


Underfull \hbox (badness 10000) in paragraph at lines 284--284
[]|\OT1/cmr/m/n/6 Rougheye rock-fish Gulf of
 []


Underfull \hbox (badness 3209) in paragraph at lines 284--284
[]|\OT1/cmr/m/n/6 Statistical catch at age
 []


Underfull \hbox (badness 1558) in paragraph at lines 285--285
[]|\OT1/cmr/m/n/6 Pacific Ocean perch East-ern
 []


Underfull \hbox (badness 1005) in paragraph at lines 285--285
\OT1/cmr/m/n/6 Bering Sea and Aleu-tian Is-
 []


Underfull \hbox (badness 3209) in paragraph at lines 285--285
[]|\OT1/cmr/m/n/6 Statistical catch at age
 []


Overfull \hbox (1.54655pt too wide) in alignment at lines 266--286
 [] [] [] [] [] [] [] [] [] [] 
 []

[9]
Underfull \hbox (badness 1931) in paragraph at lines 286--286
[]|\OT1/cmr/m/n/6 Pacific ocean perch Gulf of
 []


Underfull \hbox (badness 3209) in paragraph at lines 286--286
[]|\OT1/cmr/m/n/6 Statistical catch at age
 []


Underfull \hbox (badness 6188) in paragraph at lines 287--287
[]|\OT1/cmr/m/n/6 Pacific ocean perch Pa-cific
 []


Underfull \hbox (badness 3209) in paragraph at lines 287--287
[]|\OT1/cmr/m/n/6 Statistical catch at age
 []


Underfull \hbox (badness 3209) in paragraph at lines 288--288
[]|\OT1/cmr/m/n/6 Statistical catch at age
 []


Underfull \hbox (badness 1173) in paragraph at lines 290--290
[]|\OT1/cmr/m/n/6 Darkblotched rock-fish Pa-cific
 []


Underfull \hbox (badness 3209) in paragraph at lines 291--291
[]|\OT1/cmr/m/n/6 Statistical catch at age
 []


Underfull \hbox (badness 3209) in paragraph at lines 292--292
[]|\OT1/cmr/m/n/6 Statistical catch at age
 []


Underfull \hbox (badness 5388) in paragraph at lines 293--293
[]|\OT1/cmr/m/n/6 Yellowtail rock-fish North-ern
 []


Underfull \hbox (badness 2426) in paragraph at lines 294--294
[]|\OT1/cmr/m/n/6 Chilipepper South-ern Pa-cific
 []


Underfull \hbox (badness 10000) in paragraph at lines 295--295
[]|\OT1/cmr/m/n/6 Shortbelly rock-fish Pa-cific
 []


Underfull \hbox (badness 10000) in paragraph at lines 301--301
[]|\OT1/cmr/m/n/6 Bocaccio South-ern Pa-cific
 []


Underfull \hbox (badness 3209) in paragraph at lines 303--303
[]|\OT1/cmr/m/n/6 Statistical catch at age
 []


Underfull \hbox (badness 10000) in paragraph at lines 304--304
[]|\OT1/cmr/m/n/6 Northern rock-fish Gulf of
 []


Underfull \hbox (badness 3209) in paragraph at lines 304--304
[]|\OT1/cmr/m/n/6 Statistical catch at age
 []


Underfull \hbox (badness 10000) in paragraph at lines 305--305
[]|\OT1/cmr/m/n/6 Yelloweye rock-fish Pa-cific
 []


Overfull \hbox (1.54655pt too wide) in alignment at lines 286--306
 [] [] [] [] [] [] [] [] [] [] 
 []

[10]
Underfull \hbox (badness 3209) in paragraph at lines 306--306
[]|\OT1/cmr/m/n/6 Statistical catch at age
 []


Underfull \hbox (badness 7308) in paragraph at lines 309--309
[]|\OT1/cmr/m/n/6 Greater am-ber-jack Gulf of
 []


Underfull \hbox (badness 4492) in paragraph at lines 310--310
[]|\OT1/cmr/m/n/6 Greater am-ber-jack South-ern
 []


Underfull \hbox (badness 3209) in paragraph at lines 310--310
[]|\OT1/cmr/m/n/6 Statistical catch at age
 []


Underfull \hbox (badness 3209) in paragraph at lines 314--314
[]|\OT1/cmr/m/n/6 Statistical catch at age
 []


Underfull \hbox (badness 1515) in paragraph at lines 315--315
[]|\OT1/cmr/m/n/6 Walleye pol-lock Aleu-tian Is-
 []


Underfull \hbox (badness 3209) in paragraph at lines 315--315
[]|\OT1/cmr/m/n/6 Statistical catch at age
 []


Underfull \hbox (badness 3209) in paragraph at lines 316--316
[]|\OT1/cmr/m/n/6 Statistical catch at age
 []


Underfull \hbox (badness 3209) in paragraph at lines 317--317
[]|\OT1/cmr/m/n/6 Statistical catch at age
 []


Underfull \hbox (badness 10000) in paragraph at lines 320--320
[]|\OT1/cmr/m/n/6 Walleye pol-lock West-ern
 []


Overfull \hbox (1.54655pt too wide) in alignment at lines 306--326
 [] [] [] [] [] [] [] [] [] [] 
 []


Underfull \hbox (badness 3209) in paragraph at lines 326--326
[]|\OT1/cmr/m/n/6 Statistical catch at age
 []


Underfull \hbox (badness 1755) in paragraph at lines 327--327
[]|\OT1/cmr/m/n/6 Albacore tuna South Pa-cific
 []


Underfull \hbox (badness 3209) in paragraph at lines 327--327
[]|\OT1/cmr/m/n/6 Statistical catch at age
 []


Underfull \hbox (badness 3209) in paragraph at lines 328--328
[]|\OT1/cmr/m/n/6 Statistical catch at age
 []


Underfull \hbox (badness 1688) in paragraph at lines 329--329
[]|\OT1/cmr/m/n/6 Bigeye tuna West-ern Pa-cific
 []


Underfull \hbox (badness 3209) in paragraph at lines 329--329
[]|\OT1/cmr/m/n/6 Statistical catch at age
 []


Overfull \hbox (1.54655pt too wide) in alignment at lines 326--334
 [] [] [] [] [] [] [] [] [] [] 
 []

[11]) [12]
\openout2 = `Table-S2.aux'.

 (./Table-S2.tex
LaTeX Font Info:    External font `cmex10' loaded for size
(Font)              <12> on input line 5.
LaTeX Font Info:    External font `cmex10' loaded for size
(Font)              <8> on input line 5.
LaTeX Font Info:    External font `cmex10' loaded for size
(Font)              <6> on input line 5.
) [13



] (./fishandfisheries-Suppl.aux
(./Table-S1-formatted.aux) (./Table-S2.aux)) ) 
Here is how much of TeX's memory you used:
 1794 strings out of 495061
 24252 string characters out of 1182621
 142236 words of memory out of 3000000
 4957 multiletter control sequences out of 15000+50000
 8850 words of font info for 31 fonts, out of 3000000 for 9000
 28 hyphenation exceptions out of 8191
 32i,9n,21p,682b,287s stack positions out of 5000i,500n,10000p,200000b,50000s
</usr/share/texmf-texlive/fonts/t
ype1/public/amsfonts/cm/cmbx12.pfb></usr/share/texmf-texlive/fonts/type1/public
/amsfonts/cm/cmmi12.pfb></usr/share/texmf-texlive/fonts/type1/public/amsfonts/c
m/cmr12.pfb></usr/share/texmf-texlive/fonts/type1/public/amsfonts/cm/cmr17.pfb>
</usr/share/texmf-texlive/fonts/type1/public/amsfonts/cm/cmr6.pfb></usr/share/t
exmf-texlive/fonts/type1/public/amsfonts/cm/cmti7.pfb>
Output written on fishandfisheries-Suppl.pdf (13 pages, 138992 bytes).
PDF statistics:
 86 PDF objects out of 1000 (max. 8388607)
 0 named destinations out of 1000 (max. 500000)
 6 words of extra memory for PDF output out of 10000 (max. 10000000)

