This is pdfTeXk, Version 3.141592-1.40.3 (Web2C 7.5.6) (format=latex 2010.5.7)  10 MAY 2010 12:10
entering extended mode
 %&-line parsing enabled.
**./images.tex
(./images.tex
LaTeX2e <2005/12/01>
Babel <v3.8h> and hyphenation patterns for english, usenglishmax, dumylang, noh
yphenation, loaded.

(/usr/share/texmf-texlive/tex/latex/base/article.cls
Document Class: article 2005/09/16 v1.4f Standard LaTeX document class
(/usr/share/texmf-texlive/tex/latex/base/size12.clo
File: size12.clo 2005/09/16 v1.4f Standard LaTeX file (size option)
)
\c@part=\count79
\c@section=\count80
\c@subsection=\count81
\c@subsubsection=\count82
\c@paragraph=\count83
\c@subparagraph=\count84
\c@figure=\count85
\c@table=\count86
\abovecaptionskip=\skip41
\belowcaptionskip=\skip42
\bibindent=\dimen102
) (/usr/share/texmf-texlive/tex/latex/base/ifthen.sty
Package: ifthen 2001/05/26 v1.1c Standard LaTeX ifthen package (DPC)
) (/usr/share/texmf-texlive/tex/latex/tools/longtable.sty
Package: longtable 2004/02/01 v4.11 Multi-page Table package (DPC)
\LTleft=\skip43
\LTright=\skip44
\LTpre=\skip45
\LTpost=\skip46
\LTchunksize=\count87
\LTcapwidth=\dimen103
\LT@head=\box26
\LT@firsthead=\box27
\LT@foot=\box28
\LT@lastfoot=\box29
\LT@cols=\count88
\LT@rows=\count89
\c@LT@tables=\count90
\c@LT@chunks=\count91
\LT@p@ftn=\toks14
) (/usr/share/texmf-texlive/tex/latex/natbib/natbib.sty
Package: natbib 2007/02/05 8.0 (PWD)
\bibhang=\skip47
\bibsep=\skip48
LaTeX Info: Redefining \cite on input line 602.
\c@NAT@ctr=\count92
) (/usr/share/texmf-texlive/tex/latex/ltxmisc/url.sty
\Urlmuskip=\muskip10
Package: url 2005/06/27  ver 3.2  Verb mode for urls, etc.
) (/usr/share/texmf-texlive/tex/latex/graphics/graphicx.sty
Package: graphicx 1999/02/16 v1.0f Enhanced LaTeX Graphics (DPC,SPQR)
(/usr/share/texmf-texlive/tex/latex/graphics/keyval.sty
Package: keyval 1999/03/16 v1.13 key=value parser (DPC)
\KV@toks@=\toks15
) (/usr/share/texmf-texlive/tex/latex/graphics/graphics.sty
Package: graphics 2006/02/20 v1.0o Standard LaTeX Graphics (DPC,SPQR)
(/usr/share/texmf-texlive/tex/latex/graphics/trig.sty
Package: trig 1999/03/16 v1.09 sin cos tan (DPC)
) (/etc/texmf/tex/latex/config/graphics.cfg
File: graphics.cfg 2007/01/18 v1.5 graphics configuration of teTeX/TeXLive
)
Package graphics Info: Driver file: dvips.def on input line 90.
(/usr/share/texmf-texlive/tex/latex/graphics/dvips.def
File: dvips.def 1999/02/16 v3.0i Driver-dependant file (DPC,SPQR)
))
\Gin@req@height=\dimen104
\Gin@req@width=\dimen105
) (/usr/share/texmf-texlive/tex/latex/lineno/lineno.sty
Package: lineno 2005/11/02 line numbers on paragraphs v4.41
\linenopenalty=\count93
\output=\toks16
\linenoprevgraf=\count94
\linenumbersep=\dimen106
\linenumberwidth=\dimen107
\c@linenumber=\count95
\c@pagewiselinenumber=\count96
\c@LN@truepage=\count97
\c@internallinenumber=\count98
\c@internallinenumbers=\count99
\quotelinenumbersep=\dimen108
\bframerule=\dimen109
\bframesep=\dimen110
\bframebox=\box30
LaTeX Info: Redefining \\ on input line 3056.
) (/usr/share/texmf-texlive/tex/latex/paralist/paralist.sty
Package: paralist 2002/03/18 v2.3b Extended list environments (BS)
\pltopsep=\skip49
\plpartopsep=\skip50
\plitemsep=\skip51
\plparsep=\skip52
\pl@lab=\toks17
) (/usr/share/texmf-texlive/tex/latex/comment/comment.sty
\CommentStream=\write3
Excluding comment 'comment') (/usr/share/texmf-texlive/tex/latex/graphics/color
.sty
Package: color 2005/11/14 v1.0j Standard LaTeX Color (DPC)
(/etc/texmf/tex/latex/config/color.cfg
File: color.cfg 2007/01/18 v1.5 color configuration of teTeX/TeXLive
)
Package color Info: Driver file: dvips.def on input line 130.
(/usr/share/texmf-texlive/tex/latex/graphics/dvipsnam.def
File: dvipsnam.def 1999/02/16 v3.0i Driver-dependant file (DPC,SPQR)
)) (/usr/share/texmf-texlive/tex/latex/geometry/geometry.sty
Package: geometry 2002/07/08 v3.2 Page Geometry
\Gm@cnth=\count100
\Gm@cntv=\count101
\c@Gm@tempcnt=\count102
\Gm@bindingoffset=\dimen111
\Gm@wd@mp=\dimen112
\Gm@odd@mp=\dimen113
\Gm@even@mp=\dimen114
\Gm@dimlist=\toks18
) (/usr/share/texmf-texlive/tex/latex/base/inputenc.sty
Package: inputenc 2006/05/05 v1.1b Input encoding file
\inpenc@prehook=\toks19
\inpenc@posthook=\toks20
(/usr/share/texmf-texlive/tex/latex/base/latin1.def
File: latin1.def 2006/05/05 v1.1b Input encoding file
))
\sizebox=\box31
\lthtmlwrite=\write4
(./images.aux
(/newhome/home/srdbadmin/SQLpg/srdb/trunk/projects/fishandfisheries/tex/Tables.
aux)
(/newhome/home/srdbadmin/SQLpg/srdb/trunk/projects/fishandfisheries/tex/Figures
.aux)
(/newhome/home/srdbadmin/SQLpg/srdb/trunk/projects/fishandfisheries/tex/Table-S
1.aux)
(/newhome/home/srdbadmin/SQLpg/srdb/trunk/projects/fishandfisheries/tex/Table-S
2.aux))
\openout1 = `images.aux'.

LaTeX Font Info:    Checking defaults for OML/cmm/m/it on input line 131.
LaTeX Font Info:    ... okay on input line 131.
LaTeX Font Info:    Checking defaults for T1/cmr/m/n on input line 131.
LaTeX Font Info:    ... okay on input line 131.
LaTeX Font Info:    Checking defaults for OT1/cmr/m/n on input line 131.
LaTeX Font Info:    ... okay on input line 131.
LaTeX Font Info:    Checking defaults for OMS/cmsy/m/n on input line 131.
LaTeX Font Info:    ... okay on input line 131.
LaTeX Font Info:    Checking defaults for OMX/cmex/m/n on input line 131.
LaTeX Font Info:    ... okay on input line 131.
LaTeX Font Info:    Checking defaults for U/cmr/m/n on input line 131.
LaTeX Font Info:    ... okay on input line 131.
-------------------- Geometry parameters
paper: letterpaper
landscape: --
twocolumn: --
twoside: --
asymmetric: --
h-parts: 85.35826pt, 443.57848pt, 85.35826pt
v-parts: 85.35826pt, 624.25346pt, 85.35826pt
hmarginratio: --
vmarginratio: --
lines: --
heightrounded: --
bindingoffset: 0.0pt
truedimen: --
includehead: --
includefoot: --
includemp: --
driver: 
-------------------- Page layout dimensions and switches
\paperwidth  614.295pt
\paperheight 794.96999pt
\textwidth  349.0pt
\textheight 667.34174pt
\oddsidemargin  13.08827pt
\evensidemargin 13.08827pt
\topmargin  0.0pt
\headheight 0.0pt
\headsep    0.0pt
\footskip   0.0pt
\marginparwidth 44.0pt
\marginparsep   10.0pt
\columnsep  10.0pt
\skip\footins  10.8pt plus 4.0pt minus 2.0pt
\hoffset 0.0pt
\voffset 0.0pt
\mag 1000

(1in=72.27pt, 1cm=28.45pt)
-----------------------

latex2htmlLength hsize=349.0pt

latex2htmlLength vsize=667.34174pt

latex2htmlLength hoffset=0.0pt

latex2htmlLength voffset=0.0pt

latex2htmlLength topmargin=0.0pt

latex2htmlLength topskip=0.00003pt

latex2htmlLength headheight=0.0pt

latex2htmlLength headsep=0.0pt

latex2htmlLength parskip=0.0pt plus 1.0pt

latex2htmlLength oddsidemargin=13.08827pt

latex2htmlLength evensidemargin=13.08827pt


! LaTeX Error: Cannot determine size of graphic in /home/srdbadmin/SQLpg/srdb/t
runk/projects/fishandfisheries/GMT/stocks-byLME.pdf (no BoundingBox).

See the LaTeX manual or LaTeX Companion for explanation.
Type  H <return>  for immediate help.
 ...                                              
                                                  
l.155 ...ts/fishandfisheries/GMT/stocks-byLME.pdf}
                                                  %
Try typing  <return>  to proceed.
If that doesn't work, type  X <return>  to quit.

File: /home/srdbadmin/SQLpg/srdb/trunk/projects/fishandfisheries/GMT/stocks-byL
ME.pdf Graphic file (type eps)

</home/srdbadmin/SQLpg/srdb/trunk/projects/fishandfisheries/GMT/stocks-byLME.pd
f>
Overfull \hbox (77.79134pt too wide) detected at line 157
 [] 
 []

l2hSize :tex2html_wrap2197:426.90857pt::0.0pt::349.0pt.
[1



]

! LaTeX Error: Cannot determine size of graphic in /home/srdbadmin/SQLpg/srdb/t
runk/projects/fishandfisheries/R/srdb-by-assessment.pdf (no BoundingBox).

See the LaTeX manual or LaTeX Companion for explanation.
Type  H <return>  for immediate help.
 ...                                              
                                                  
l.161 ...ishandfisheries/R/srdb-by-assessment.pdf}
                                                  %
Try typing  <return>  to proceed.
If that doesn't work, type  X <return>  to quit.

File: /home/srdbadmin/SQLpg/srdb/trunk/projects/fishandfisheries/R/srdb-by-asse
ssment.pdf Graphic file (type eps)

</home/srdbadmin/SQLpg/srdb/trunk/projects/fishandfisheries/R/srdb-by-assessmen
t.pdf>
Overfull \hbox (77.79134pt too wide) detected at line 163
 [] 
 []

l2hSize :tex2html_wrap2201:426.90857pt::0.0pt::349.0pt.
[2


]

! LaTeX Error: Cannot determine size of graphic in /home/srdbadmin/SQLpg/srdb/t
runk/projects/fishandfisheries/R/three_panel_phylo.pdf (no BoundingBox).

See the LaTeX manual or LaTeX Companion for explanation.
Type  H <return>  for immediate help.
 ...                                              
                                                  
l.167 ...fishandfisheries/R/three_panel_phylo.pdf}
                                                  %
Try typing  <return>  to proceed.
If that doesn't work, type  X <return>  to quit.

File: /home/srdbadmin/SQLpg/srdb/trunk/projects/fishandfisheries/R/three_panel_
phylo.pdf Graphic file (type eps)

</home/srdbadmin/SQLpg/srdb/trunk/projects/fishandfisheries/R/three_panel_phylo
.pdf>
l2hSize :tex2html_wrap2205:341.52686pt::0.0pt::349.0pt.
[3


]

! LaTeX Error: Cannot determine size of graphic in /home/srdbadmin/SQLpg/srdb/t
runk/projects/fishandfisheries/R/orca_plot_v2.pdf (no BoundingBox).

See the LaTeX manual or LaTeX Companion for explanation.
Type  H <return>  for immediate help.
 ...                                              
                                                  
l.173 ...ects/fishandfisheries/R/orca_plot_v2.pdf}
                                                  %
Try typing  <return>  to proceed.
If that doesn't work, type  X <return>  to quit.

File: /home/srdbadmin/SQLpg/srdb/trunk/projects/fishandfisheries/R/orca_plot_v2
.pdf Graphic file (type eps)

</home/srdbadmin/SQLpg/srdb/trunk/projects/fishandfisheries/R/orca_plot_v2.pdf>

Overfull \hbox (77.79134pt too wide) detected at line 175
 [] 
 []

l2hSize :tex2html_wrap2209:426.90857pt::0.0pt::349.0pt.
[4


]

! LaTeX Error: Cannot determine size of graphic in /home/srdbadmin/SQLpg/srdb/t
runk/projects/fishandfisheries/R/friedegg-single.pdf (no BoundingBox).

See the LaTeX manual or LaTeX Companion for explanation.
Type  H <return>  for immediate help.
 ...                                              
                                                  
l.179 ...s/fishandfisheries/R/friedegg-single.pdf}
                                                  %
Try typing  <return>  to proceed.
If that doesn't work, type  X <return>  to quit.

File: /home/srdbadmin/SQLpg/srdb/trunk/projects/fishandfisheries/R/friedegg-sin
gle.pdf Graphic file (type eps)

</home/srdbadmin/SQLpg/srdb/trunk/projects/fishandfisheries/R/friedegg-single.p
df>
Overfull \hbox (77.79134pt too wide) detected at line 181
 [] 
 []

l2hSize :tex2html_wrap2213:426.90857pt::0.0pt::349.0pt.
[5


]

! LaTeX Error: Cannot determine size of graphic in /home/srdbadmin/SQLpg/srdb/t
runk/projects/fishandfisheries/R/friedegg-by-mgmt.pdf (no BoundingBox).

See the LaTeX manual or LaTeX Companion for explanation.
Type  H <return>  for immediate help.
 ...                                              
                                                  
l.185 .../fishandfisheries/R/friedegg-by-mgmt.pdf}
                                                  %
Try typing  <return>  to proceed.
If that doesn't work, type  X <return>  to quit.

File: /home/srdbadmin/SQLpg/srdb/trunk/projects/fishandfisheries/R/friedegg-by-
mgmt.pdf Graphic file (type eps)

</home/srdbadmin/SQLpg/srdb/trunk/projects/fishandfisheries/R/friedegg-by-mgmt.
pdf>
Overfull \hbox (77.79134pt too wide) detected at line 187
 [] 
 []

l2hSize :tex2html_wrap2217:426.90857pt::0.0pt::349.0pt.
[6


]

! LaTeX Error: Cannot determine size of graphic in /home/srdbadmin/SQLpg/srdb/t
runk/projects/fishandfisheries/R/TL-quadrant-srdb.pdf (no BoundingBox).

See the LaTeX manual or LaTeX Companion for explanation.
Type  H <return>  for immediate help.
 ...                                              
                                                  
l.191 .../fishandfisheries/R/TL-quadrant-srdb.pdf}
                                                  %
Try typing  <return>  to proceed.
If that doesn't work, type  X <return>  to quit.

File: /home/srdbadmin/SQLpg/srdb/trunk/projects/fishandfisheries/R/TL-quadrant-
srdb.pdf Graphic file (type eps)

</home/srdbadmin/SQLpg/srdb/trunk/projects/fishandfisheries/R/TL-quadrant-srdb.
pdf>
Overfull \hbox (77.79134pt too wide) detected at line 193
 [] 
 []

l2hSize :tex2html_wrap2221:426.90857pt::0.0pt::349.0pt.
[7


]

! LaTeX Error: Cannot determine size of graphic in /home/srdbadmin/SQLpg/srdb/t
runk/doc/srdb-ERD.pdf (no BoundingBox).

See the LaTeX manual or LaTeX Companion for explanation.
Type  H <return>  for immediate help.
 ...                                              
                                                  
l.198 ...badmin/SQLpg/srdb/trunk/doc/srdb-ERD.pdf}
                                                  %
Try typing  <return>  to proceed.
If that doesn't work, type  X <return>  to quit.

File: /home/srdbadmin/SQLpg/srdb/trunk/doc/srdb-ERD.pdf Graphic file (type eps)

</home/srdbadmin/SQLpg/srdb/trunk/doc/srdb-ERD.pdf>
Overfull \hbox (77.79134pt too wide) detected at line 200
 [] 
 []

l2hSize :tex2html_wrap2227:426.90857pt::0.0pt::349.0pt.
[8


] (./images.aux) ) 
Here is how much of TeX's memory you used:
 2048 strings out of 95087
 28956 string characters out of 1183279
 78909 words of memory out of 1500000
 5217 multiletter control sequences out of 10000+50000
 3938 words of font info for 15 fonts, out of 1200000 for 2000
 28 hyphenation exceptions out of 8191
 25i,5n,32p,1409b,212s stack positions out of 5000i,500n,6000p,200000b,5000s

Output written on images.dvi (8 pages, 2356 bytes).
