This is pdfTeXk, Version 3.141592-1.40.3 (Web2C 7.5.6) (format=pdflatex 2009.2.13)  1 JUN 2009 11:12
entering extended mode
 %&-line parsing enabled.
**srdb-SUMMARY-REPORT.tex
(./srdb-SUMMARY-REPORT.tex
LaTeX2e <2005/12/01>
Babel <v3.8h> and hyphenation patterns for english, usenglishmax, dumylang, noh
yphenation, croatian, ukrainian, russian, bulgarian, czech, slovak, danish, dut
ch, finnish, basque, french, german, ngerman, ibycus, greek, monogreek, ancient
greek, hungarian, italian, latin, mongolian, norsk, icelandic, interlingua, tur
kish, coptic, romanian, welsh, serbian, slovenian, estonian, esperanto, upperso
rbian, indonesian, polish, portuguese, spanish, catalan, galician, swedish, loa
ded.
(/usr/share/texmf-texlive/tex/latex/base/book.cls
Document Class: book 2005/09/16 v1.4f Standard LaTeX document class
(/usr/share/texmf-texlive/tex/latex/base/bk10.clo
File: bk10.clo 2005/09/16 v1.4f Standard LaTeX file (size option)
)
\c@part=\count79
\c@chapter=\count80
\c@section=\count81
\c@subsection=\count82
\c@subsubsection=\count83
\c@paragraph=\count84
\c@subparagraph=\count85
\c@figure=\count86
\c@table=\count87
\abovecaptionskip=\skip41
\belowcaptionskip=\skip42
\bibindent=\dimen102
)
(/usr/share/texmf-texlive/tex/latex/ltxmisc/url.sty
\Urlmuskip=\muskip10
Package: url 2005/06/27  ver 3.2  Verb mode for urls, etc.
)
(/usr/share/texmf-texlive/tex/latex/natbib/natbib.sty
Package: natbib 2007/02/05 8.0 (PWD)
\bibhang=\skip43
\bibsep=\skip44
LaTeX Info: Redefining \cite on input line 602.
\c@NAT@ctr=\count88
)
(/usr/share/texmf-texlive/tex/latex/tools/longtable.sty
Package: longtable 2004/02/01 v4.11 Multi-page Table package (DPC)
\LTleft=\skip45
\LTright=\skip46
\LTpre=\skip47
\LTpost=\skip48
\LTchunksize=\count89
\LTcapwidth=\dimen103
\LT@head=\box26
\LT@firsthead=\box27
\LT@foot=\box28
\LT@lastfoot=\box29
\LT@cols=\count90
\LT@rows=\count91
\c@LT@tables=\count92
\c@LT@chunks=\count93
\LT@p@ftn=\toks14
)
(/usr/share/texmf-texlive/tex/latex/graphics/graphicx.sty
Package: graphicx 1999/02/16 v1.0f Enhanced LaTeX Graphics (DPC,SPQR)

(/usr/share/texmf-texlive/tex/latex/graphics/keyval.sty
Package: keyval 1999/03/16 v1.13 key=value parser (DPC)
\KV@toks@=\toks15
)
(/usr/share/texmf-texlive/tex/latex/graphics/graphics.sty
Package: graphics 2006/02/20 v1.0o Standard LaTeX Graphics (DPC,SPQR)

(/usr/share/texmf-texlive/tex/latex/graphics/trig.sty
Package: trig 1999/03/16 v1.09 sin cos tan (DPC)
)
(/etc/texmf/tex/latex/config/graphics.cfg
File: graphics.cfg 2007/01/18 v1.5 graphics configuration of teTeX/TeXLive
)
Package graphics Info: Driver file: pdftex.def on input line 90.

(/usr/share/texmf-texlive/tex/latex/pdftex-def/pdftex.def
File: pdftex.def 2007/01/08 v0.04d Graphics/color for pdfTeX
\Gread@gobject=\count94
))
\Gin@req@height=\dimen104
\Gin@req@width=\dimen105
)
(/usr/share/texmf-texlive/tex/latex/base/inputenc.sty
Package: inputenc 2006/05/05 v1.1b Input encoding file
\inpenc@prehook=\toks16
\inpenc@posthook=\toks17

(/usr/share/texmf-texlive/tex/latex/base/latin1.def
File: latin1.def 2006/05/05 v1.1b Input encoding file
))
(/usr/share/texmf-texlive/tex/latex/base/makeidx.sty
Package: makeidx 2000/03/29 v1.0m Standard LaTeX package
)
\@indexfile=\write3
\openout3 = `srdb-SUMMARY-REPORT.idx'.


Writing index file srdb-SUMMARY-REPORT.idx
(./srdb-SUMMARY-REPORT.aux (./srdb-allgraphs.aux))
\openout1 = `srdb-SUMMARY-REPORT.aux'.

LaTeX Font Info:    Checking defaults for OML/cmm/m/it on input line 19.
LaTeX Font Info:    ... okay on input line 19.
LaTeX Font Info:    Checking defaults for T1/cmr/m/n on input line 19.
LaTeX Font Info:    ... okay on input line 19.
LaTeX Font Info:    Checking defaults for OT1/cmr/m/n on input line 19.
LaTeX Font Info:    ... okay on input line 19.
LaTeX Font Info:    Checking defaults for OMS/cmsy/m/n on input line 19.
LaTeX Font Info:    ... okay on input line 19.
LaTeX Font Info:    Checking defaults for OMX/cmex/m/n on input line 19.
LaTeX Font Info:    ... okay on input line 19.
LaTeX Font Info:    Checking defaults for U/cmr/m/n on input line 19.
LaTeX Font Info:    ... okay on input line 19.
LaTeX Font Info:    External font `cmex10' loaded for size
(Font)              <12> on input line 20.
LaTeX Font Info:    External font `cmex10' loaded for size
(Font)              <8> on input line 20.
LaTeX Font Info:    External font `cmex10' loaded for size
(Font)              <6> on input line 20.
LaTeX Font Info:    External font `cmex10' loaded for size
(Font)              <9> on input line 20.
LaTeX Font Info:    External font `cmex10' loaded for size
(Font)              <5> on input line 20.
 [1


{/var/lib/texmf/fonts/map/pdftex/updmap/pdftex.map}] (./srdb-SUMMARY-REPORT.toc
LaTeX Font Info:    External font `cmex10' loaded for size
(Font)              <7> on input line 2.
)
\tf@toc=\write4
\openout4 = `srdb-SUMMARY-REPORT.toc'.

 [1

]
Chapter 1.
[2

]
LaTeX Font Info:    Try loading font information for OMS+cmr on input line 45.
 (/usr/share/texmf-texlive/tex/latex/base/omscmr.fd
File: omscmr.fd 1999/05/25 v2.5h Standard LaTeX font definitions
)
LaTeX Font Info:    Font shape `OMS/cmr/m/n' in size <10> not available
(Font)              Font shape `OMS/cmsy/m/n' tried instead on input line 45.
 [3]
Chapter 2.
[4

]
\openout2 = `srdb-allgraphs.aux'.

 (./srdb-allgraphs.tex
<../tex/figures/plot-CSIRO-OROUGHYSESSF-1978-2007-FULTON.pdf, id=27, 650.43pt x
 650.43pt>
File: ../tex/figures/plot-CSIRO-OROUGHYSESSF-1978-2007-FULTON.pdf Graphic file 
(type pdf)
 <use ../tex/figures/plot-CSIRO-OROUGHYSESSF-1978-2007-FULTON.pdf>
Overfull \hbox (77.77449pt too wide) in paragraph at lines 12--13
 [] 
 []

[5

 <../tex/figures/plot-CSIRO-OROUGHYSESSF-1978-2007-FULTON.pdf>]
<../tex/figures/plot-WGBFAS-HERRIsum-1983-2007-JENNINGS.pdf, id=36, 650.43pt x 
650.43pt>
File: ../tex/figures/plot-WGBFAS-HERRIsum-1983-2007-JENNINGS.pdf Graphic file (
type pdf)
 <use ../tex/figures/plot-WGBFAS-HERRIsum-1983-2007-JENNINGS.pdf>
Overfull \hbox (77.77449pt too wide) in paragraph at lines 27--28
 [] 
 []

[6 <../tex/figures/plot-WGBFAS-HERRIsum-1983-2007-JENNINGS.pdf>]
<../tex/figures/plot-WGBFAS-HERR2532-1973-2006-JENNINGS.pdf, id=46, 650.43pt x 
650.43pt>
File: ../tex/figures/plot-WGBFAS-HERR2532-1973-2006-JENNINGS.pdf Graphic file (
type pdf)
 <use ../tex/figures/plot-WGBFAS-HERR2532-1973-2006-JENNINGS.pdf>
Overfull \hbox (77.77449pt too wide) in paragraph at lines 38--39
 [] 
 []

[7 <../tex/figures/plot-WGBFAS-HERR2532-1973-2006-JENNINGS.pdf>]
<../tex/figures/plot-WGBFAS-HERRRIGA-1976-2007-JENNINGS.pdf, id=55, 650.43pt x 
650.43pt>
File: ../tex/figures/plot-WGBFAS-HERRRIGA-1976-2007-JENNINGS.pdf Graphic file (
type pdf)
 <use ../tex/figures/plot-WGBFAS-HERRRIGA-1976-2007-JENNINGS.pdf>
Overfull \hbox (77.77449pt too wide) in paragraph at lines 49--50
 [] 
 []

[8 <../tex/figures/plot-WGBFAS-HERRRIGA-1976-2007-JENNINGS.pdf>]
<../tex/figures/plot-WGBFAS-HERR30-1972-2007-JENNINGS.pdf, id=64, 650.43pt x 65
0.43pt>
File: ../tex/figures/plot-WGBFAS-HERR30-1972-2007-JENNINGS.pdf Graphic file (ty
pe pdf)
 <use ../tex/figures/plot-WGBFAS-HERR30-1972-2007-JENNINGS.pdf>
Overfull \hbox (77.77449pt too wide) in paragraph at lines 60--61
 [] 
 []

[9 <../tex/figures/plot-WGBFAS-HERR30-1972-2007-JENNINGS.pdf>]
<../tex/figures/plot-WGBFAS-HERR31-1979-2006-JENNINGS.pdf, id=73, 650.43pt x 65
0.43pt>
File: ../tex/figures/plot-WGBFAS-HERR31-1979-2006-JENNINGS.pdf Graphic file (ty
pe pdf)
 <use ../tex/figures/plot-WGBFAS-HERR31-1979-2006-JENNINGS.pdf>
Overfull \hbox (77.77449pt too wide) in paragraph at lines 71--72
 [] 
 []

[10 <../tex/figures/plot-WGBFAS-HERR31-1979-2006-JENNINGS.pdf>]
<../tex/figures/plot-HAWG-HERRNIRS-1960-2006-JENNINGS.pdf, id=82, 650.43pt x 65
0.43pt>
File: ../tex/figures/plot-HAWG-HERRNIRS-1960-2006-JENNINGS.pdf Graphic file (ty
pe pdf)
 <use ../tex/figures/plot-HAWG-HERRNIRS-1960-2006-JENNINGS.pdf>
Overfull \hbox (77.77449pt too wide) in paragraph at lines 82--83
 [] 
 []

[11 <../tex/figures/plot-HAWG-HERRNIRS-1960-2006-JENNINGS.pdf>]
<../tex/figures/plot-DFO-PAC-HERRCC-1951-2007-COLLIE.pdf, id=91, 650.43pt x 650
.43pt>
File: ../tex/figures/plot-DFO-PAC-HERRCC-1951-2007-COLLIE.pdf Graphic file (typ
e pdf)
 <use ../tex/figures/plot-DFO-PAC-HERRCC-1951-2007-COLLIE.pdf>
Overfull \hbox (77.77449pt too wide) in paragraph at lines 93--94
 [] 
 []

[12 <../tex/figures/plot-DFO-PAC-HERRCC-1951-2007-COLLIE.pdf>]
<../tex/figures/plot-DFO-PAC-HERRPRD-1951-2007-COLLIE.pdf, id=101, 650.43pt x 6
50.43pt>
File: ../tex/figures/plot-DFO-PAC-HERRPRD-1951-2007-COLLIE.pdf Graphic file (ty
pe pdf)
 <use ../tex/figures/plot-DFO-PAC-HERRPRD-1951-2007-COLLIE.pdf>
Overfull \hbox (77.77449pt too wide) in paragraph at lines 104--105
 [] 
 []

[13 <../tex/figures/plot-DFO-PAC-HERRPRD-1951-2007-COLLIE.pdf>]
<../tex/figures/plot-DFO-PAC-HERRQCI-1951-2007-COLLIE.pdf, id=110, 650.43pt x 6
50.43pt>
File: ../tex/figures/plot-DFO-PAC-HERRQCI-1951-2007-COLLIE.pdf Graphic file (ty
pe pdf)
 <use ../tex/figures/plot-DFO-PAC-HERRQCI-1951-2007-COLLIE.pdf>
Overfull \hbox (77.77449pt too wide) in paragraph at lines 115--116
 [] 
 []

[14 <../tex/figures/plot-DFO-PAC-HERRQCI-1951-2007-COLLIE.pdf>]
<../tex/figures/plot-DFO-PAC-HERRSOG-1951-2007-COLLIE.pdf, id=119, 650.43pt x 6
50.43pt>
File: ../tex/figures/plot-DFO-PAC-HERRSOG-1951-2007-COLLIE.pdf Graphic file (ty
pe pdf)
 <use ../tex/figures/plot-DFO-PAC-HERRSOG-1951-2007-COLLIE.pdf>
Overfull \hbox (77.77449pt too wide) in paragraph at lines 126--127
 [] 
 []

[15 <../tex/figures/plot-DFO-PAC-HERRSOG-1951-2007-COLLIE.pdf>]
<../tex/figures/plot-DFO-PAC-HERRWCVANI-1951-2007-COLLIE.pdf, id=128, 650.43pt 
x 650.43pt>
File: ../tex/figures/plot-DFO-PAC-HERRWCVANI-1951-2007-COLLIE.pdf Graphic file 
(type pdf)
 <use ../tex/figures/plot-DFO-PAC-HERRWCVANI-1951-2007-COLLIE.pdf>
Overfull \hbox (77.77449pt too wide) in paragraph at lines 137--138
 [] 
 []

[16 <../tex/figures/plot-DFO-PAC-HERRWCVANI-1951-2007-COLLIE.pdf>]
<../tex/figures/plot-WGMHSA-SARDPVIIIc-IXa-1978-2007-JENNINGS.pdf, id=137, 650.
43pt x 650.43pt>
File: ../tex/figures/plot-WGMHSA-SARDPVIIIc-IXa-1978-2007-JENNINGS.pdf Graphic 
file (type pdf)

<use ../tex/figures/plot-WGMHSA-SARDPVIIIc-IXa-1978-2007-JENNINGS.pdf>
Overfull \hbox (77.77449pt too wide) in paragraph at lines 148--149
 [] 
 []

[17 <../tex/figures/plot-WGMHSA-SARDPVIIIc-IXa-1978-2007-JENNINGS.pdf>]
<../tex/figures/plot-WGBFAS-SPRAT22-32-1973-2007-JENNINGS.pdf, id=146, 650.43pt
 x 650.43pt>
File: ../tex/figures/plot-WGBFAS-SPRAT22-32-1973-2007-JENNINGS.pdf Graphic file
 (type pdf)

<use ../tex/figures/plot-WGBFAS-SPRAT22-32-1973-2007-JENNINGS.pdf>
Overfull \hbox (77.77449pt too wide) in paragraph at lines 159--160
 [] 
 []

[18 <../tex/figures/plot-WGBFAS-SPRAT22-32-1973-2007-JENNINGS.pdf>]
<../tex/figures/plot-INIDEP-ARGANCHONARG-1989-2007-Parma.pdf, id=156, 650.43pt 
x 650.43pt>
File: ../tex/figures/plot-INIDEP-ARGANCHONARG-1989-2007-Parma.pdf Graphic file 
(type pdf)
 <use ../tex/figures/plot-INIDEP-ARGANCHONARG-1989-2007-Parma.pdf>
Overfull \hbox (77.77449pt too wide) in paragraph at lines 172--173
 [] 
 []

[19 <../tex/figures/plot-INIDEP-ARGANCHONARG-1989-2007-Parma.pdf>]
<../tex/figures/plot-INIDEP-ARGANCHOSARG-1992-2007-Parma.pdf, id=165, 650.43pt 
x 650.43pt>
File: ../tex/figures/plot-INIDEP-ARGANCHOSARG-1992-2007-Parma.pdf Graphic file 
(type pdf)
 <use ../tex/figures/plot-INIDEP-ARGANCHOSARG-1992-2007-Parma.pdf>
Overfull \hbox (77.77449pt too wide) in paragraph at lines 183--184
 [] 
 []

[20 <../tex/figures/plot-INIDEP-ARGANCHOSARG-1992-2007-Parma.pdf>]
<../tex/figures/plot-WGMHSA-ANCHOBAYB-1986-2007-JENNINGS.pdf, id=174, 650.43pt 
x 650.43pt>
File: ../tex/figures/plot-WGMHSA-ANCHOBAYB-1986-2007-JENNINGS.pdf Graphic file 
(type pdf)
 <use ../tex/figures/plot-WGMHSA-ANCHOBAYB-1986-2007-JENNINGS.pdf>
Overfull \hbox (77.77449pt too wide) in paragraph at lines 194--195
 [] 
 []

[21 <../tex/figures/plot-WGMHSA-ANCHOBAYB-1986-2007-JENNINGS.pdf>]
<../tex/figures/plot-RIDEM-LOBSTERRI-1959-2007-COLLIE.pdf, id=183, 650.43pt x 6
50.43pt>
File: ../tex/figures/plot-RIDEM-LOBSTERRI-1959-2007-COLLIE.pdf Graphic file (ty
pe pdf)
 <use ../tex/figures/plot-RIDEM-LOBSTERRI-1959-2007-COLLIE.pdf>
Overfull \hbox (77.77449pt too wide) in paragraph at lines 209--210
 [] 
 []

[22 <../tex/figures/plot-RIDEM-LOBSTERRI-1959-2007-COLLIE.pdf>]
<../tex/figures/plot-DFO-PAC-PCODHS-1956-2005-COLLIE.pdf, id=191, 650.43pt x 65
0.43pt>
File: ../tex/figures/plot-DFO-PAC-PCODHS-1956-2005-COLLIE.pdf Graphic file (typ
e pdf)
 <use ../tex/figures/plot-DFO-PAC-PCODHS-1956-2005-COLLIE.pdf>
Overfull \hbox (77.77449pt too wide) in paragraph at lines 224--225
 [] 
 []

[23 <../tex/figures/plot-DFO-PAC-PCODHS-1956-2005-COLLIE.pdf>]
<../tex/figures/plot-DFO-PAC-PCODWCVANI-1956-2002-COLLIE.pdf, id=199, 650.43pt 
x 650.43pt>
File: ../tex/figures/plot-DFO-PAC-PCODWCVANI-1956-2002-COLLIE.pdf Graphic file 
(type pdf)
 <use ../tex/figures/plot-DFO-PAC-PCODWCVANI-1956-2002-COLLIE.pdf>
Overfull \hbox (77.77449pt too wide) in paragraph at lines 235--236
 [] 
 []

[24 <../tex/figures/plot-DFO-PAC-PCODWCVANI-1956-2002-COLLIE.pdf>]
<../tex/figures/plot-WGBFAS-CODBA2224-1969-2007-JENNINGS.pdf, id=208, 650.43pt 
x 650.43pt>
File: ../tex/figures/plot-WGBFAS-CODBA2224-1969-2007-JENNINGS.pdf Graphic file 
(type pdf)
 <use ../tex/figures/plot-WGBFAS-CODBA2224-1969-2007-JENNINGS.pdf>
Overfull \hbox (77.77449pt too wide) in paragraph at lines 246--247
 [] 
 []

[25 <../tex/figures/plot-WGBFAS-CODBA2224-1969-2007-JENNINGS.pdf>]
<../tex/figures/plot-WGBFAS-CODBA2532-1964-2007-JENNINGS.pdf, id=217, 650.43pt 
x 650.43pt>
File: ../tex/figures/plot-WGBFAS-CODBA2532-1964-2007-JENNINGS.pdf Graphic file 
(type pdf)
 <use ../tex/figures/plot-WGBFAS-CODBA2532-1964-2007-JENNINGS.pdf>
Overfull \hbox (77.77449pt too wide) in paragraph at lines 257--258
 [] 
 []

[26 <../tex/figures/plot-WGBFAS-CODBA2532-1964-2007-JENNINGS.pdf>]
<../tex/figures/plot-WGSSDS-HADVIIb-k-1993-2006-JENNINGS.pdf, id=226, 650.43pt 
x 650.43pt>
File: ../tex/figures/plot-WGSSDS-HADVIIb-k-1993-2006-JENNINGS.pdf Graphic file 
(type pdf)
 <use ../tex/figures/plot-WGSSDS-HADVIIb-k-1993-2006-JENNINGS.pdf>
Overfull \hbox (77.77449pt too wide) in paragraph at lines 268--269
 [] 
 []

[27 <../tex/figures/plot-WGSSDS-HADVIIb-k-1993-2006-JENNINGS.pdf>]
<../tex/figures/plot-WGNSSK-HADROCK-1990-2007-JENNINGS.pdf, id=235, 650.43pt x 
650.43pt>
File: ../tex/figures/plot-WGNSSK-HADROCK-1990-2007-JENNINGS.pdf Graphic file (t
ype pdf)
 <use ../tex/figures/plot-WGNSSK-HADROCK-1990-2007-JENNINGS.pdf>
Overfull \hbox (77.77449pt too wide) in paragraph at lines 279--280
 [] 
 []

[28 <../tex/figures/plot-WGNSSK-HADROCK-1990-2007-JENNINGS.pdf>]
<../tex/figures/plot-WGSSDS-WHITVIIek-1982-2007-JENNINGS.pdf, id=244, 650.43pt 
x 650.43pt>
File: ../tex/figures/plot-WGSSDS-WHITVIIek-1982-2007-JENNINGS.pdf Graphic file 
(type pdf)
 <use ../tex/figures/plot-WGSSDS-WHITVIIek-1982-2007-JENNINGS.pdf>
Overfull \hbox (77.77449pt too wide) in paragraph at lines 290--291
 [] 
 []

[29 <../tex/figures/plot-WGSSDS-WHITVIIek-1982-2007-JENNINGS.pdf>]
<../tex/figures/plot-INIDEP-SBWHITARGS-1985-2007-Parma.pdf, id=253, 650.43pt x 
650.43pt>
File: ../tex/figures/plot-INIDEP-SBWHITARGS-1985-2007-Parma.pdf Graphic file (t
ype pdf)
 <use ../tex/figures/plot-INIDEP-SBWHITARGS-1985-2007-Parma.pdf>
Overfull \hbox (77.77449pt too wide) in paragraph at lines 301--302
 [] 
 []

[30 <../tex/figures/plot-INIDEP-SBWHITARGS-1985-2007-Parma.pdf>]
<../tex/figures/plot-WGNPBW-BWHITNEA-1980-2007-JENNINGS.pdf, id=263, 650.43pt x
 650.43pt>
File: ../tex/figures/plot-WGNPBW-BWHITNEA-1980-2007-JENNINGS.pdf Graphic file (
type pdf)
 <use ../tex/figures/plot-WGNPBW-BWHITNEA-1980-2007-JENNINGS.pdf>
Overfull \hbox (77.77449pt too wide) in paragraph at lines 312--313
 [] 
 []

[31 <../tex/figures/plot-WGNPBW-BWHITNEA-1980-2007-JENNINGS.pdf>]
<../tex/figures/plot-INIDEP-PATGRENADIERSARG-1983-2006-Parma.pdf, id=272, 650.4
3pt x 650.43pt>
File: ../tex/figures/plot-INIDEP-PATGRENADIERSARG-1983-2006-Parma.pdf Graphic f
ile (type pdf)

<use ../tex/figures/plot-INIDEP-PATGRENADIERSARG-1983-2006-Parma.pdf>
Overfull \hbox (77.77449pt too wide) in paragraph at lines 325--326
 [] 
 []

[32 <../tex/figures/plot-INIDEP-PATGRENADIERSARG-1983-2006-Parma.pdf>]
<../tex/figures/plot-INIDEP-ARGHAKENARG-1985-2007-Parma.pdf, id=281, 650.43pt x
 650.43pt>
File: ../tex/figures/plot-INIDEP-ARGHAKENARG-1985-2007-Parma.pdf Graphic file (
type pdf)
 <use ../tex/figures/plot-INIDEP-ARGHAKENARG-1985-2007-Parma.pdf>
Overfull \hbox (77.77449pt too wide) in paragraph at lines 336--337
 [] 
 []

[33 <../tex/figures/plot-INIDEP-ARGHAKENARG-1985-2007-Parma.pdf>]
<../tex/figures/plot-INIDEP-ARGHAKESARG-1985-2007-Parma.pdf, id=290, 650.43pt x
 650.43pt>
File: ../tex/figures/plot-INIDEP-ARGHAKESARG-1985-2007-Parma.pdf Graphic file (
type pdf)
 <use ../tex/figures/plot-INIDEP-ARGHAKESARG-1985-2007-Parma.pdf>
Overfull \hbox (77.77449pt too wide) in paragraph at lines 347--348
 [] 
 []

[34 <../tex/figures/plot-INIDEP-ARGHAKESARG-1985-2007-Parma.pdf>]
<../tex/figures/plot-WGHMM-HAKENRTN-1977-2007-JENNINGS.pdf, id=299, 650.43pt x 
650.43pt>
File: ../tex/figures/plot-WGHMM-HAKENRTN-1977-2007-JENNINGS.pdf Graphic file (t
ype pdf)
 <use ../tex/figures/plot-WGHMM-HAKENRTN-1977-2007-JENNINGS.pdf>
Overfull \hbox (77.77449pt too wide) in paragraph at lines 358--359
 [] 
 []

[35 <../tex/figures/plot-WGHMM-HAKENRTN-1977-2007-JENNINGS.pdf>]
<../tex/figures/plot-WGHMM-HAKESOTH-1982-2007-JENNINGS.pdf, id=308, 650.43pt x 
650.43pt>
File: ../tex/figures/plot-WGHMM-HAKESOTH-1982-2007-JENNINGS.pdf Graphic file (t
ype pdf)
 <use ../tex/figures/plot-WGHMM-HAKESOTH-1982-2007-JENNINGS.pdf>
Overfull \hbox (77.77449pt too wide) in paragraph at lines 369--370
 [] 
 []

[36 <../tex/figures/plot-WGHMM-HAKESOTH-1982-2007-JENNINGS.pdf>]
<../tex/figures/plot-CSIRO-GEMFISHSESSF-1966-2007-FULTON.pdf, id=318, 650.43pt 
x 650.43pt>
File: ../tex/figures/plot-CSIRO-GEMFISHSESSF-1966-2007-FULTON.pdf Graphic file 
(type pdf)
 <use ../tex/figures/plot-CSIRO-GEMFISHSESSF-1966-2007-FULTON.pdf>
Overfull \hbox (77.77449pt too wide) in paragraph at lines 384--385
 [] 
 []

[37 <../tex/figures/plot-CSIRO-GEMFISHSESSF-1966-2007-FULTON.pdf>]
<../tex/figures/plot-RIDEM-TAUTOGRI-1959-2007-COLLIE.pdf, id=327, 650.43pt x 65
0.43pt>
File: ../tex/figures/plot-RIDEM-TAUTOGRI-1959-2007-COLLIE.pdf Graphic file (typ
e pdf)
 <use ../tex/figures/plot-RIDEM-TAUTOGRI-1959-2007-COLLIE.pdf>
Overfull \hbox (77.77449pt too wide) in paragraph at lines 397--398
 [] 
 []

[38 <../tex/figures/plot-RIDEM-TAUTOGRI-1959-2007-COLLIE.pdf>]
<../tex/figures/plot-WGMHSA-MACKNEICES-1972-2007-JENNINGS.pdf, id=335, 650.43pt
 x 650.43pt>
File: ../tex/figures/plot-WGMHSA-MACKNEICES-1972-2007-JENNINGS.pdf Graphic file
 (type pdf)

<use ../tex/figures/plot-WGMHSA-MACKNEICES-1972-2007-JENNINGS.pdf>
Overfull \hbox (77.77449pt too wide) in paragraph at lines 410--411
 [] 
 []

[39 <../tex/figures/plot-WGMHSA-MACKNEICES-1972-2007-JENNINGS.pdf>]
<../tex/figures/plot-IPHC-PHALNPAC-1988-2009-Parma.pdf, id=344, 650.43pt x 650.
43pt>
File: ../tex/figures/plot-IPHC-PHALNPAC-1988-2009-Parma.pdf Graphic file (type 
pdf)
 <use ../tex/figures/plot-IPHC-PHALNPAC-1988-2009-Parma.pdf>
Overfull \hbox (77.77449pt too wide) in paragraph at lines 425--426
 [] 
 []

[40 <../tex/figures/plot-IPHC-PHALNPAC-1988-2009-Parma.pdf>]
<../tex/figures/plot-DFO-PAC-RSOLEHSTR-1945-2001-COLLIE.pdf, id=353, 650.43pt x
 650.43pt>
File: ../tex/figures/plot-DFO-PAC-RSOLEHSTR-1945-2001-COLLIE.pdf Graphic file (
type pdf)
 <use ../tex/figures/plot-DFO-PAC-RSOLEHSTR-1945-2001-COLLIE.pdf>
Overfull \hbox (77.77449pt too wide) in paragraph at lines 436--437
 [] 
 []

[41 <../tex/figures/plot-DFO-PAC-RSOLEHSTR-1945-2001-COLLIE.pdf>]
<../tex/figures/plot-DFO-PAC-ESOLEHS-1944-2001-COLLIE.pdf, id=362, 650.43pt x 6
50.43pt>
File: ../tex/figures/plot-DFO-PAC-ESOLEHS-1944-2001-COLLIE.pdf Graphic file (ty
pe pdf)
 <use ../tex/figures/plot-DFO-PAC-ESOLEHS-1944-2001-COLLIE.pdf>
Overfull \hbox (77.77449pt too wide) in paragraph at lines 447--448
 [] 
 []

[42 <../tex/figures/plot-DFO-PAC-ESOLEHS-1944-2001-COLLIE.pdf>]
<../tex/figures/plot-WGSSDS-PLAICECHW-1975-2006-JENNINGS.pdf, id=371, 650.43pt 
x 650.43pt>
File: ../tex/figures/plot-WGSSDS-PLAICECHW-1975-2006-JENNINGS.pdf Graphic file 
(type pdf)
 <use ../tex/figures/plot-WGSSDS-PLAICECHW-1975-2006-JENNINGS.pdf>
Overfull \hbox (77.77449pt too wide) in paragraph at lines 458--459
 [] 
 []

[43 <../tex/figures/plot-WGSSDS-PLAICECHW-1975-2006-JENNINGS.pdf>]
<../tex/figures/plot-WGSSDS-PLAICCELT-1976-2006-JENNINGS.pdf, id=380, 650.43pt 
x 650.43pt>
File: ../tex/figures/plot-WGSSDS-PLAICCELT-1976-2006-JENNINGS.pdf Graphic file 
(type pdf)
 <use ../tex/figures/plot-WGSSDS-PLAICCELT-1976-2006-JENNINGS.pdf>
Overfull \hbox (77.77449pt too wide) in paragraph at lines 469--470
 [] 
 []

[44 <../tex/figures/plot-WGSSDS-PLAICCELT-1976-2006-JENNINGS.pdf>]
<../tex/figures/plot-RIDEM-WINFLOUNDRI-1959-2007-COLLIE.pdf, id=389, 650.43pt x
 650.43pt>
File: ../tex/figures/plot-RIDEM-WINFLOUNDRI-1959-2007-COLLIE.pdf Graphic file (
type pdf)
 <use ../tex/figures/plot-RIDEM-WINFLOUNDRI-1959-2007-COLLIE.pdf>
Overfull \hbox (77.77449pt too wide) in paragraph at lines 480--481
 [] 
 []

[45 <../tex/figures/plot-RIDEM-WINFLOUNDRI-1959-2007-COLLIE.pdf>]
<../tex/figures/plot-AFWG-GHALNEAR-1959-2007-JENNINGS.pdf, id=397, 650.43pt x 6
50.43pt>
File: ../tex/figures/plot-AFWG-GHALNEAR-1959-2007-JENNINGS.pdf Graphic file (ty
pe pdf)
 <use ../tex/figures/plot-AFWG-GHALNEAR-1959-2007-JENNINGS.pdf>
Overfull \hbox (77.77449pt too wide) in paragraph at lines 491--492
 [] 
 []

[46 <../tex/figures/plot-AFWG-GHALNEAR-1959-2007-JENNINGS.pdf>]
<../tex/figures/plot-NWFSC-ARFLOUNDPCOAST-1916-2007-BRANCH.pdf, id=406, 650.43p
t x 650.43pt>
File: ../tex/figures/plot-NWFSC-ARFLOUNDPCOAST-1916-2007-BRANCH.pdf Graphic fil
e (type pdf)

<use ../tex/figures/plot-NWFSC-ARFLOUNDPCOAST-1916-2007-BRANCH.pdf>
Overfull \hbox (77.77449pt too wide) in paragraph at lines 502--503
 [] 
 []

[47 <../tex/figures/plot-NWFSC-ARFLOUNDPCOAST-1916-2007-BRANCH.pdf>]
<../tex/figures/plot-WGHMM-FMEG8c9a-1986-2006-JENNINGS.pdf, id=415, 650.43pt x 
650.43pt>
File: ../tex/figures/plot-WGHMM-FMEG8c9a-1986-2006-JENNINGS.pdf Graphic file (t
ype pdf)
 <use ../tex/figures/plot-WGHMM-FMEG8c9a-1986-2006-JENNINGS.pdf>
Overfull \hbox (77.77449pt too wide) in paragraph at lines 515--516
 [] 
 []

[48 <../tex/figures/plot-WGHMM-FMEG8c9a-1986-2006-JENNINGS.pdf>]
<../tex/figures/plot-WGHMM-MEG8c9a-1985-2007-JENNINGS.pdf, id=425, 650.43pt x 6
50.43pt>
File: ../tex/figures/plot-WGHMM-MEG8c9a-1985-2007-JENNINGS.pdf Graphic file (ty
pe pdf)
 <use ../tex/figures/plot-WGHMM-MEG8c9a-1985-2007-JENNINGS.pdf>
Overfull \hbox (77.77449pt too wide) in paragraph at lines 526--527
 [] 
 []

[49 <../tex/figures/plot-WGHMM-MEG8c9a-1985-2007-JENNINGS.pdf>]
<../tex/figures/plot-WGHMM-SOLEVIII-1982-2006-JENNINGS.pdf, id=434, 650.43pt x 
650.43pt>
File: ../tex/figures/plot-WGHMM-SOLEVIII-1982-2006-JENNINGS.pdf Graphic file (t
ype pdf)
 <use ../tex/figures/plot-WGHMM-SOLEVIII-1982-2006-JENNINGS.pdf>
Overfull \hbox (77.77449pt too wide) in paragraph at lines 539--540
 [] 
 []

[50 <../tex/figures/plot-WGHMM-SOLEVIII-1982-2006-JENNINGS.pdf>]
<../tex/figures/plot-WGSSDS-SOLECS-1970-2006-JENNINGS.pdf, id=443, 650.43pt x 6
50.43pt>
File: ../tex/figures/plot-WGSSDS-SOLECS-1970-2006-JENNINGS.pdf Graphic file (ty
pe pdf)
 <use ../tex/figures/plot-WGSSDS-SOLECS-1970-2006-JENNINGS.pdf>
Overfull \hbox (77.77449pt too wide) in paragraph at lines 550--551
 [] 
 []

[51 <../tex/figures/plot-WGSSDS-SOLECS-1970-2006-JENNINGS.pdf>]
<../tex/figures/plot-WGBFAS-SOLEIIIa-1982-2007-JENNINGS.pdf, id=452, 650.43pt x
 650.43pt>
File: ../tex/figures/plot-WGBFAS-SOLEIIIa-1982-2007-JENNINGS.pdf Graphic file (
type pdf)
 <use ../tex/figures/plot-WGBFAS-SOLEIIIa-1982-2007-JENNINGS.pdf>
Overfull \hbox (77.77449pt too wide) in paragraph at lines 561--562
 [] 
 []

[52 <../tex/figures/plot-WGBFAS-SOLEIIIa-1982-2007-JENNINGS.pdf>]
<../tex/figures/plot-WGSSDS-SOLEVIIe-1968-2006-JENNINGS.pdf, id=461, 650.43pt x
 650.43pt>
File: ../tex/figures/plot-WGSSDS-SOLEVIIe-1968-2006-JENNINGS.pdf Graphic file (
type pdf)
 <use ../tex/figures/plot-WGSSDS-SOLEVIIe-1968-2006-JENNINGS.pdf>
Overfull \hbox (77.77449pt too wide) in paragraph at lines 572--573
 [] 
 []

[53 <../tex/figures/plot-WGSSDS-SOLEVIIe-1968-2006-JENNINGS.pdf>]
<../tex/figures/plot-NWFSC-DKROCKPCOAST-1928-2007-BRANCH.pdf, id=470, 650.43pt 
x 650.43pt>
File: ../tex/figures/plot-NWFSC-DKROCKPCOAST-1928-2007-BRANCH.pdf Graphic file 
(type pdf)
 <use ../tex/figures/plot-NWFSC-DKROCKPCOAST-1928-2007-BRANCH.pdf>
Overfull \hbox (77.77449pt too wide) in paragraph at lines 587--588
 [] 
 []

[54 <../tex/figures/plot-NWFSC-DKROCKPCOAST-1928-2007-BRANCH.pdf>]
<../tex/figures/plot-NWFSC-BLACKROCKNPCOAST-1914-2006-BRANCH.pdf, id=480, 650.4
3pt x 650.43pt>
File: ../tex/figures/plot-NWFSC-BLACKROCKNPCOAST-1914-2006-BRANCH.pdf Graphic f
ile (type pdf)

<use ../tex/figures/plot-NWFSC-BLACKROCKNPCOAST-1914-2006-BRANCH.pdf>
Overfull \hbox (77.77449pt too wide) in paragraph at lines 598--599
 [] 
 []

[55 <../tex/figures/plot-NWFSC-BLACKROCKNPCOAST-1914-2006-BRANCH.pdf>]
<../tex/figures/plot-NWFSC-BLACKROCKSPCOAST-1915-2007-BRANCH.pdf, id=489, 650.4
3pt x 650.43pt>
File: ../tex/figures/plot-NWFSC-BLACKROCKSPCOAST-1915-2007-BRANCH.pdf Graphic f
ile (type pdf)

<use ../tex/figures/plot-NWFSC-BLACKROCKSPCOAST-1915-2007-BRANCH.pdf>
Overfull \hbox (77.77449pt too wide) in paragraph at lines 609--610
 [] 
 []

[56 <../tex/figures/plot-NWFSC-BLACKROCKSPCOAST-1915-2007-BRANCH.pdf>])
Chapter 3.
(./srdb-SUMMARY-REPORT.ind [57


] [58

]) (./srdb-SUMMARY-REPORT.aux
(./srdb-allgraphs.aux)) ) 
Here is how much of TeX's memory you used:
 1385 strings out of 94101
 29014 string characters out of 1165810
 66855 words of memory out of 1500000
 4621 multiletter control sequences out of 10000+50000
 10187 words of font info for 36 fonts, out of 1200000 for 2000
 637 hyphenation exceptions out of 8191
 25i,11n,19p,801b,240s stack positions out of 5000i,500n,6000p,200000b,5000s
</usr/share/texmf-texlive/fonts/type1/bluesky/cm/cmbx1
0.pfb></usr/share/texmf-texlive/fonts/type1/bluesky/cm/cmbx12.pfb></usr/share/t
exmf-texlive/fonts/type1/bluesky/cm/cmr10.pfb></usr/share/texmf-texlive/fonts/t
ype1/bluesky/cm/cmr12.pfb></usr/share/texmf-texlive/fonts/type1/bluesky/cm/cmr1
7.pfb></usr/share/texmf-texlive/fonts/type1/bluesky/cm/cmr6.pfb></usr/share/tex
mf-texlive/fonts/type1/bluesky/cm/cmr8.pfb></usr/share/texmf-texlive/fonts/type
1/bluesky/cm/cmr9.pfb></usr/share/texmf-texlive/fonts/type1/bluesky/cm/cmsy10.p
fb></usr/share/texmf-texlive/fonts/type1/bluesky/cm/cmtt10.pfb>
Output written on srdb-SUMMARY-REPORT.pdf (59 pages, 848645 bytes).
PDF statistics:
 538 PDF objects out of 1000 (max. 8388607)
 0 named destinations out of 1000 (max. 131072)
 261 words of extra memory for PDF output out of 10000 (max. 10000000)

