psql:../spreadsheets/PREFONTAINE-COD3Pn4RS-2007-editedDR-QAQC-utf8.sql:2: ERROR:  duplicate key value violates unique constraint "assessment_pkey"
psql:../spreadsheets/PREFONTAINE-COD3Pn4RS-2007-editedDR-QAQC-utf8.sql:3: ERROR:  current transaction is aborted, commands ignored until end of transaction block
psql:../spreadsheets/PREFONTAINE-COD3Pn4RS-2007-editedDR-QAQC-utf8.sql:4: ERROR:  current transaction is aborted, commands ignored until end of transaction block
psql:../spreadsheets/PREFONTAINE-COD3Pn4RS-2007-editedDR-QAQC-utf8.sql:5: WARNING:  nonstandard use of \\ in a string literal
LINE 1: ...('DFO-QUE-COD3Pn4RS-1964-2007-PREFONTAINE', 'A1', 'Fr\\''{e}...
                                                             ^
HINT:  Use the escape string syntax for backslashes, e.g., E'\\'.
psql:../spreadsheets/PREFONTAINE-COD3Pn4RS-2007-editedDR-QAQC-utf8.sql:5: ERROR:  current transaction is aborted, commands ignored until end of transaction block
psql:../spreadsheets/PREFONTAINE-COD3Pn4RS-2007-editedDR-QAQC-utf8.sql:6: ERROR:  current transaction is aborted, commands ignored until end of transaction block
psql:../spreadsheets/PREFONTAINE-COD3Pn4RS-2007-editedDR-QAQC-utf8.sql:7: ERROR:  current transaction is aborted, commands ignored until end of transaction block
psql:../spreadsheets/PREFONTAINE-COD3Pn4RS-2007-editedDR-QAQC-utf8.sql:8: ERROR:  current transaction is aborted, commands ignored until end of transaction block
psql:../spreadsheets/PREFONTAINE-COD3Pn4RS-2007-editedDR-QAQC-utf8.sql:9: ERROR:  current transaction is aborted, commands ignored until end of transaction block
psql:../spreadsheets/PREFONTAINE-COD3Pn4RS-2007-editedDR-QAQC-utf8.sql:10: ERROR:  current transaction is aborted, commands ignored until end of transaction block
psql:../spreadsheets/PREFONTAINE-COD3Pn4RS-2007-editedDR-QAQC-utf8.sql:11: ERROR:  current transaction is aborted, commands ignored until end of transaction block
psql:../spreadsheets/PREFONTAINE-COD3Pn4RS-2007-editedDR-QAQC-utf8.sql:12: ERROR:  current transaction is aborted, commands ignored until end of transaction block
psql:../spreadsheets/PREFONTAINE-COD3Pn4RS-2007-editedDR-QAQC-utf8.sql:13: ERROR:  current transaction is aborted, commands ignored until end of transaction block
psql:../spreadsheets/PREFONTAINE-COD3Pn4RS-2007-editedDR-QAQC-utf8.sql:14: ERROR:  current transaction is aborted, commands ignored until end of transaction block
psql:../spreadsheets/PREFONTAINE-COD3Pn4RS-2007-editedDR-QAQC-utf8.sql:15: ERROR:  current transaction is aborted, commands ignored until end of transaction block
psql:../spreadsheets/PREFONTAINE-COD3Pn4RS-2007-editedDR-QAQC-utf8.sql:16: ERROR:  current transaction is aborted, commands ignored until end of transaction block
psql:../spreadsheets/PREFONTAINE-COD3Pn4RS-2007-editedDR-QAQC-utf8.sql:17: ERROR:  current transaction is aborted, commands ignored until end of transaction block
psql:../spreadsheets/PREFONTAINE-COD3Pn4RS-2007-editedDR-QAQC-utf8.sql:18: ERROR:  current transaction is aborted, commands ignored until end of transaction block
psql:../spreadsheets/PREFONTAINE-COD3Pn4RS-2007-editedDR-QAQC-utf8.sql:19: ERROR:  current transaction is aborted, commands ignored until end of transaction block
psql:../spreadsheets/PREFONTAINE-COD3Pn4RS-2007-editedDR-QAQC-utf8.sql:20: ERROR:  current transaction is aborted, commands ignored until end of transaction block
psql:../spreadsheets/PREFONTAINE-COD3Pn4RS-2007-editedDR-QAQC-utf8.sql:21: ERROR:  current transaction is aborted, commands ignored until end of transaction block
psql:../spreadsheets/PREFONTAINE-COD3Pn4RS-2007-editedDR-QAQC-utf8.sql:22: ERROR:  current transaction is aborted, commands ignored until end of transaction block
psql:../spreadsheets/PREFONTAINE-COD3Pn4RS-2007-editedDR-QAQC-utf8.sql:23: ERROR:  current transaction is aborted, commands ignored until end of transaction block
psql:../spreadsheets/PREFONTAINE-COD3Pn4RS-2007-editedDR-QAQC-utf8.sql:24: ERROR:  current transaction is aborted, commands ignored until end of transaction block
psql:../spreadsheets/PREFONTAINE-COD3Pn4RS-2007-editedDR-QAQC-utf8.sql:25: ERROR:  current transaction is aborted, commands ignored until end of transaction block
psql:../spreadsheets/PREFONTAINE-COD3Pn4RS-2007-editedDR-QAQC-utf8.sql:26: ERROR:  current transaction is aborted, commands ignored until end of transaction block
psql:../spreadsheets/PREFONTAINE-COD3Pn4RS-2007-editedDR-QAQC-utf8.sql:27: ERROR:  current transaction is aborted, commands ignored until end of transaction block
psql:../spreadsheets/PREFONTAINE-COD3Pn4RS-2007-editedDR-QAQC-utf8.sql:28: ERROR:  current transaction is aborted, commands ignored until end of transaction block
psql:../spreadsheets/PREFONTAINE-COD3Pn4RS-2007-editedDR-QAQC-utf8.sql:29: ERROR:  current transaction is aborted, commands ignored until end of transaction block
psql:../spreadsheets/PREFONTAINE-COD3Pn4RS-2007-editedDR-QAQC-utf8.sql:30: ERROR:  current transaction is aborted, commands ignored until end of transaction block
psql:../spreadsheets/PREFONTAINE-COD3Pn4RS-2007-editedDR-QAQC-utf8.sql:31: ERROR:  current transaction is aborted, commands ignored until end of transaction block
psql:../spreadsheets/PREFONTAINE-COD3Pn4RS-2007-editedDR-QAQC-utf8.sql:32: ERROR:  current transaction is aborted, commands ignored until end of transaction block
psql:../spreadsheets/PREFONTAINE-COD3Pn4RS-2007-editedDR-QAQC-utf8.sql:33: ERROR:  current transaction is aborted, commands ignored until end of transaction block
psql:../spreadsheets/PREFONTAINE-COD3Pn4RS-2007-editedDR-QAQC-utf8.sql:34: ERROR:  current transaction is aborted, commands ignored until end of transaction block
psql:../spreadsheets/PREFONTAINE-COD3Pn4RS-2007-editedDR-QAQC-utf8.sql:35: ERROR:  current transaction is aborted, commands ignored until end of transaction block
psql:../spreadsheets/PREFONTAINE-COD3Pn4RS-2007-editedDR-QAQC-utf8.sql:36: ERROR:  current transaction is aborted, commands ignored until end of transaction block
psql:../spreadsheets/PREFONTAINE-COD3Pn4RS-2007-editedDR-QAQC-utf8.sql:37: ERROR:  current transaction is aborted, commands ignored until end of transaction block
psql:../spreadsheets/PREFONTAINE-COD3Pn4RS-2007-editedDR-QAQC-utf8.sql:38: ERROR:  current transaction is aborted, commands ignored until end of transaction block
psql:../spreadsheets/PREFONTAINE-COD3Pn4RS-2007-editedDR-QAQC-utf8.sql:39: ERROR:  current transaction is aborted, commands ignored until end of transaction block
psql:../spreadsheets/PREFONTAINE-COD3Pn4RS-2007-editedDR-QAQC-utf8.sql:40: ERROR:  current transaction is aborted, commands ignored until end of transaction block
psql:../spreadsheets/PREFONTAINE-COD3Pn4RS-2007-editedDR-QAQC-utf8.sql:41: ERROR:  current transaction is aborted, commands ignored until end of transaction block
psql:../spreadsheets/PREFONTAINE-COD3Pn4RS-2007-editedDR-QAQC-utf8.sql:42: ERROR:  current transaction is aborted, commands ignored until end of transaction block
psql:../spreadsheets/PREFONTAINE-COD3Pn4RS-2007-editedDR-QAQC-utf8.sql:43: ERROR:  current transaction is aborted, commands ignored until end of transaction block
psql:../spreadsheets/PREFONTAINE-COD3Pn4RS-2007-editedDR-QAQC-utf8.sql:44: ERROR:  current transaction is aborted, commands ignored until end of transaction block
psql:../spreadsheets/PREFONTAINE-COD3Pn4RS-2007-editedDR-QAQC-utf8.sql:45: ERROR:  current transaction is aborted, commands ignored until end of transaction block
psql:../spreadsheets/PREFONTAINE-COD3Pn4RS-2007-editedDR-QAQC-utf8.sql:46: ERROR:  current transaction is aborted, commands ignored until end of transaction block
psql:../spreadsheets/PREFONTAINE-COD3Pn4RS-2007-editedDR-QAQC-utf8.sql:47: ERROR:  current transaction is aborted, commands ignored until end of transaction block
psql:../spreadsheets/PREFONTAINE-COD3Pn4RS-2007-editedDR-QAQC-utf8.sql:48: ERROR:  current transaction is aborted, commands ignored until end of transaction block
psql:../spreadsheets/PREFONTAINE-COD3Pn4RS-2007-editedDR-QAQC-utf8.sql:49: ERROR:  current transaction is aborted, commands ignored until end of transaction block
psql:../spreadsheets/PREFONTAINE-COD3Pn4RS-2007-editedDR-QAQC-utf8.sql:50: ERROR:  current transaction is aborted, commands ignored until end of transaction block
psql:../spreadsheets/PREFONTAINE-COD3Pn4RS-2007-editedDR-QAQC-utf8.sql:51: ERROR:  current transaction is aborted, commands ignored until end of transaction block
psql:../spreadsheets/PREFONTAINE-COD3Pn4RS-2007-editedDR-QAQC-utf8.sql:52: ERROR:  current transaction is aborted, commands ignored until end of transaction block
psql:../spreadsheets/PREFONTAINE-COD3Pn4RS-2007-editedDR-QAQC-utf8.sql:53: ERROR:  current transaction is aborted, commands ignored until end of transaction block
psql:../spreadsheets/PREFONTAINE-COD3Pn4RS-2007-editedDR-QAQC-utf8.sql:54: ERROR:  current transaction is aborted, commands ignored until end of transaction block
psql:../spreadsheets/PREFONTAINE-COD3Pn4RS-2007-editedDR-QAQC-utf8.sql:55: ERROR:  current transaction is aborted, commands ignored until end of transaction block
psql:../spreadsheets/PREFONTAINE-COD3Pn4RS-2007-editedDR-QAQC-utf8.sql:56: ERROR:  current transaction is aborted, commands ignored until end of transaction block
psql:../spreadsheets/PREFONTAINE-COD3Pn4RS-2007-editedDR-QAQC-utf8.sql:57: ERROR:  current transaction is aborted, commands ignored until end of transaction block
psql:../spreadsheets/PREFONTAINE-COD3Pn4RS-2007-editedDR-QAQC-utf8.sql:58: ERROR:  current transaction is aborted, commands ignored until end of transaction block
psql:../spreadsheets/PREFONTAINE-COD3Pn4RS-2007-editedDR-QAQC-utf8.sql:59: ERROR:  current transaction is aborted, commands ignored until end of transaction block
psql:../spreadsheets/PREFONTAINE-COD3Pn4RS-2007-editedDR-QAQC-utf8.sql:60: ERROR:  current transaction is aborted, commands ignored until end of transaction block
psql:../spreadsheets/PREFONTAINE-COD3Pn4RS-2007-editedDR-QAQC-utf8.sql:61: ERROR:  current transaction is aborted, commands ignored until end of transaction block
psql:../spreadsheets/PREFONTAINE-COD3Pn4RS-2007-editedDR-QAQC-utf8.sql:62: ERROR:  current transaction is aborted, commands ignored until end of transaction block
psql:../spreadsheets/PREFONTAINE-COD3Pn4RS-2007-editedDR-QAQC-utf8.sql:63: ERROR:  current transaction is aborted, commands ignored until end of transaction block
psql:../spreadsheets/PREFONTAINE-COD3Pn4RS-2007-editedDR-QAQC-utf8.sql:64: ERROR:  current transaction is aborted, commands ignored until end of transaction block
psql:../spreadsheets/PREFONTAINE-COD3Pn4RS-2007-editedDR-QAQC-utf8.sql:65: ERROR:  current transaction is aborted, commands ignored until end of transaction block
psql:../spreadsheets/PREFONTAINE-COD3Pn4RS-2007-editedDR-QAQC-utf8.sql:66: ERROR:  current transaction is aborted, commands ignored until end of transaction block
psql:../spreadsheets/PREFONTAINE-COD3Pn4RS-2007-editedDR-QAQC-utf8.sql:67: ERROR:  current transaction is aborted, commands ignored until end of transaction block
psql:../spreadsheets/PREFONTAINE-COD3Pn4RS-2007-editedDR-QAQC-utf8.sql:68: ERROR:  current transaction is aborted, commands ignored until end of transaction block
psql:../spreadsheets/PREFONTAINE-COD3Pn4RS-2007-editedDR-QAQC-utf8.sql:69: ERROR:  current transaction is aborted, commands ignored until end of transaction block
psql:../spreadsheets/PREFONTAINE-COD3Pn4RS-2007-editedDR-QAQC-utf8.sql:70: ERROR:  current transaction is aborted, commands ignored until end of transaction block
psql:../spreadsheets/PREFONTAINE-COD3Pn4RS-2007-editedDR-QAQC-utf8.sql:71: ERROR:  current transaction is aborted, commands ignored until end of transaction block
psql:../spreadsheets/PREFONTAINE-COD3Pn4RS-2007-editedDR-QAQC-utf8.sql:72: ERROR:  current transaction is aborted, commands ignored until end of transaction block
psql:../spreadsheets/PREFONTAINE-COD3Pn4RS-2007-editedDR-QAQC-utf8.sql:73: ERROR:  current transaction is aborted, commands ignored until end of transaction block
psql:../spreadsheets/PREFONTAINE-COD3Pn4RS-2007-editedDR-QAQC-utf8.sql:74: ERROR:  current transaction is aborted, commands ignored until end of transaction block
psql:../spreadsheets/PREFONTAINE-COD3Pn4RS-2007-editedDR-QAQC-utf8.sql:75: ERROR:  current transaction is aborted, commands ignored until end of transaction block
psql:../spreadsheets/PREFONTAINE-COD3Pn4RS-2007-editedDR-QAQC-utf8.sql:76: ERROR:  current transaction is aborted, commands ignored until end of transaction block
psql:../spreadsheets/PREFONTAINE-COD3Pn4RS-2007-editedDR-QAQC-utf8.sql:77: ERROR:  current transaction is aborted, commands ignored until end of transaction block
psql:../spreadsheets/PREFONTAINE-COD3Pn4RS-2007-editedDR-QAQC-utf8.sql:78: ERROR:  current transaction is aborted, commands ignored until end of transaction block
psql:../spreadsheets/PREFONTAINE-COD3Pn4RS-2007-editedDR-QAQC-utf8.sql:79: ERROR:  current transaction is aborted, commands ignored until end of transaction block
psql:../spreadsheets/PREFONTAINE-COD3Pn4RS-2007-editedDR-QAQC-utf8.sql:80: ERROR:  current transaction is aborted, commands ignored until end of transaction block
psql:../spreadsheets/PREFONTAINE-COD3Pn4RS-2007-editedDR-QAQC-utf8.sql:81: ERROR:  current transaction is aborted, commands ignored until end of transaction block
psql:../spreadsheets/PREFONTAINE-COD3Pn4RS-2007-editedDR-QAQC-utf8.sql:82: ERROR:  current transaction is aborted, commands ignored until end of transaction block
psql:../spreadsheets/PREFONTAINE-COD3Pn4RS-2007-editedDR-QAQC-utf8.sql:83: ERROR:  current transaction is aborted, commands ignored until end of transaction block
psql:../spreadsheets/PREFONTAINE-COD3Pn4RS-2007-editedDR-QAQC-utf8.sql:84: ERROR:  current transaction is aborted, commands ignored until end of transaction block
psql:../spreadsheets/PREFONTAINE-COD3Pn4RS-2007-editedDR-QAQC-utf8.sql:85: ERROR:  current transaction is aborted, commands ignored until end of transaction block
psql:../spreadsheets/PREFONTAINE-COD3Pn4RS-2007-editedDR-QAQC-utf8.sql:86: ERROR:  current transaction is aborted, commands ignored until end of transaction block
psql:../spreadsheets/PREFONTAINE-COD3Pn4RS-2007-editedDR-QAQC-utf8.sql:87: ERROR:  current transaction is aborted, commands ignored until end of transaction block
psql:../spreadsheets/PREFONTAINE-COD3Pn4RS-2007-editedDR-QAQC-utf8.sql:88: ERROR:  current transaction is aborted, commands ignored until end of transaction block
psql:../spreadsheets/PREFONTAINE-COD3Pn4RS-2007-editedDR-QAQC-utf8.sql:89: ERROR:  current transaction is aborted, commands ignored until end of transaction block
psql:../spreadsheets/PREFONTAINE-COD3Pn4RS-2007-editedDR-QAQC-utf8.sql:90: ERROR:  current transaction is aborted, commands ignored until end of transaction block
psql:../spreadsheets/PREFONTAINE-COD3Pn4RS-2007-editedDR-QAQC-utf8.sql:91: ERROR:  current transaction is aborted, commands ignored until end of transaction block
psql:../spreadsheets/PREFONTAINE-COD3Pn4RS-2007-editedDR-QAQC-utf8.sql:92: ERROR:  current transaction is aborted, commands ignored until end of transaction block
psql:../spreadsheets/PREFONTAINE-COD3Pn4RS-2007-editedDR-QAQC-utf8.sql:93: ERROR:  current transaction is aborted, commands ignored until end of transaction block
psql:../spreadsheets/PREFONTAINE-COD3Pn4RS-2007-editedDR-QAQC-utf8.sql:94: ERROR:  current transaction is aborted, commands ignored until end of transaction block
psql:../spreadsheets/PREFONTAINE-COD3Pn4RS-2007-editedDR-QAQC-utf8.sql:95: ERROR:  current transaction is aborted, commands ignored until end of transaction block
psql:../spreadsheets/PREFONTAINE-COD3Pn4RS-2007-editedDR-QAQC-utf8.sql:96: ERROR:  current transaction is aborted, commands ignored until end of transaction block
psql:../spreadsheets/PREFONTAINE-COD3Pn4RS-2007-editedDR-QAQC-utf8.sql:97: ERROR:  current transaction is aborted, commands ignored until end of transaction block
psql:../spreadsheets/PREFONTAINE-COD3Pn4RS-2007-editedDR-QAQC-utf8.sql:98: ERROR:  current transaction is aborted, commands ignored until end of transaction block
psql:../spreadsheets/PREFONTAINE-COD3Pn4RS-2007-editedDR-QAQC-utf8.sql:99: ERROR:  current transaction is aborted, commands ignored until end of transaction block
psql:../spreadsheets/PREFONTAINE-COD3Pn4RS-2007-editedDR-QAQC-utf8.sql:100: ERROR:  current transaction is aborted, commands ignored until end of transaction block
psql:../spreadsheets/PREFONTAINE-COD3Pn4RS-2007-editedDR-QAQC-utf8.sql:101: ERROR:  current transaction is aborted, commands ignored until end of transaction block
psql:../spreadsheets/PREFONTAINE-COD3Pn4RS-2007-editedDR-QAQC-utf8.sql:102: ERROR:  current transaction is aborted, commands ignored until end of transaction block
psql:../spreadsheets/PREFONTAINE-COD3Pn4RS-2007-editedDR-QAQC-utf8.sql:103: ERROR:  current transaction is aborted, commands ignored until end of transaction block
psql:../spreadsheets/PREFONTAINE-COD3Pn4RS-2007-editedDR-QAQC-utf8.sql:104: ERROR:  current transaction is aborted, commands ignored until end of transaction block
psql:../spreadsheets/PREFONTAINE-COD3Pn4RS-2007-editedDR-QAQC-utf8.sql:105: ERROR:  current transaction is aborted, commands ignored until end of transaction block
psql:../spreadsheets/PREFONTAINE-COD3Pn4RS-2007-editedDR-QAQC-utf8.sql:106: ERROR:  current transaction is aborted, commands ignored until end of transaction block
psql:../spreadsheets/PREFONTAINE-COD3Pn4RS-2007-editedDR-QAQC-utf8.sql:107: ERROR:  current transaction is aborted, commands ignored until end of transaction block
psql:../spreadsheets/PREFONTAINE-COD3Pn4RS-2007-editedDR-QAQC-utf8.sql:108: ERROR:  current transaction is aborted, commands ignored until end of transaction block
psql:../spreadsheets/PREFONTAINE-COD3Pn4RS-2007-editedDR-QAQC-utf8.sql:109: ERROR:  current transaction is aborted, commands ignored until end of transaction block
psql:../spreadsheets/PREFONTAINE-COD3Pn4RS-2007-editedDR-QAQC-utf8.sql:110: ERROR:  current transaction is aborted, commands ignored until end of transaction block
psql:../spreadsheets/PREFONTAINE-COD3Pn4RS-2007-editedDR-QAQC-utf8.sql:111: ERROR:  current transaction is aborted, commands ignored until end of transaction block
psql:../spreadsheets/PREFONTAINE-COD3Pn4RS-2007-editedDR-QAQC-utf8.sql:112: ERROR:  current transaction is aborted, commands ignored until end of transaction block
psql:../spreadsheets/PREFONTAINE-COD3Pn4RS-2007-editedDR-QAQC-utf8.sql:113: ERROR:  current transaction is aborted, commands ignored until end of transaction block
psql:../spreadsheets/PREFONTAINE-COD3Pn4RS-2007-editedDR-QAQC-utf8.sql:114: ERROR:  current transaction is aborted, commands ignored until end of transaction block
psql:../spreadsheets/PREFONTAINE-COD3Pn4RS-2007-editedDR-QAQC-utf8.sql:115: ERROR:  current transaction is aborted, commands ignored until end of transaction block
psql:../spreadsheets/PREFONTAINE-COD3Pn4RS-2007-editedDR-QAQC-utf8.sql:116: ERROR:  current transaction is aborted, commands ignored until end of transaction block
psql:../spreadsheets/PREFONTAINE-COD3Pn4RS-2007-editedDR-QAQC-utf8.sql:117: ERROR:  current transaction is aborted, commands ignored until end of transaction block
psql:../spreadsheets/PREFONTAINE-COD3Pn4RS-2007-editedDR-QAQC-utf8.sql:118: ERROR:  current transaction is aborted, commands ignored until end of transaction block
psql:../spreadsheets/PREFONTAINE-COD3Pn4RS-2007-editedDR-QAQC-utf8.sql:119: ERROR:  current transaction is aborted, commands ignored until end of transaction block
psql:../spreadsheets/PREFONTAINE-COD3Pn4RS-2007-editedDR-QAQC-utf8.sql:120: ERROR:  current transaction is aborted, commands ignored until end of transaction block
psql:../spreadsheets/PREFONTAINE-COD3Pn4RS-2007-editedDR-QAQC-utf8.sql:121: ERROR:  current transaction is aborted, commands ignored until end of transaction block
psql:../spreadsheets/PREFONTAINE-COD3Pn4RS-2007-editedDR-QAQC-utf8.sql:122: ERROR:  current transaction is aborted, commands ignored until end of transaction block
psql:../spreadsheets/PREFONTAINE-COD3Pn4RS-2007-editedDR-QAQC-utf8.sql:123: ERROR:  current transaction is aborted, commands ignored until end of transaction block
psql:../spreadsheets/PREFONTAINE-COD3Pn4RS-2007-editedDR-QAQC-utf8.sql:124: ERROR:  current transaction is aborted, commands ignored until end of transaction block
psql:../spreadsheets/PREFONTAINE-COD3Pn4RS-2007-editedDR-QAQC-utf8.sql:125: ERROR:  current transaction is aborted, commands ignored until end of transaction block
psql:../spreadsheets/PREFONTAINE-COD3Pn4RS-2007-editedDR-QAQC-utf8.sql:126: ERROR:  current transaction is aborted, commands ignored until end of transaction block
psql:../spreadsheets/PREFONTAINE-COD3Pn4RS-2007-editedDR-QAQC-utf8.sql:127: ERROR:  current transaction is aborted, commands ignored until end of transaction block
psql:../spreadsheets/PREFONTAINE-COD3Pn4RS-2007-editedDR-QAQC-utf8.sql:128: ERROR:  current transaction is aborted, commands ignored until end of transaction block
psql:../spreadsheets/PREFONTAINE-COD3Pn4RS-2007-editedDR-QAQC-utf8.sql:129: ERROR:  current transaction is aborted, commands ignored until end of transaction block
psql:../spreadsheets/PREFONTAINE-COD3Pn4RS-2007-editedDR-QAQC-utf8.sql:130: ERROR:  current transaction is aborted, commands ignored until end of transaction block
psql:../spreadsheets/PREFONTAINE-COD3Pn4RS-2007-editedDR-QAQC-utf8.sql:131: ERROR:  current transaction is aborted, commands ignored until end of transaction block
psql:../spreadsheets/PREFONTAINE-COD3Pn4RS-2007-editedDR-QAQC-utf8.sql:132: ERROR:  current transaction is aborted, commands ignored until end of transaction block
psql:../spreadsheets/PREFONTAINE-COD3Pn4RS-2007-editedDR-QAQC-utf8.sql:133: ERROR:  current transaction is aborted, commands ignored until end of transaction block
psql:../spreadsheets/PREFONTAINE-COD3Pn4RS-2007-editedDR-QAQC-utf8.sql:134: ERROR:  current transaction is aborted, commands ignored until end of transaction block
psql:../spreadsheets/PREFONTAINE-COD3Pn4RS-2007-editedDR-QAQC-utf8.sql:135: ERROR:  current transaction is aborted, commands ignored until end of transaction block
psql:../spreadsheets/PREFONTAINE-COD3Pn4RS-2007-editedDR-QAQC-utf8.sql:136: ERROR:  current transaction is aborted, commands ignored until end of transaction block
psql:../spreadsheets/PREFONTAINE-COD3Pn4RS-2007-editedDR-QAQC-utf8.sql:137: ERROR:  current transaction is aborted, commands ignored until end of transaction block
psql:../spreadsheets/PREFONTAINE-COD3Pn4RS-2007-editedDR-QAQC-utf8.sql:138: ERROR:  current transaction is aborted, commands ignored until end of transaction block
psql:../spreadsheets/PREFONTAINE-COD3Pn4RS-2007-editedDR-QAQC-utf8.sql:139: ERROR:  current transaction is aborted, commands ignored until end of transaction block
psql:../spreadsheets/PREFONTAINE-COD3Pn4RS-2007-editedDR-QAQC-utf8.sql:140: ERROR:  current transaction is aborted, commands ignored until end of transaction block
psql:../spreadsheets/PREFONTAINE-COD3Pn4RS-2007-editedDR-QAQC-utf8.sql:141: ERROR:  current transaction is aborted, commands ignored until end of transaction block
psql:../spreadsheets/PREFONTAINE-COD3Pn4RS-2007-editedDR-QAQC-utf8.sql:142: ERROR:  current transaction is aborted, commands ignored until end of transaction block
psql:../spreadsheets/PREFONTAINE-COD3Pn4RS-2007-editedDR-QAQC-utf8.sql:143: ERROR:  current transaction is aborted, commands ignored until end of transaction block
psql:../spreadsheets/PREFONTAINE-COD3Pn4RS-2007-editedDR-QAQC-utf8.sql:144: ERROR:  current transaction is aborted, commands ignored until end of transaction block
psql:../spreadsheets/PREFONTAINE-COD3Pn4RS-2007-editedDR-QAQC-utf8.sql:145: ERROR:  current transaction is aborted, commands ignored until end of transaction block
psql:../spreadsheets/PREFONTAINE-COD3Pn4RS-2007-editedDR-QAQC-utf8.sql:146: ERROR:  current transaction is aborted, commands ignored until end of transaction block
psql:../spreadsheets/PREFONTAINE-COD3Pn4RS-2007-editedDR-QAQC-utf8.sql:147: ERROR:  current transaction is aborted, commands ignored until end of transaction block
psql:../spreadsheets/PREFONTAINE-COD3Pn4RS-2007-editedDR-QAQC-utf8.sql:148: ERROR:  current transaction is aborted, commands ignored until end of transaction block
psql:../spreadsheets/PREFONTAINE-COD3Pn4RS-2007-editedDR-QAQC-utf8.sql:149: ERROR:  current transaction is aborted, commands ignored until end of transaction block
psql:../spreadsheets/PREFONTAINE-COD3Pn4RS-2007-editedDR-QAQC-utf8.sql:150: ERROR:  current transaction is aborted, commands ignored until end of transaction block
psql:../spreadsheets/PREFONTAINE-COD3Pn4RS-2007-editedDR-QAQC-utf8.sql:151: ERROR:  current transaction is aborted, commands ignored until end of transaction block
psql:../spreadsheets/PREFONTAINE-COD3Pn4RS-2007-editedDR-QAQC-utf8.sql:152: ERROR:  current transaction is aborted, commands ignored until end of transaction block
psql:../spreadsheets/PREFONTAINE-COD3Pn4RS-2007-editedDR-QAQC-utf8.sql:153: ERROR:  current transaction is aborted, commands ignored until end of transaction block
psql:../spreadsheets/PREFONTAINE-COD3Pn4RS-2007-editedDR-QAQC-utf8.sql:154: ERROR:  current transaction is aborted, commands ignored until end of transaction block
psql:../spreadsheets/PREFONTAINE-COD3Pn4RS-2007-editedDR-QAQC-utf8.sql:155: ERROR:  current transaction is aborted, commands ignored until end of transaction block
psql:../spreadsheets/PREFONTAINE-COD3Pn4RS-2007-editedDR-QAQC-utf8.sql:156: ERROR:  current transaction is aborted, commands ignored until end of transaction block
psql:../spreadsheets/PREFONTAINE-COD3Pn4RS-2007-editedDR-QAQC-utf8.sql:157: ERROR:  current transaction is aborted, commands ignored until end of transaction block
psql:../spreadsheets/PREFONTAINE-COD3Pn4RS-2007-editedDR-QAQC-utf8.sql:158: ERROR:  current transaction is aborted, commands ignored until end of transaction block
psql:../spreadsheets/PREFONTAINE-COD3Pn4RS-2007-editedDR-QAQC-utf8.sql:159: ERROR:  current transaction is aborted, commands ignored until end of transaction block
psql:../spreadsheets/PREFONTAINE-COD3Pn4RS-2007-editedDR-QAQC-utf8.sql:160: ERROR:  current transaction is aborted, commands ignored until end of transaction block
psql:../spreadsheets/PREFONTAINE-COD3Pn4RS-2007-editedDR-QAQC-utf8.sql:161: ERROR:  current transaction is aborted, commands ignored until end of transaction block
psql:../spreadsheets/PREFONTAINE-COD3Pn4RS-2007-editedDR-QAQC-utf8.sql:162: ERROR:  current transaction is aborted, commands ignored until end of transaction block
psql:../spreadsheets/PREFONTAINE-COD3Pn4RS-2007-editedDR-QAQC-utf8.sql:163: ERROR:  current transaction is aborted, commands ignored until end of transaction block
psql:../spreadsheets/PREFONTAINE-COD3Pn4RS-2007-editedDR-QAQC-utf8.sql:164: ERROR:  current transaction is aborted, commands ignored until end of transaction block
psql:../spreadsheets/PREFONTAINE-COD3Pn4RS-2007-editedDR-QAQC-utf8.sql:165: ERROR:  current transaction is aborted, commands ignored until end of transaction block
psql:../spreadsheets/PREFONTAINE-COD3Pn4RS-2007-editedDR-QAQC-utf8.sql:166: ERROR:  current transaction is aborted, commands ignored until end of transaction block
psql:../spreadsheets/PREFONTAINE-COD3Pn4RS-2007-editedDR-QAQC-utf8.sql:167: ERROR:  current transaction is aborted, commands ignored until end of transaction block
psql:../spreadsheets/PREFONTAINE-COD3Pn4RS-2007-editedDR-QAQC-utf8.sql:168: ERROR:  current transaction is aborted, commands ignored until end of transaction block
psql:../spreadsheets/PREFONTAINE-COD3Pn4RS-2007-editedDR-QAQC-utf8.sql:169: ERROR:  current transaction is aborted, commands ignored until end of transaction block
psql:../spreadsheets/PREFONTAINE-COD3Pn4RS-2007-editedDR-QAQC-utf8.sql:170: ERROR:  current transaction is aborted, commands ignored until end of transaction block
psql:../spreadsheets/PREFONTAINE-COD3Pn4RS-2007-editedDR-QAQC-utf8.sql:171: ERROR:  current transaction is aborted, commands ignored until end of transaction block
psql:../spreadsheets/PREFONTAINE-COD3Pn4RS-2007-editedDR-QAQC-utf8.sql:172: ERROR:  current transaction is aborted, commands ignored until end of transaction block
psql:../spreadsheets/PREFONTAINE-COD3Pn4RS-2007-editedDR-QAQC-utf8.sql:173: ERROR:  current transaction is aborted, commands ignored until end of transaction block
psql:../spreadsheets/PREFONTAINE-COD3Pn4RS-2007-editedDR-QAQC-utf8.sql:174: ERROR:  current transaction is aborted, commands ignored until end of transaction block
psql:../spreadsheets/PREFONTAINE-COD3Pn4RS-2007-editedDR-QAQC-utf8.sql:175: ERROR:  current transaction is aborted, commands ignored until end of transaction block
psql:../spreadsheets/PREFONTAINE-COD3Pn4RS-2007-editedDR-QAQC-utf8.sql:176: ERROR:  current transaction is aborted, commands ignored until end of transaction block
psql:../spreadsheets/PREFONTAINE-COD3Pn4RS-2007-editedDR-QAQC-utf8.sql:177: ERROR:  current transaction is aborted, commands ignored until end of transaction block
psql:../spreadsheets/PREFONTAINE-COD3Pn4RS-2007-editedDR-QAQC-utf8.sql:178: ERROR:  current transaction is aborted, commands ignored until end of transaction block
psql:../spreadsheets/PREFONTAINE-COD3Pn4RS-2007-editedDR-QAQC-utf8.sql:179: ERROR:  current transaction is aborted, commands ignored until end of transaction block
psql:../spreadsheets/PREFONTAINE-COD3Pn4RS-2007-editedDR-QAQC-utf8.sql:180: ERROR:  current transaction is aborted, commands ignored until end of transaction block
psql:../spreadsheets/PREFONTAINE-COD3Pn4RS-2007-editedDR-QAQC-utf8.sql:181: ERROR:  current transaction is aborted, commands ignored until end of transaction block
psql:../spreadsheets/PREFONTAINE-COD3Pn4RS-2007-editedDR-QAQC-utf8.sql:182: ERROR:  current transaction is aborted, commands ignored until end of transaction block
psql:../spreadsheets/PREFONTAINE-COD3Pn4RS-2007-editedDR-QAQC-utf8.sql:183: ERROR:  current transaction is aborted, commands ignored until end of transaction block
psql:../spreadsheets/PREFONTAINE-COD3Pn4RS-2007-editedDR-QAQC-utf8.sql:184: ERROR:  current transaction is aborted, commands ignored until end of transaction block
psql:../spreadsheets/PREFONTAINE-COD3Pn4RS-2007-editedDR-QAQC-utf8.sql:185: ERROR:  current transaction is aborted, commands ignored until end of transaction block
psql:../spreadsheets/PREFONTAINE-COD3Pn4RS-2007-editedDR-QAQC-utf8.sql:186: ERROR:  current transaction is aborted, commands ignored until end of transaction block
psql:../spreadsheets/PREFONTAINE-COD3Pn4RS-2007-editedDR-QAQC-utf8.sql:187: ERROR:  current transaction is aborted, commands ignored until end of transaction block
psql:../spreadsheets/PREFONTAINE-COD3Pn4RS-2007-editedDR-QAQC-utf8.sql:188: ERROR:  current transaction is aborted, commands ignored until end of transaction block
psql:../spreadsheets/PREFONTAINE-COD3Pn4RS-2007-editedDR-QAQC-utf8.sql:189: ERROR:  current transaction is aborted, commands ignored until end of transaction block
psql:../spreadsheets/PREFONTAINE-COD3Pn4RS-2007-editedDR-QAQC-utf8.sql:190: ERROR:  current transaction is aborted, commands ignored until end of transaction block
psql:../spreadsheets/PREFONTAINE-COD3Pn4RS-2007-editedDR-QAQC-utf8.sql:191: ERROR:  current transaction is aborted, commands ignored until end of transaction block
psql:../spreadsheets/PREFONTAINE-COD3Pn4RS-2007-editedDR-QAQC-utf8.sql:192: ERROR:  current transaction is aborted, commands ignored until end of transaction block
psql:../spreadsheets/PREFONTAINE-COD3Pn4RS-2007-editedDR-QAQC-utf8.sql:193: ERROR:  current transaction is aborted, commands ignored until end of transaction block
psql:../spreadsheets/PREFONTAINE-COD3Pn4RS-2007-editedDR-QAQC-utf8.sql:194: ERROR:  current transaction is aborted, commands ignored until end of transaction block
psql:../spreadsheets/PREFONTAINE-COD3Pn4RS-2007-editedDR-QAQC-utf8.sql:195: ERROR:  current transaction is aborted, commands ignored until end of transaction block
psql:../spreadsheets/PREFONTAINE-COD3Pn4RS-2007-editedDR-QAQC-utf8.sql:196: ERROR:  current transaction is aborted, commands ignored until end of transaction block
psql:../spreadsheets/PREFONTAINE-COD3Pn4RS-2007-editedDR-QAQC-utf8.sql:197: ERROR:  current transaction is aborted, commands ignored until end of transaction block
psql:../spreadsheets/PREFONTAINE-COD3Pn4RS-2007-editedDR-QAQC-utf8.sql:198: ERROR:  current transaction is aborted, commands ignored until end of transaction block
psql:../spreadsheets/PREFONTAINE-COD3Pn4RS-2007-editedDR-QAQC-utf8.sql:199: ERROR:  current transaction is aborted, commands ignored until end of transaction block
psql:../spreadsheets/PREFONTAINE-COD3Pn4RS-2007-editedDR-QAQC-utf8.sql:200: ERROR:  current transaction is aborted, commands ignored until end of transaction block
psql:../spreadsheets/PREFONTAINE-COD3Pn4RS-2007-editedDR-QAQC-utf8.sql:201: ERROR:  current transaction is aborted, commands ignored until end of transaction block
psql:../spreadsheets/PREFONTAINE-COD3Pn4RS-2007-editedDR-QAQC-utf8.sql:202: ERROR:  current transaction is aborted, commands ignored until end of transaction block
psql:../spreadsheets/PREFONTAINE-COD3Pn4RS-2007-editedDR-QAQC-utf8.sql:203: ERROR:  current transaction is aborted, commands ignored until end of transaction block
psql:../spreadsheets/PREFONTAINE-COD3Pn4RS-2007-editedDR-QAQC-utf8.sql:204: ERROR:  current transaction is aborted, commands ignored until end of transaction block
psql:../spreadsheets/PREFONTAINE-COD3Pn4RS-2007-editedDR-QAQC-utf8.sql:205: ERROR:  current transaction is aborted, commands ignored until end of transaction block
psql:../spreadsheets/PREFONTAINE-COD3Pn4RS-2007-editedDR-QAQC-utf8.sql:206: ERROR:  current transaction is aborted, commands ignored until end of transaction block
psql:../spreadsheets/PREFONTAINE-COD3Pn4RS-2007-editedDR-QAQC-utf8.sql:207: ERROR:  current transaction is aborted, commands ignored until end of transaction block
psql:../spreadsheets/PREFONTAINE-COD3Pn4RS-2007-editedDR-QAQC-utf8.sql:208: ERROR:  current transaction is aborted, commands ignored until end of transaction block
psql:../spreadsheets/PREFONTAINE-COD3Pn4RS-2007-editedDR-QAQC-utf8.sql:209: ERROR:  current transaction is aborted, commands ignored until end of transaction block
psql:../spreadsheets/PREFONTAINE-COD3Pn4RS-2007-editedDR-QAQC-utf8.sql:210: ERROR:  current transaction is aborted, commands ignored until end of transaction block
psql:../spreadsheets/PREFONTAINE-COD3Pn4RS-2007-editedDR-QAQC-utf8.sql:211: ERROR:  current transaction is aborted, commands ignored until end of transaction block
psql:../spreadsheets/PREFONTAINE-COD3Pn4RS-2007-editedDR-QAQC-utf8.sql:212: ERROR:  current transaction is aborted, commands ignored until end of transaction block
psql:../spreadsheets/PREFONTAINE-COD3Pn4RS-2007-editedDR-QAQC-utf8.sql:213: ERROR:  current transaction is aborted, commands ignored until end of transaction block
psql:../spreadsheets/PREFONTAINE-COD3Pn4RS-2007-editedDR-QAQC-utf8.sql:214: ERROR:  current transaction is aborted, commands ignored until end of transaction block
psql:../spreadsheets/PREFONTAINE-COD3Pn4RS-2007-editedDR-QAQC-utf8.sql:215: ERROR:  current transaction is aborted, commands ignored until end of transaction block
psql:../spreadsheets/PREFONTAINE-COD3Pn4RS-2007-editedDR-QAQC-utf8.sql:216: ERROR:  current transaction is aborted, commands ignored until end of transaction block
psql:../spreadsheets/PREFONTAINE-COD3Pn4RS-2007-editedDR-QAQC-utf8.sql:217: ERROR:  current transaction is aborted, commands ignored until end of transaction block
psql:../spreadsheets/PREFONTAINE-COD3Pn4RS-2007-editedDR-QAQC-utf8.sql:218: ERROR:  current transaction is aborted, commands ignored until end of transaction block
psql:../spreadsheets/PREFONTAINE-COD3Pn4RS-2007-editedDR-QAQC-utf8.sql:219: ERROR:  current transaction is aborted, commands ignored until end of transaction block
psql:../spreadsheets/PREFONTAINE-COD3Pn4RS-2007-editedDR-QAQC-utf8.sql:220: ERROR:  current transaction is aborted, commands ignored until end of transaction block
psql:../spreadsheets/PREFONTAINE-COD3Pn4RS-2007-editedDR-QAQC-utf8.sql:221: ERROR:  current transaction is aborted, commands ignored until end of transaction block
psql:../spreadsheets/PREFONTAINE-COD3Pn4RS-2007-editedDR-QAQC-utf8.sql:222: ERROR:  current transaction is aborted, commands ignored until end of transaction block
psql:../spreadsheets/PREFONTAINE-COD3Pn4RS-2007-editedDR-QAQC-utf8.sql:223: ERROR:  current transaction is aborted, commands ignored until end of transaction block
psql:../spreadsheets/PREFONTAINE-COD3Pn4RS-2007-editedDR-QAQC-utf8.sql:224: ERROR:  current transaction is aborted, commands ignored until end of transaction block
psql:../spreadsheets/PREFONTAINE-COD3Pn4RS-2007-editedDR-QAQC-utf8.sql:225: ERROR:  current transaction is aborted, commands ignored until end of transaction block
psql:../spreadsheets/PREFONTAINE-COD3Pn4RS-2007-editedDR-QAQC-utf8.sql:226: ERROR:  current transaction is aborted, commands ignored until end of transaction block
psql:../spreadsheets/PREFONTAINE-COD3Pn4RS-2007-editedDR-QAQC-utf8.sql:227: ERROR:  current transaction is aborted, commands ignored until end of transaction block
psql:../spreadsheets/PREFONTAINE-COD3Pn4RS-2007-editedDR-QAQC-utf8.sql:228: ERROR:  current transaction is aborted, commands ignored until end of transaction block
psql:../spreadsheets/PREFONTAINE-COD3Pn4RS-2007-editedDR-QAQC-utf8.sql:229: ERROR:  current transaction is aborted, commands ignored until end of transaction block
psql:../spreadsheets/PREFONTAINE-COD3Pn4RS-2007-editedDR-QAQC-utf8.sql:230: ERROR:  current transaction is aborted, commands ignored until end of transaction block
psql:../spreadsheets/PREFONTAINE-COD3Pn4RS-2007-editedDR-QAQC-utf8.sql:231: ERROR:  current transaction is aborted, commands ignored until end of transaction block
psql:../spreadsheets/PREFONTAINE-COD3Pn4RS-2007-editedDR-QAQC-utf8.sql:232: ERROR:  current transaction is aborted, commands ignored until end of transaction block
psql:../spreadsheets/PREFONTAINE-COD3Pn4RS-2007-editedDR-QAQC-utf8.sql:233: ERROR:  current transaction is aborted, commands ignored until end of transaction block
psql:../spreadsheets/PREFONTAINE-COD3Pn4RS-2007-editedDR-QAQC-utf8.sql:234: ERROR:  current transaction is aborted, commands ignored until end of transaction block
psql:../spreadsheets/PREFONTAINE-COD3Pn4RS-2007-editedDR-QAQC-utf8.sql:235: ERROR:  current transaction is aborted, commands ignored until end of transaction block
psql:../spreadsheets/PREFONTAINE-COD3Pn4RS-2007-editedDR-QAQC-utf8.sql:236: ERROR:  current transaction is aborted, commands ignored until end of transaction block
psql:../spreadsheets/PREFONTAINE-COD3Pn4RS-2007-editedDR-QAQC-utf8.sql:237: ERROR:  current transaction is aborted, commands ignored until end of transaction block
psql:../spreadsheets/PREFONTAINE-COD3Pn4RS-2007-editedDR-QAQC-utf8.sql:238: ERROR:  current transaction is aborted, commands ignored until end of transaction block
psql:../spreadsheets/PREFONTAINE-COD3Pn4RS-2007-editedDR-QAQC-utf8.sql:239: ERROR:  current transaction is aborted, commands ignored until end of transaction block
psql:../spreadsheets/PREFONTAINE-COD3Pn4RS-2007-editedDR-QAQC-utf8.sql:240: ERROR:  current transaction is aborted, commands ignored until end of transaction block
psql:../spreadsheets/PREFONTAINE-COD3Pn4RS-2007-editedDR-QAQC-utf8.sql:241: ERROR:  current transaction is aborted, commands ignored until end of transaction block
psql:../spreadsheets/PREFONTAINE-COD3Pn4RS-2007-editedDR-QAQC-utf8.sql:242: ERROR:  current transaction is aborted, commands ignored until end of transaction block
psql:../spreadsheets/PREFONTAINE-COD3Pn4RS-2007-editedDR-QAQC-utf8.sql:243: ERROR:  current transaction is aborted, commands ignored until end of transaction block
psql:../spreadsheets/PREFONTAINE-COD3Pn4RS-2007-editedDR-QAQC-utf8.sql:244: ERROR:  current transaction is aborted, commands ignored until end of transaction block
psql:../spreadsheets/PREFONTAINE-COD3Pn4RS-2007-editedDR-QAQC-utf8.sql:245: ERROR:  current transaction is aborted, commands ignored until end of transaction block
psql:../spreadsheets/PREFONTAINE-COD3Pn4RS-2007-editedDR-QAQC-utf8.sql:246: ERROR:  current transaction is aborted, commands ignored until end of transaction block
psql:../spreadsheets/PREFONTAINE-COD3Pn4RS-2007-editedDR-QAQC-utf8.sql:247: ERROR:  current transaction is aborted, commands ignored until end of transaction block
psql:../spreadsheets/PREFONTAINE-COD3Pn4RS-2007-editedDR-QAQC-utf8.sql:248: ERROR:  current transaction is aborted, commands ignored until end of transaction block
psql:../spreadsheets/PREFONTAINE-COD3Pn4RS-2007-editedDR-QAQC-utf8.sql:249: ERROR:  current transaction is aborted, commands ignored until end of transaction block
psql:../spreadsheets/PREFONTAINE-COD3Pn4RS-2007-editedDR-QAQC-utf8.sql:250: ERROR:  current transaction is aborted, commands ignored until end of transaction block
psql:../spreadsheets/PREFONTAINE-COD3Pn4RS-2007-editedDR-QAQC-utf8.sql:251: ERROR:  current transaction is aborted, commands ignored until end of transaction block
psql:../spreadsheets/PREFONTAINE-COD3Pn4RS-2007-editedDR-QAQC-utf8.sql:252: ERROR:  current transaction is aborted, commands ignored until end of transaction block
psql:../spreadsheets/PREFONTAINE-COD3Pn4RS-2007-editedDR-QAQC-utf8.sql:253: ERROR:  current transaction is aborted, commands ignored until end of transaction block
psql:../spreadsheets/PREFONTAINE-COD3Pn4RS-2007-editedDR-QAQC-utf8.sql:254: ERROR:  current transaction is aborted, commands ignored until end of transaction block
psql:../spreadsheets/PREFONTAINE-COD3Pn4RS-2007-editedDR-QAQC-utf8.sql:255: ERROR:  current transaction is aborted, commands ignored until end of transaction block
psql:../spreadsheets/PREFONTAINE-COD3Pn4RS-2007-editedDR-QAQC-utf8.sql:256: ERROR:  current transaction is aborted, commands ignored until end of transaction block
psql:../spreadsheets/PREFONTAINE-COD3Pn4RS-2007-editedDR-QAQC-utf8.sql:257: ERROR:  current transaction is aborted, commands ignored until end of transaction block
psql:../spreadsheets/PREFONTAINE-COD3Pn4RS-2007-editedDR-QAQC-utf8.sql:258: ERROR:  current transaction is aborted, commands ignored until end of transaction block
psql:../spreadsheets/PREFONTAINE-COD3Pn4RS-2007-editedDR-QAQC-utf8.sql:259: ERROR:  current transaction is aborted, commands ignored until end of transaction block
psql:../spreadsheets/PREFONTAINE-COD3Pn4RS-2007-editedDR-QAQC-utf8.sql:260: ERROR:  current transaction is aborted, commands ignored until end of transaction block
psql:../spreadsheets/PREFONTAINE-COD3Pn4RS-2007-editedDR-QAQC-utf8.sql:261: ERROR:  current transaction is aborted, commands ignored until end of transaction block
psql:../spreadsheets/PREFONTAINE-COD3Pn4RS-2007-editedDR-QAQC-utf8.sql:262: ERROR:  current transaction is aborted, commands ignored until end of transaction block
psql:../spreadsheets/PREFONTAINE-COD3Pn4RS-2007-editedDR-QAQC-utf8.sql:263: ERROR:  current transaction is aborted, commands ignored until end of transaction block
psql:../spreadsheets/PREFONTAINE-COD3Pn4RS-2007-editedDR-QAQC-utf8.sql:264: ERROR:  current transaction is aborted, commands ignored until end of transaction block
psql:../spreadsheets/PREFONTAINE-COD3Pn4RS-2007-editedDR-QAQC-utf8.sql:265: ERROR:  current transaction is aborted, commands ignored until end of transaction block
psql:../spreadsheets/PREFONTAINE-COD3Pn4RS-2007-editedDR-QAQC-utf8.sql:266: ERROR:  current transaction is aborted, commands ignored until end of transaction block
psql:../spreadsheets/PREFONTAINE-COD3Pn4RS-2007-editedDR-QAQC-utf8.sql:267: ERROR:  current transaction is aborted, commands ignored until end of transaction block
psql:../spreadsheets/PREFONTAINE-COD3Pn4RS-2007-editedDR-QAQC-utf8.sql:268: ERROR:  current transaction is aborted, commands ignored until end of transaction block
psql:../spreadsheets/PREFONTAINE-COD3Pn4RS-2007-editedDR-QAQC-utf8.sql:269: ERROR:  current transaction is aborted, commands ignored until end of transaction block
psql:../spreadsheets/PREFONTAINE-COD3Pn4RS-2007-editedDR-QAQC-utf8.sql:270: ERROR:  current transaction is aborted, commands ignored until end of transaction block
psql:../spreadsheets/PREFONTAINE-COD3Pn4RS-2007-editedDR-QAQC-utf8.sql:271: ERROR:  current transaction is aborted, commands ignored until end of transaction block
psql:../spreadsheets/PREFONTAINE-COD3Pn4RS-2007-editedDR-QAQC-utf8.sql:272: ERROR:  current transaction is aborted, commands ignored until end of transaction block
psql:../spreadsheets/PREFONTAINE-COD3Pn4RS-2007-editedDR-QAQC-utf8.sql:273: ERROR:  current transaction is aborted, commands ignored until end of transaction block
psql:../spreadsheets/PREFONTAINE-COD3Pn4RS-2007-editedDR-QAQC-utf8.sql:274: ERROR:  current transaction is aborted, commands ignored until end of transaction block
psql:../spreadsheets/PREFONTAINE-COD3Pn4RS-2007-editedDR-QAQC-utf8.sql:275: ERROR:  current transaction is aborted, commands ignored until end of transaction block
psql:../spreadsheets/PREFONTAINE-COD3Pn4RS-2007-editedDR-QAQC-utf8.sql:276: ERROR:  current transaction is aborted, commands ignored until end of transaction block
psql:../spreadsheets/PREFONTAINE-COD3Pn4RS-2007-editedDR-QAQC-utf8.sql:277: ERROR:  current transaction is aborted, commands ignored until end of transaction block
psql:../spreadsheets/PREFONTAINE-COD3Pn4RS-2007-editedDR-QAQC-utf8.sql:278: ERROR:  current transaction is aborted, commands ignored until end of transaction block
psql:../spreadsheets/PREFONTAINE-COD3Pn4RS-2007-editedDR-QAQC-utf8.sql:279: ERROR:  current transaction is aborted, commands ignored until end of transaction block
psql:../spreadsheets/PREFONTAINE-COD3Pn4RS-2007-editedDR-QAQC-utf8.sql:280: ERROR:  current transaction is aborted, commands ignored until end of transaction block
psql:../spreadsheets/PREFONTAINE-COD3Pn4RS-2007-editedDR-QAQC-utf8.sql:281: ERROR:  current transaction is aborted, commands ignored until end of transaction block
psql:../spreadsheets/PREFONTAINE-COD3Pn4RS-2007-editedDR-QAQC-utf8.sql:282: ERROR:  current transaction is aborted, commands ignored until end of transaction block
psql:../spreadsheets/PREFONTAINE-COD3Pn4RS-2007-editedDR-QAQC-utf8.sql:283: ERROR:  current transaction is aborted, commands ignored until end of transaction block
psql:../spreadsheets/PREFONTAINE-COD3Pn4RS-2007-editedDR-QAQC-utf8.sql:284: ERROR:  current transaction is aborted, commands ignored until end of transaction block
psql:../spreadsheets/PREFONTAINE-COD3Pn4RS-2007-editedDR-QAQC-utf8.sql:285: ERROR:  current transaction is aborted, commands ignored until end of transaction block
psql:../spreadsheets/PREFONTAINE-COD3Pn4RS-2007-editedDR-QAQC-utf8.sql:286: ERROR:  current transaction is aborted, commands ignored until end of transaction block
psql:../spreadsheets/PREFONTAINE-COD3Pn4RS-2007-editedDR-QAQC-utf8.sql:287: ERROR:  current transaction is aborted, commands ignored until end of transaction block
psql:../spreadsheets/PREFONTAINE-COD3Pn4RS-2007-editedDR-QAQC-utf8.sql:288: ERROR:  current transaction is aborted, commands ignored until end of transaction block
psql:../spreadsheets/PREFONTAINE-COD3Pn4RS-2007-editedDR-QAQC-utf8.sql:289: ERROR:  current transaction is aborted, commands ignored until end of transaction block
psql:../spreadsheets/PREFONTAINE-COD3Pn4RS-2007-editedDR-QAQC-utf8.sql:290: ERROR:  current transaction is aborted, commands ignored until end of transaction block
psql:../spreadsheets/PREFONTAINE-COD3Pn4RS-2007-editedDR-QAQC-utf8.sql:291: ERROR:  current transaction is aborted, commands ignored until end of transaction block
psql:../spreadsheets/PREFONTAINE-COD3Pn4RS-2007-editedDR-QAQC-utf8.sql:292: ERROR:  current transaction is aborted, commands ignored until end of transaction block
psql:../spreadsheets/PREFONTAINE-COD3Pn4RS-2007-editedDR-QAQC-utf8.sql:293: ERROR:  current transaction is aborted, commands ignored until end of transaction block
psql:../spreadsheets/PREFONTAINE-COD3Pn4RS-2007-editedDR-QAQC-utf8.sql:294: ERROR:  current transaction is aborted, commands ignored until end of transaction block
psql:../spreadsheets/PREFONTAINE-COD3Pn4RS-2007-editedDR-QAQC-utf8.sql:295: ERROR:  current transaction is aborted, commands ignored until end of transaction block
psql:../spreadsheets/PREFONTAINE-COD3Pn4RS-2007-editedDR-QAQC-utf8.sql:296: ERROR:  current transaction is aborted, commands ignored until end of transaction block
psql:../spreadsheets/PREFONTAINE-COD3Pn4RS-2007-editedDR-QAQC-utf8.sql:297: ERROR:  current transaction is aborted, commands ignored until end of transaction block
psql:../spreadsheets/PREFONTAINE-COD3Pn4RS-2007-editedDR-QAQC-utf8.sql:298: ERROR:  current transaction is aborted, commands ignored until end of transaction block
psql:../spreadsheets/PREFONTAINE-COD3Pn4RS-2007-editedDR-QAQC-utf8.sql:299: ERROR:  current transaction is aborted, commands ignored until end of transaction block
psql:../spreadsheets/PREFONTAINE-COD3Pn4RS-2007-editedDR-QAQC-utf8.sql:300: ERROR:  current transaction is aborted, commands ignored until end of transaction block
psql:../spreadsheets/PREFONTAINE-COD3Pn4RS-2007-editedDR-QAQC-utf8.sql:301: ERROR:  current transaction is aborted, commands ignored until end of transaction block
psql:../spreadsheets/PREFONTAINE-COD3Pn4RS-2007-editedDR-QAQC-utf8.sql:302: ERROR:  current transaction is aborted, commands ignored until end of transaction block
psql:../spreadsheets/PREFONTAINE-COD3Pn4RS-2007-editedDR-QAQC-utf8.sql:303: ERROR:  current transaction is aborted, commands ignored until end of transaction block
psql:../spreadsheets/PREFONTAINE-COD3Pn4RS-2007-editedDR-QAQC-utf8.sql:304: ERROR:  current transaction is aborted, commands ignored until end of transaction block
psql:../spreadsheets/PREFONTAINE-COD3Pn4RS-2007-editedDR-QAQC-utf8.sql:305: ERROR:  current transaction is aborted, commands ignored until end of transaction block
psql:../spreadsheets/PREFONTAINE-COD3Pn4RS-2007-editedDR-QAQC-utf8.sql:306: ERROR:  current transaction is aborted, commands ignored until end of transaction block
psql:../spreadsheets/PREFONTAINE-COD3Pn4RS-2007-editedDR-QAQC-utf8.sql:307: ERROR:  current transaction is aborted, commands ignored until end of transaction block
psql:../spreadsheets/PREFONTAINE-COD3Pn4RS-2007-editedDR-QAQC-utf8.sql:308: ERROR:  current transaction is aborted, commands ignored until end of transaction block
psql:../spreadsheets/PREFONTAINE-COD3Pn4RS-2007-editedDR-QAQC-utf8.sql:309: ERROR:  current transaction is aborted, commands ignored until end of transaction block
psql:../spreadsheets/PREFONTAINE-COD3Pn4RS-2007-editedDR-QAQC-utf8.sql:310: ERROR:  current transaction is aborted, commands ignored until end of transaction block
psql:../spreadsheets/PREFONTAINE-COD3Pn4RS-2007-editedDR-QAQC-utf8.sql:311: ERROR:  current transaction is aborted, commands ignored until end of transaction block
psql:../spreadsheets/PREFONTAINE-COD3Pn4RS-2007-editedDR-QAQC-utf8.sql:312: ERROR:  current transaction is aborted, commands ignored until end of transaction block
psql:../spreadsheets/PREFONTAINE-COD3Pn4RS-2007-editedDR-QAQC-utf8.sql:313: ERROR:  current transaction is aborted, commands ignored until end of transaction block
psql:../spreadsheets/PREFONTAINE-COD3Pn4RS-2007-editedDR-QAQC-utf8.sql:314: ERROR:  current transaction is aborted, commands ignored until end of transaction block
psql:../spreadsheets/PREFONTAINE-COD3Pn4RS-2007-editedDR-QAQC-utf8.sql:315: ERROR:  current transaction is aborted, commands ignored until end of transaction block
psql:../spreadsheets/PREFONTAINE-COD3Pn4RS-2007-editedDR-QAQC-utf8.sql:316: ERROR:  current transaction is aborted, commands ignored until end of transaction block
psql:../spreadsheets/PREFONTAINE-COD3Pn4RS-2007-editedDR-QAQC-utf8.sql:317: ERROR:  current transaction is aborted, commands ignored until end of transaction block
psql:../spreadsheets/PREFONTAINE-COD3Pn4RS-2007-editedDR-QAQC-utf8.sql:318: ERROR:  current transaction is aborted, commands ignored until end of transaction block
psql:../spreadsheets/PREFONTAINE-COD3Pn4RS-2007-editedDR-QAQC-utf8.sql:319: ERROR:  current transaction is aborted, commands ignored until end of transaction block
psql:../spreadsheets/PREFONTAINE-COD3Pn4RS-2007-editedDR-QAQC-utf8.sql:320: ERROR:  current transaction is aborted, commands ignored until end of transaction block
psql:../spreadsheets/PREFONTAINE-COD3Pn4RS-2007-editedDR-QAQC-utf8.sql:321: ERROR:  current transaction is aborted, commands ignored until end of transaction block
psql:../spreadsheets/PREFONTAINE-COD3Pn4RS-2007-editedDR-QAQC-utf8.sql:322: ERROR:  current transaction is aborted, commands ignored until end of transaction block
psql:../spreadsheets/PREFONTAINE-COD3Pn4RS-2007-editedDR-QAQC-utf8.sql:323: ERROR:  current transaction is aborted, commands ignored until end of transaction block
psql:../spreadsheets/PREFONTAINE-COD3Pn4RS-2007-editedDR-QAQC-utf8.sql:324: ERROR:  current transaction is aborted, commands ignored until end of transaction block
psql:../spreadsheets/PREFONTAINE-COD3Pn4RS-2007-editedDR-QAQC-utf8.sql:325: ERROR:  current transaction is aborted, commands ignored until end of transaction block
psql:../spreadsheets/PREFONTAINE-COD3Pn4RS-2007-editedDR-QAQC-utf8.sql:326: ERROR:  current transaction is aborted, commands ignored until end of transaction block
psql:../spreadsheets/PREFONTAINE-COD3Pn4RS-2007-editedDR-QAQC-utf8.sql:327: ERROR:  current transaction is aborted, commands ignored until end of transaction block
psql:../spreadsheets/PREFONTAINE-COD3Pn4RS-2007-editedDR-QAQC-utf8.sql:328: ERROR:  current transaction is aborted, commands ignored until end of transaction block
psql:../spreadsheets/PREFONTAINE-COD3Pn4RS-2007-editedDR-QAQC-utf8.sql:329: ERROR:  current transaction is aborted, commands ignored until end of transaction block
psql:../spreadsheets/PREFONTAINE-COD3Pn4RS-2007-editedDR-QAQC-utf8.sql:330: ERROR:  current transaction is aborted, commands ignored until end of transaction block
psql:../spreadsheets/PREFONTAINE-COD3Pn4RS-2007-editedDR-QAQC-utf8.sql:331: ERROR:  current transaction is aborted, commands ignored until end of transaction block
psql:../spreadsheets/PREFONTAINE-COD3Pn4RS-2007-editedDR-QAQC-utf8.sql:332: ERROR:  current transaction is aborted, commands ignored until end of transaction block
psql:../spreadsheets/PREFONTAINE-COD3Pn4RS-2007-editedDR-QAQC-utf8.sql:333: ERROR:  current transaction is aborted, commands ignored until end of transaction block
psql:../spreadsheets/PREFONTAINE-COD3Pn4RS-2007-editedDR-QAQC-utf8.sql:334: ERROR:  current transaction is aborted, commands ignored until end of transaction block
psql:../spreadsheets/PREFONTAINE-COD3Pn4RS-2007-editedDR-QAQC-utf8.sql:335: ERROR:  current transaction is aborted, commands ignored until end of transaction block
psql:../spreadsheets/PREFONTAINE-COD3Pn4RS-2007-editedDR-QAQC-utf8.sql:336: ERROR:  current transaction is aborted, commands ignored until end of transaction block
psql:../spreadsheets/PREFONTAINE-COD3Pn4RS-2007-editedDR-QAQC-utf8.sql:337: ERROR:  current transaction is aborted, commands ignored until end of transaction block
psql:../spreadsheets/PREFONTAINE-COD3Pn4RS-2007-editedDR-QAQC-utf8.sql:338: ERROR:  current transaction is aborted, commands ignored until end of transaction block
psql:../spreadsheets/PREFONTAINE-COD3Pn4RS-2007-editedDR-QAQC-utf8.sql:339: ERROR:  current transaction is aborted, commands ignored until end of transaction block
psql:../spreadsheets/PREFONTAINE-COD3Pn4RS-2007-editedDR-QAQC-utf8.sql:340: ERROR:  current transaction is aborted, commands ignored until end of transaction block
psql:../spreadsheets/PREFONTAINE-COD3Pn4RS-2007-editedDR-QAQC-utf8.sql:341: ERROR:  current transaction is aborted, commands ignored until end of transaction block
psql:../spreadsheets/PREFONTAINE-COD3Pn4RS-2007-editedDR-QAQC-utf8.sql:342: ERROR:  current transaction is aborted, commands ignored until end of transaction block
psql:../spreadsheets/PREFONTAINE-COD3Pn4RS-2007-editedDR-QAQC-utf8.sql:343: ERROR:  current transaction is aborted, commands ignored until end of transaction block
psql:../spreadsheets/PREFONTAINE-COD3Pn4RS-2007-editedDR-QAQC-utf8.sql:344: ERROR:  current transaction is aborted, commands ignored until end of transaction block
psql:../spreadsheets/PREFONTAINE-COD3Pn4RS-2007-editedDR-QAQC-utf8.sql:345: ERROR:  current transaction is aborted, commands ignored until end of transaction block
psql:../spreadsheets/PREFONTAINE-COD3Pn4RS-2007-editedDR-QAQC-utf8.sql:346: ERROR:  current transaction is aborted, commands ignored until end of transaction block
psql:../spreadsheets/PREFONTAINE-COD3Pn4RS-2007-editedDR-QAQC-utf8.sql:347: ERROR:  current transaction is aborted, commands ignored until end of transaction block
psql:../spreadsheets/PREFONTAINE-COD3Pn4RS-2007-editedDR-QAQC-utf8.sql:348: ERROR:  current transaction is aborted, commands ignored until end of transaction block
psql:../spreadsheets/PREFONTAINE-COD3Pn4RS-2007-editedDR-QAQC-utf8.sql:349: ERROR:  current transaction is aborted, commands ignored until end of transaction block
psql:../spreadsheets/PREFONTAINE-COD3Pn4RS-2007-editedDR-QAQC-utf8.sql:350: ERROR:  current transaction is aborted, commands ignored until end of transaction block
psql:../spreadsheets/PREFONTAINE-COD3Pn4RS-2007-editedDR-QAQC-utf8.sql:351: ERROR:  current transaction is aborted, commands ignored until end of transaction block
psql:../spreadsheets/PREFONTAINE-COD3Pn4RS-2007-editedDR-QAQC-utf8.sql:352: ERROR:  current transaction is aborted, commands ignored until end of transaction block
psql:../spreadsheets/PREFONTAINE-COD3Pn4RS-2007-editedDR-QAQC-utf8.sql:353: ERROR:  current transaction is aborted, commands ignored until end of transaction block
psql:../spreadsheets/PREFONTAINE-COD3Pn4RS-2007-editedDR-QAQC-utf8.sql:354: ERROR:  current transaction is aborted, commands ignored until end of transaction block
psql:../spreadsheets/PREFONTAINE-COD3Pn4RS-2007-editedDR-QAQC-utf8.sql:355: ERROR:  current transaction is aborted, commands ignored until end of transaction block
psql:../spreadsheets/PREFONTAINE-COD3Pn4RS-2007-editedDR-QAQC-utf8.sql:356: ERROR:  current transaction is aborted, commands ignored until end of transaction block
psql:../spreadsheets/PREFONTAINE-COD3Pn4RS-2007-editedDR-QAQC-utf8.sql:357: ERROR:  current transaction is aborted, commands ignored until end of transaction block
psql:../spreadsheets/PREFONTAINE-COD3Pn4RS-2007-editedDR-QAQC-utf8.sql:358: ERROR:  current transaction is aborted, commands ignored until end of transaction block
psql:../spreadsheets/PREFONTAINE-COD3Pn4RS-2007-editedDR-QAQC-utf8.sql:359: ERROR:  current transaction is aborted, commands ignored until end of transaction block
psql:../spreadsheets/PREFONTAINE-COD3Pn4RS-2007-editedDR-QAQC-utf8.sql:360: ERROR:  current transaction is aborted, commands ignored until end of transaction block
psql:../spreadsheets/PREFONTAINE-COD3Pn4RS-2007-editedDR-QAQC-utf8.sql:361: ERROR:  current transaction is aborted, commands ignored until end of transaction block
psql:../spreadsheets/PREFONTAINE-COD3Pn4RS-2007-editedDR-QAQC-utf8.sql:362: ERROR:  current transaction is aborted, commands ignored until end of transaction block
psql:../spreadsheets/PREFONTAINE-COD3Pn4RS-2007-editedDR-QAQC-utf8.sql:363: ERROR:  current transaction is aborted, commands ignored until end of transaction block
psql:../spreadsheets/PREFONTAINE-COD3Pn4RS-2007-editedDR-QAQC-utf8.sql:364: ERROR:  current transaction is aborted, commands ignored until end of transaction block
psql:../spreadsheets/PREFONTAINE-COD3Pn4RS-2007-editedDR-QAQC-utf8.sql:365: ERROR:  current transaction is aborted, commands ignored until end of transaction block
psql:../spreadsheets/PREFONTAINE-COD3Pn4RS-2007-editedDR-QAQC-utf8.sql:366: ERROR:  current transaction is aborted, commands ignored until end of transaction block
psql:../spreadsheets/PREFONTAINE-COD3Pn4RS-2007-editedDR-QAQC-utf8.sql:367: ERROR:  current transaction is aborted, commands ignored until end of transaction block
psql:../spreadsheets/PREFONTAINE-COD3Pn4RS-2007-editedDR-QAQC-utf8.sql:368: ERROR:  current transaction is aborted, commands ignored until end of transaction block
psql:../spreadsheets/PREFONTAINE-COD3Pn4RS-2007-editedDR-QAQC-utf8.sql:369: ERROR:  current transaction is aborted, commands ignored until end of transaction block
psql:../spreadsheets/PREFONTAINE-COD3Pn4RS-2007-editedDR-QAQC-utf8.sql:370: ERROR:  current transaction is aborted, commands ignored until end of transaction block
psql:../spreadsheets/PREFONTAINE-COD3Pn4RS-2007-editedDR-QAQC-utf8.sql:371: ERROR:  current transaction is aborted, commands ignored until end of transaction block
psql:../spreadsheets/PREFONTAINE-COD3Pn4RS-2007-editedDR-QAQC-utf8.sql:372: ERROR:  current transaction is aborted, commands ignored until end of transaction block
psql:../spreadsheets/PREFONTAINE-COD3Pn4RS-2007-editedDR-QAQC-utf8.sql:373: ERROR:  current transaction is aborted, commands ignored until end of transaction block
psql:../spreadsheets/PREFONTAINE-COD3Pn4RS-2007-editedDR-QAQC-utf8.sql:374: ERROR:  current transaction is aborted, commands ignored until end of transaction block
psql:../spreadsheets/PREFONTAINE-COD3Pn4RS-2007-editedDR-QAQC-utf8.sql:375: ERROR:  current transaction is aborted, commands ignored until end of transaction block
psql:../spreadsheets/PREFONTAINE-COD3Pn4RS-2007-editedDR-QAQC-utf8.sql:376: ERROR:  current transaction is aborted, commands ignored until end of transaction block
psql:../spreadsheets/PREFONTAINE-COD3Pn4RS-2007-editedDR-QAQC-utf8.sql:377: ERROR:  current transaction is aborted, commands ignored until end of transaction block
psql:../spreadsheets/PREFONTAINE-COD3Pn4RS-2007-editedDR-QAQC-utf8.sql:378: ERROR:  current transaction is aborted, commands ignored until end of transaction block
psql:../spreadsheets/PREFONTAINE-COD3Pn4RS-2007-editedDR-QAQC-utf8.sql:379: ERROR:  current transaction is aborted, commands ignored until end of transaction block
psql:../spreadsheets/PREFONTAINE-COD3Pn4RS-2007-editedDR-QAQC-utf8.sql:380: ERROR:  current transaction is aborted, commands ignored until end of transaction block
psql:../spreadsheets/PREFONTAINE-COD3Pn4RS-2007-editedDR-QAQC-utf8.sql:381: ERROR:  current transaction is aborted, commands ignored until end of transaction block
psql:../spreadsheets/PREFONTAINE-COD3Pn4RS-2007-editedDR-QAQC-utf8.sql:382: ERROR:  current transaction is aborted, commands ignored until end of transaction block
psql:../spreadsheets/PREFONTAINE-COD3Pn4RS-2007-editedDR-QAQC-utf8.sql:383: ERROR:  current transaction is aborted, commands ignored until end of transaction block
psql:../spreadsheets/PREFONTAINE-COD3Pn4RS-2007-editedDR-QAQC-utf8.sql:384: ERROR:  current transaction is aborted, commands ignored until end of transaction block
psql:../spreadsheets/PREFONTAINE-COD3Pn4RS-2007-editedDR-QAQC-utf8.sql:385: ERROR:  current transaction is aborted, commands ignored until end of transaction block
psql:../spreadsheets/PREFONTAINE-COD3Pn4RS-2007-editedDR-QAQC-utf8.sql:386: ERROR:  current transaction is aborted, commands ignored until end of transaction block
psql:../spreadsheets/PREFONTAINE-COD3Pn4RS-2007-editedDR-QAQC-utf8.sql:387: ERROR:  current transaction is aborted, commands ignored until end of transaction block
psql:../spreadsheets/PREFONTAINE-COD3Pn4RS-2007-editedDR-QAQC-utf8.sql:388: ERROR:  current transaction is aborted, commands ignored until end of transaction block
psql:../spreadsheets/PREFONTAINE-COD3Pn4RS-2007-editedDR-QAQC-utf8.sql:389: ERROR:  current transaction is aborted, commands ignored until end of transaction block
psql:../spreadsheets/PREFONTAINE-COD3Pn4RS-2007-editedDR-QAQC-utf8.sql:390: ERROR:  current transaction is aborted, commands ignored until end of transaction block
psql:../spreadsheets/PREFONTAINE-COD3Pn4RS-2007-editedDR-QAQC-utf8.sql:391: ERROR:  current transaction is aborted, commands ignored until end of transaction block
psql:../spreadsheets/PREFONTAINE-COD3Pn4RS-2007-editedDR-QAQC-utf8.sql:392: ERROR:  current transaction is aborted, commands ignored until end of transaction block
psql:../spreadsheets/PREFONTAINE-COD3Pn4RS-2007-editedDR-QAQC-utf8.sql:393: ERROR:  current transaction is aborted, commands ignored until end of transaction block
psql:../spreadsheets/PREFONTAINE-COD3Pn4RS-2007-editedDR-QAQC-utf8.sql:394: ERROR:  current transaction is aborted, commands ignored until end of transaction block
psql:../spreadsheets/PREFONTAINE-COD3Pn4RS-2007-editedDR-QAQC-utf8.sql:395: ERROR:  current transaction is aborted, commands ignored until end of transaction block
psql:../spreadsheets/PREFONTAINE-COD3Pn4RS-2007-editedDR-QAQC-utf8.sql:396: ERROR:  current transaction is aborted, commands ignored until end of transaction block
psql:../spreadsheets/PREFONTAINE-COD3Pn4RS-2007-editedDR-QAQC-utf8.sql:397: ERROR:  current transaction is aborted, commands ignored until end of transaction block
psql:../spreadsheets/PREFONTAINE-COD3Pn4RS-2007-editedDR-QAQC-utf8.sql:398: ERROR:  current transaction is aborted, commands ignored until end of transaction block
psql:../spreadsheets/PREFONTAINE-COD3Pn4RS-2007-editedDR-QAQC-utf8.sql:399: ERROR:  current transaction is aborted, commands ignored until end of transaction block
psql:../spreadsheets/PREFONTAINE-COD3Pn4RS-2007-editedDR-QAQC-utf8.sql:400: ERROR:  current transaction is aborted, commands ignored until end of transaction block
psql:../spreadsheets/PREFONTAINE-COD3Pn4RS-2007-editedDR-QAQC-utf8.sql:401: ERROR:  current transaction is aborted, commands ignored until end of transaction block
psql:../spreadsheets/PREFONTAINE-COD3Pn4RS-2007-editedDR-QAQC-utf8.sql:402: ERROR:  current transaction is aborted, commands ignored until end of transaction block
psql:../spreadsheets/PREFONTAINE-COD3Pn4RS-2007-editedDR-QAQC-utf8.sql:403: ERROR:  current transaction is aborted, commands ignored until end of transaction block
psql:../spreadsheets/PREFONTAINE-COD3Pn4RS-2007-editedDR-QAQC-utf8.sql:404: ERROR:  current transaction is aborted, commands ignored until end of transaction block
psql:../spreadsheets/PREFONTAINE-COD3Pn4RS-2007-editedDR-QAQC-utf8.sql:405: ERROR:  current transaction is aborted, commands ignored until end of transaction block
psql:../spreadsheets/PREFONTAINE-COD3Pn4RS-2007-editedDR-QAQC-utf8.sql:406: ERROR:  current transaction is aborted, commands ignored until end of transaction block
psql:../spreadsheets/PREFONTAINE-COD3Pn4RS-2007-editedDR-QAQC-utf8.sql:407: ERROR:  current transaction is aborted, commands ignored until end of transaction block
psql:../spreadsheets/PREFONTAINE-COD3Pn4RS-2007-editedDR-QAQC-utf8.sql:408: ERROR:  current transaction is aborted, commands ignored until end of transaction block
psql:../spreadsheets/PREFONTAINE-COD3Pn4RS-2007-editedDR-QAQC-utf8.sql:409: ERROR:  current transaction is aborted, commands ignored until end of transaction block
psql:../spreadsheets/PREFONTAINE-COD3Pn4RS-2007-editedDR-QAQC-utf8.sql:410: ERROR:  current transaction is aborted, commands ignored until end of transaction block
psql:../spreadsheets/PREFONTAINE-COD3Pn4RS-2007-editedDR-QAQC-utf8.sql:411: ERROR:  current transaction is aborted, commands ignored until end of transaction block
psql:../spreadsheets/PREFONTAINE-COD3Pn4RS-2007-editedDR-QAQC-utf8.sql:412: ERROR:  current transaction is aborted, commands ignored until end of transaction block
psql:../spreadsheets/PREFONTAINE-COD3Pn4RS-2007-editedDR-QAQC-utf8.sql:413: ERROR:  current transaction is aborted, commands ignored until end of transaction block
psql:../spreadsheets/PREFONTAINE-COD3Pn4RS-2007-editedDR-QAQC-utf8.sql:414: ERROR:  current transaction is aborted, commands ignored until end of transaction block
psql:../spreadsheets/PREFONTAINE-COD3Pn4RS-2007-editedDR-QAQC-utf8.sql:415: ERROR:  current transaction is aborted, commands ignored until end of transaction block
psql:../spreadsheets/PREFONTAINE-COD3Pn4RS-2007-editedDR-QAQC-utf8.sql:416: ERROR:  current transaction is aborted, commands ignored until end of transaction block
psql:../spreadsheets/PREFONTAINE-COD3Pn4RS-2007-editedDR-QAQC-utf8.sql:417: ERROR:  current transaction is aborted, commands ignored until end of transaction block
psql:../spreadsheets/PREFONTAINE-COD3Pn4RS-2007-editedDR-QAQC-utf8.sql:418: ERROR:  current transaction is aborted, commands ignored until end of transaction block
psql:../spreadsheets/PREFONTAINE-COD3Pn4RS-2007-editedDR-QAQC-utf8.sql:419: ERROR:  current transaction is aborted, commands ignored until end of transaction block
psql:../spreadsheets/PREFONTAINE-COD3Pn4RS-2007-editedDR-QAQC-utf8.sql:420: ERROR:  current transaction is aborted, commands ignored until end of transaction block
psql:../spreadsheets/PREFONTAINE-COD3Pn4RS-2007-editedDR-QAQC-utf8.sql:421: ERROR:  current transaction is aborted, commands ignored until end of transaction block
psql:../spreadsheets/PREFONTAINE-COD3Pn4RS-2007-editedDR-QAQC-utf8.sql:422: ERROR:  current transaction is aborted, commands ignored until end of transaction block
psql:../spreadsheets/PREFONTAINE-COD3Pn4RS-2007-editedDR-QAQC-utf8.sql:423: ERROR:  current transaction is aborted, commands ignored until end of transaction block
psql:../spreadsheets/PREFONTAINE-COD3Pn4RS-2007-editedDR-QAQC-utf8.sql:424: ERROR:  current transaction is aborted, commands ignored until end of transaction block
psql:../spreadsheets/PREFONTAINE-COD3Pn4RS-2007-editedDR-QAQC-utf8.sql:425: ERROR:  current transaction is aborted, commands ignored until end of transaction block
psql:../spreadsheets/PREFONTAINE-COD3Pn4RS-2007-editedDR-QAQC-utf8.sql:426: ERROR:  current transaction is aborted, commands ignored until end of transaction block
psql:../spreadsheets/PREFONTAINE-COD3Pn4RS-2007-editedDR-QAQC-utf8.sql:427: ERROR:  current transaction is aborted, commands ignored until end of transaction block
psql:../spreadsheets/PREFONTAINE-COD3Pn4RS-2007-editedDR-QAQC-utf8.sql:428: ERROR:  current transaction is aborted, commands ignored until end of transaction block
psql:../spreadsheets/PREFONTAINE-COD3Pn4RS-2007-editedDR-QAQC-utf8.sql:429: ERROR:  current transaction is aborted, commands ignored until end of transaction block
psql:../spreadsheets/PREFONTAINE-COD3Pn4RS-2007-editedDR-QAQC-utf8.sql:430: ERROR:  current transaction is aborted, commands ignored until end of transaction block
psql:../spreadsheets/PREFONTAINE-COD3Pn4RS-2007-editedDR-QAQC-utf8.sql:431: ERROR:  current transaction is aborted, commands ignored until end of transaction block
psql:../spreadsheets/PREFONTAINE-COD3Pn4RS-2007-editedDR-QAQC-utf8.sql:432: ERROR:  current transaction is aborted, commands ignored until end of transaction block
psql:../spreadsheets/PREFONTAINE-COD3Pn4RS-2007-editedDR-QAQC-utf8.sql:433: ERROR:  current transaction is aborted, commands ignored until end of transaction block
psql:../spreadsheets/PREFONTAINE-COD3Pn4RS-2007-editedDR-QAQC-utf8.sql:434: ERROR:  current transaction is aborted, commands ignored until end of transaction block
psql:../spreadsheets/PREFONTAINE-COD3Pn4RS-2007-editedDR-QAQC-utf8.sql:435: ERROR:  current transaction is aborted, commands ignored until end of transaction block
psql:../spreadsheets/PREFONTAINE-COD3Pn4RS-2007-editedDR-QAQC-utf8.sql:436: ERROR:  current transaction is aborted, commands ignored until end of transaction block
psql:../spreadsheets/PREFONTAINE-COD3Pn4RS-2007-editedDR-QAQC-utf8.sql:437: ERROR:  current transaction is aborted, commands ignored until end of transaction block
psql:../spreadsheets/PREFONTAINE-COD3Pn4RS-2007-editedDR-QAQC-utf8.sql:438: ERROR:  current transaction is aborted, commands ignored until end of transaction block
psql:../spreadsheets/PREFONTAINE-COD3Pn4RS-2007-editedDR-QAQC-utf8.sql:439: ERROR:  current transaction is aborted, commands ignored until end of transaction block
psql:../spreadsheets/PREFONTAINE-COD3Pn4RS-2007-editedDR-QAQC-utf8.sql:440: ERROR:  current transaction is aborted, commands ignored until end of transaction block
psql:../spreadsheets/PREFONTAINE-COD3Pn4RS-2007-editedDR-QAQC-utf8.sql:441: ERROR:  current transaction is aborted, commands ignored until end of transaction block
psql:../spreadsheets/PREFONTAINE-COD3Pn4RS-2007-editedDR-QAQC-utf8.sql:442: ERROR:  current transaction is aborted, commands ignored until end of transaction block
psql:../spreadsheets/PREFONTAINE-COD3Pn4RS-2007-editedDR-QAQC-utf8.sql:443: ERROR:  current transaction is aborted, commands ignored until end of transaction block
psql:../spreadsheets/PREFONTAINE-COD3Pn4RS-2007-editedDR-QAQC-utf8.sql:444: ERROR:  current transaction is aborted, commands ignored until end of transaction block
psql:../spreadsheets/PREFONTAINE-COD3Pn4RS-2007-editedDR-QAQC-utf8.sql:445: ERROR:  current transaction is aborted, commands ignored until end of transaction block
psql:../spreadsheets/PREFONTAINE-COD3Pn4RS-2007-editedDR-QAQC-utf8.sql:446: ERROR:  current transaction is aborted, commands ignored until end of transaction block
psql:../spreadsheets/PREFONTAINE-COD3Pn4RS-2007-editedDR-QAQC-utf8.sql:447: ERROR:  current transaction is aborted, commands ignored until end of transaction block
psql:../spreadsheets/PREFONTAINE-COD3Pn4RS-2007-editedDR-QAQC-utf8.sql:448: ERROR:  current transaction is aborted, commands ignored until end of transaction block
psql:../spreadsheets/PREFONTAINE-COD3Pn4RS-2007-editedDR-QAQC-utf8.sql:449: ERROR:  current transaction is aborted, commands ignored until end of transaction block
psql:../spreadsheets/PREFONTAINE-COD3Pn4RS-2007-editedDR-QAQC-utf8.sql:450: ERROR:  current transaction is aborted, commands ignored until end of transaction block
psql:../spreadsheets/PREFONTAINE-COD3Pn4RS-2007-editedDR-QAQC-utf8.sql:451: ERROR:  current transaction is aborted, commands ignored until end of transaction block
psql:../spreadsheets/PREFONTAINE-COD3Pn4RS-2007-editedDR-QAQC-utf8.sql:452: ERROR:  current transaction is aborted, commands ignored until end of transaction block
psql:../spreadsheets/PREFONTAINE-COD3Pn4RS-2007-editedDR-QAQC-utf8.sql:453: ERROR:  current transaction is aborted, commands ignored until end of transaction block
psql:../spreadsheets/PREFONTAINE-COD3Pn4RS-2007-editedDR-QAQC-utf8.sql:454: ERROR:  current transaction is aborted, commands ignored until end of transaction block
psql:../spreadsheets/PREFONTAINE-COD3Pn4RS-2007-editedDR-QAQC-utf8.sql:455: ERROR:  current transaction is aborted, commands ignored until end of transaction block
psql:../spreadsheets/PREFONTAINE-COD3Pn4RS-2007-editedDR-QAQC-utf8.sql:456: ERROR:  current transaction is aborted, commands ignored until end of transaction block
psql:../spreadsheets/PREFONTAINE-COD3Pn4RS-2007-editedDR-QAQC-utf8.sql:457: ERROR:  current transaction is aborted, commands ignored until end of transaction block
psql:../spreadsheets/PREFONTAINE-COD3Pn4RS-2007-editedDR-QAQC-utf8.sql:458: ERROR:  current transaction is aborted, commands ignored until end of transaction block
psql:../spreadsheets/PREFONTAINE-COD3Pn4RS-2007-editedDR-QAQC-utf8.sql:459: ERROR:  current transaction is aborted, commands ignored until end of transaction block
psql:../spreadsheets/PREFONTAINE-COD3Pn4RS-2007-editedDR-QAQC-utf8.sql:460: ERROR:  current transaction is aborted, commands ignored until end of transaction block
psql:../spreadsheets/PREFONTAINE-COD3Pn4RS-2007-editedDR-QAQC-utf8.sql:461: ERROR:  current transaction is aborted, commands ignored until end of transaction block
psql:../spreadsheets/PREFONTAINE-COD3Pn4RS-2007-editedDR-QAQC-utf8.sql:462: ERROR:  current transaction is aborted, commands ignored until end of transaction block
psql:../spreadsheets/PREFONTAINE-COD3Pn4RS-2007-editedDR-QAQC-utf8.sql:463: ERROR:  current transaction is aborted, commands ignored until end of transaction block
psql:../spreadsheets/PREFONTAINE-COD3Pn4RS-2007-editedDR-QAQC-utf8.sql:464: ERROR:  current transaction is aborted, commands ignored until end of transaction block
psql:../spreadsheets/PREFONTAINE-COD3Pn4RS-2007-editedDR-QAQC-utf8.sql:465: ERROR:  current transaction is aborted, commands ignored until end of transaction block
psql:../spreadsheets/PREFONTAINE-COD3Pn4RS-2007-editedDR-QAQC-utf8.sql:466: ERROR:  current transaction is aborted, commands ignored until end of transaction block
psql:../spreadsheets/PREFONTAINE-COD3Pn4RS-2007-editedDR-QAQC-utf8.sql:467: ERROR:  current transaction is aborted, commands ignored until end of transaction block
psql:../spreadsheets/PREFONTAINE-COD3Pn4RS-2007-editedDR-QAQC-utf8.sql:468: ERROR:  current transaction is aborted, commands ignored until end of transaction block
psql:../spreadsheets/PREFONTAINE-COD3Pn4RS-2007-editedDR-QAQC-utf8.sql:469: ERROR:  current transaction is aborted, commands ignored until end of transaction block
psql:../spreadsheets/PREFONTAINE-COD3Pn4RS-2007-editedDR-QAQC-utf8.sql:470: ERROR:  current transaction is aborted, commands ignored until end of transaction block
psql:../spreadsheets/PREFONTAINE-COD3Pn4RS-2007-editedDR-QAQC-utf8.sql:471: ERROR:  current transaction is aborted, commands ignored until end of transaction block
psql:../spreadsheets/PREFONTAINE-COD3Pn4RS-2007-editedDR-QAQC-utf8.sql:472: ERROR:  current transaction is aborted, commands ignored until end of transaction block
psql:../spreadsheets/PREFONTAINE-COD3Pn4RS-2007-editedDR-QAQC-utf8.sql:473: ERROR:  current transaction is aborted, commands ignored until end of transaction block
psql:../spreadsheets/PREFONTAINE-COD3Pn4RS-2007-editedDR-QAQC-utf8.sql:474: ERROR:  current transaction is aborted, commands ignored until end of transaction block
psql:../spreadsheets/PREFONTAINE-COD3Pn4RS-2007-editedDR-QAQC-utf8.sql:475: ERROR:  current transaction is aborted, commands ignored until end of transaction block
psql:../spreadsheets/PREFONTAINE-COD3Pn4RS-2007-editedDR-QAQC-utf8.sql:476: ERROR:  current transaction is aborted, commands ignored until end of transaction block
psql:../spreadsheets/PREFONTAINE-COD3Pn4RS-2007-editedDR-QAQC-utf8.sql:477: ERROR:  current transaction is aborted, commands ignored until end of transaction block
psql:../spreadsheets/PREFONTAINE-COD3Pn4RS-2007-editedDR-QAQC-utf8.sql:478: ERROR:  current transaction is aborted, commands ignored until end of transaction block
psql:../spreadsheets/PREFONTAINE-COD3Pn4RS-2007-editedDR-QAQC-utf8.sql:479: ERROR:  current transaction is aborted, commands ignored until end of transaction block
psql:../spreadsheets/PREFONTAINE-COD3Pn4RS-2007-editedDR-QAQC-utf8.sql:480: ERROR:  current transaction is aborted, commands ignored until end of transaction block
psql:../spreadsheets/PREFONTAINE-COD3Pn4RS-2007-editedDR-QAQC-utf8.sql:481: ERROR:  current transaction is aborted, commands ignored until end of transaction block
psql:../spreadsheets/PREFONTAINE-COD3Pn4RS-2007-editedDR-QAQC-utf8.sql:482: ERROR:  current transaction is aborted, commands ignored until end of transaction block
psql:../spreadsheets/PREFONTAINE-COD3Pn4RS-2007-editedDR-QAQC-utf8.sql:483: ERROR:  current transaction is aborted, commands ignored until end of transaction block
psql:../spreadsheets/PREFONTAINE-COD3Pn4RS-2007-editedDR-QAQC-utf8.sql:484: ERROR:  current transaction is aborted, commands ignored until end of transaction block
psql:../spreadsheets/PREFONTAINE-COD3Pn4RS-2007-editedDR-QAQC-utf8.sql:485: ERROR:  current transaction is aborted, commands ignored until end of transaction block
psql:../spreadsheets/PREFONTAINE-COD3Pn4RS-2007-editedDR-QAQC-utf8.sql:486: ERROR:  current transaction is aborted, commands ignored until end of transaction block
psql:../spreadsheets/PREFONTAINE-COD3Pn4RS-2007-editedDR-QAQC-utf8.sql:487: ERROR:  current transaction is aborted, commands ignored until end of transaction block
psql:../spreadsheets/PREFONTAINE-COD3Pn4RS-2007-editedDR-QAQC-utf8.sql:488: ERROR:  current transaction is aborted, commands ignored until end of transaction block
psql:../spreadsheets/PREFONTAINE-COD3Pn4RS-2007-editedDR-QAQC-utf8.sql:489: ERROR:  current transaction is aborted, commands ignored until end of transaction block
psql:../spreadsheets/PREFONTAINE-COD3Pn4RS-2007-editedDR-QAQC-utf8.sql:490: ERROR:  current transaction is aborted, commands ignored until end of transaction block
psql:../spreadsheets/PREFONTAINE-COD3Pn4RS-2007-editedDR-QAQC-utf8.sql:491: ERROR:  current transaction is aborted, commands ignored until end of transaction block
psql:../spreadsheets/PREFONTAINE-COD3Pn4RS-2007-editedDR-QAQC-utf8.sql:492: ERROR:  current transaction is aborted, commands ignored until end of transaction block
psql:../spreadsheets/PREFONTAINE-COD3Pn4RS-2007-editedDR-QAQC-utf8.sql:493: ERROR:  current transaction is aborted, commands ignored until end of transaction block
psql:../spreadsheets/PREFONTAINE-COD3Pn4RS-2007-editedDR-QAQC-utf8.sql:494: ERROR:  current transaction is aborted, commands ignored until end of transaction block
psql:../spreadsheets/PREFONTAINE-COD3Pn4RS-2007-editedDR-QAQC-utf8.sql:495: ERROR:  current transaction is aborted, commands ignored until end of transaction block
psql:../spreadsheets/PREFONTAINE-COD3Pn4RS-2007-editedDR-QAQC-utf8.sql:496: ERROR:  current transaction is aborted, commands ignored until end of transaction block
psql:../spreadsheets/PREFONTAINE-COD3Pn4RS-2007-editedDR-QAQC-utf8.sql:497: ERROR:  current transaction is aborted, commands ignored until end of transaction block
psql:../spreadsheets/PREFONTAINE-COD3Pn4RS-2007-editedDR-QAQC-utf8.sql:498: ERROR:  current transaction is aborted, commands ignored until end of transaction block
psql:../spreadsheets/PREFONTAINE-COD3Pn4RS-2007-editedDR-QAQC-utf8.sql:499: ERROR:  current transaction is aborted, commands ignored until end of transaction block
psql:../spreadsheets/PREFONTAINE-COD3Pn4RS-2007-editedDR-QAQC-utf8.sql:500: ERROR:  current transaction is aborted, commands ignored until end of transaction block
psql:../spreadsheets/PREFONTAINE-COD3Pn4RS-2007-editedDR-QAQC-utf8.sql:501: ERROR:  current transaction is aborted, commands ignored until end of transaction block
psql:../spreadsheets/PREFONTAINE-COD3Pn4RS-2007-editedDR-QAQC-utf8.sql:502: ERROR:  current transaction is aborted, commands ignored until end of transaction block
psql:../spreadsheets/PREFONTAINE-COD3Pn4RS-2007-editedDR-QAQC-utf8.sql:503: ERROR:  current transaction is aborted, commands ignored until end of transaction block
psql:../spreadsheets/PREFONTAINE-COD3Pn4RS-2007-editedDR-QAQC-utf8.sql:504: ERROR:  current transaction is aborted, commands ignored until end of transaction block
psql:../spreadsheets/PREFONTAINE-COD3Pn4RS-2007-editedDR-QAQC-utf8.sql:505: ERROR:  current transaction is aborted, commands ignored until end of transaction block
psql:../spreadsheets/PREFONTAINE-COD3Pn4RS-2007-editedDR-QAQC-utf8.sql:506: ERROR:  current transaction is aborted, commands ignored until end of transaction block
psql:../spreadsheets/PREFONTAINE-COD3Pn4RS-2007-editedDR-QAQC-utf8.sql:507: ERROR:  current transaction is aborted, commands ignored until end of transaction block
psql:../spreadsheets/PREFONTAINE-COD3Pn4RS-2007-editedDR-QAQC-utf8.sql:508: ERROR:  current transaction is aborted, commands ignored until end of transaction block
psql:../spreadsheets/PREFONTAINE-COD3Pn4RS-2007-editedDR-QAQC-utf8.sql:509: ERROR:  current transaction is aborted, commands ignored until end of transaction block
psql:../spreadsheets/PREFONTAINE-COD3Pn4RS-2007-editedDR-QAQC-utf8.sql:510: ERROR:  current transaction is aborted, commands ignored until end of transaction block
psql:../spreadsheets/PREFONTAINE-COD3Pn4RS-2007-editedDR-QAQC-utf8.sql:511: ERROR:  current transaction is aborted, commands ignored until end of transaction block
psql:../spreadsheets/PREFONTAINE-COD3Pn4RS-2007-editedDR-QAQC-utf8.sql:512: ERROR:  current transaction is aborted, commands ignored until end of transaction block
psql:../spreadsheets/PREFONTAINE-COD3Pn4RS-2007-editedDR-QAQC-utf8.sql:513: ERROR:  current transaction is aborted, commands ignored until end of transaction block
psql:../spreadsheets/PREFONTAINE-COD3Pn4RS-2007-editedDR-QAQC-utf8.sql:514: ERROR:  current transaction is aborted, commands ignored until end of transaction block
psql:../spreadsheets/PREFONTAINE-COD3Pn4RS-2007-editedDR-QAQC-utf8.sql:515: ERROR:  current transaction is aborted, commands ignored until end of transaction block
psql:../spreadsheets/PREFONTAINE-COD3Pn4RS-2007-editedDR-QAQC-utf8.sql:516: ERROR:  current transaction is aborted, commands ignored until end of transaction block
psql:../spreadsheets/PREFONTAINE-COD3Pn4RS-2007-editedDR-QAQC-utf8.sql:517: ERROR:  current transaction is aborted, commands ignored until end of transaction block
psql:../spreadsheets/PREFONTAINE-COD3Pn4RS-2007-editedDR-QAQC-utf8.sql:518: ERROR:  current transaction is aborted, commands ignored until end of transaction block
psql:../spreadsheets/PREFONTAINE-COD3Pn4RS-2007-editedDR-QAQC-utf8.sql:519: ERROR:  current transaction is aborted, commands ignored until end of transaction block
psql:../spreadsheets/PREFONTAINE-COD3Pn4RS-2007-editedDR-QAQC-utf8.sql:520: ERROR:  current transaction is aborted, commands ignored until end of transaction block
psql:../spreadsheets/PREFONTAINE-COD3Pn4RS-2007-editedDR-QAQC-utf8.sql:521: ERROR:  current transaction is aborted, commands ignored until end of transaction block
psql:../spreadsheets/PREFONTAINE-COD3Pn4RS-2007-editedDR-QAQC-utf8.sql:522: ERROR:  current transaction is aborted, commands ignored until end of transaction block
psql:../spreadsheets/PREFONTAINE-COD3Pn4RS-2007-editedDR-QAQC-utf8.sql:523: ERROR:  current transaction is aborted, commands ignored until end of transaction block
psql:../spreadsheets/PREFONTAINE-COD3Pn4RS-2007-editedDR-QAQC-utf8.sql:524: ERROR:  current transaction is aborted, commands ignored until end of transaction block
psql:../spreadsheets/PREFONTAINE-COD3Pn4RS-2007-editedDR-QAQC-utf8.sql:525: ERROR:  current transaction is aborted, commands ignored until end of transaction block
psql:../spreadsheets/PREFONTAINE-COD3Pn4RS-2007-editedDR-QAQC-utf8.sql:526: ERROR:  current transaction is aborted, commands ignored until end of transaction block
psql:../spreadsheets/PREFONTAINE-COD3Pn4RS-2007-editedDR-QAQC-utf8.sql:527: ERROR:  current transaction is aborted, commands ignored until end of transaction block
psql:../spreadsheets/PREFONTAINE-COD3Pn4RS-2007-editedDR-QAQC-utf8.sql:528: ERROR:  current transaction is aborted, commands ignored until end of transaction block
psql:../spreadsheets/PREFONTAINE-COD3Pn4RS-2007-editedDR-QAQC-utf8.sql:529: ERROR:  current transaction is aborted, commands ignored until end of transaction block
psql:../spreadsheets/PREFONTAINE-COD3Pn4RS-2007-editedDR-QAQC-utf8.sql:530: ERROR:  current transaction is aborted, commands ignored until end of transaction block
psql:../spreadsheets/PREFONTAINE-COD3Pn4RS-2007-editedDR-QAQC-utf8.sql:531: ERROR:  current transaction is aborted, commands ignored until end of transaction block
psql:../spreadsheets/PREFONTAINE-COD3Pn4RS-2007-editedDR-QAQC-utf8.sql:532: ERROR:  current transaction is aborted, commands ignored until end of transaction block
psql:../spreadsheets/PREFONTAINE-COD3Pn4RS-2007-editedDR-QAQC-utf8.sql:533: ERROR:  current transaction is aborted, commands ignored until end of transaction block
psql:../spreadsheets/PREFONTAINE-COD3Pn4RS-2007-editedDR-QAQC-utf8.sql:534: ERROR:  current transaction is aborted, commands ignored until end of transaction block
psql:../spreadsheets/PREFONTAINE-COD3Pn4RS-2007-editedDR-QAQC-utf8.sql:535: ERROR:  current transaction is aborted, commands ignored until end of transaction block
psql:../spreadsheets/PREFONTAINE-COD3Pn4RS-2007-editedDR-QAQC-utf8.sql:536: ERROR:  current transaction is aborted, commands ignored until end of transaction block
psql:../spreadsheets/PREFONTAINE-COD3Pn4RS-2007-editedDR-QAQC-utf8.sql:537: ERROR:  current transaction is aborted, commands ignored until end of transaction block
psql:../spreadsheets/PREFONTAINE-COD3Pn4RS-2007-editedDR-QAQC-utf8.sql:538: ERROR:  current transaction is aborted, commands ignored until end of transaction block
psql:../spreadsheets/PREFONTAINE-COD3Pn4RS-2007-editedDR-QAQC-utf8.sql:539: ERROR:  current transaction is aborted, commands ignored until end of transaction block
psql:../spreadsheets/PREFONTAINE-COD3Pn4RS-2007-editedDR-QAQC-utf8.sql:540: ERROR:  current transaction is aborted, commands ignored until end of transaction block
psql:../spreadsheets/PREFONTAINE-COD3Pn4RS-2007-editedDR-QAQC-utf8.sql:541: ERROR:  current transaction is aborted, commands ignored until end of transaction block
psql:../spreadsheets/PREFONTAINE-COD3Pn4RS-2007-editedDR-QAQC-utf8.sql:542: ERROR:  current transaction is aborted, commands ignored until end of transaction block
psql:../spreadsheets/PREFONTAINE-COD3Pn4RS-2007-editedDR-QAQC-utf8.sql:543: ERROR:  current transaction is aborted, commands ignored until end of transaction block
psql:../spreadsheets/PREFONTAINE-COD3Pn4RS-2007-editedDR-QAQC-utf8.sql:544: ERROR:  current transaction is aborted, commands ignored until end of transaction block
psql:../spreadsheets/PREFONTAINE-COD3Pn4RS-2007-editedDR-QAQC-utf8.sql:545: ERROR:  current transaction is aborted, commands ignored until end of transaction block
psql:../spreadsheets/PREFONTAINE-COD3Pn4RS-2007-editedDR-QAQC-utf8.sql:546: ERROR:  current transaction is aborted, commands ignored until end of transaction block
psql:../spreadsheets/PREFONTAINE-COD3Pn4RS-2007-editedDR-QAQC-utf8.sql:547: ERROR:  current transaction is aborted, commands ignored until end of transaction block
psql:../spreadsheets/PREFONTAINE-COD3Pn4RS-2007-editedDR-QAQC-utf8.sql:548: ERROR:  current transaction is aborted, commands ignored until end of transaction block
psql:../spreadsheets/PREFONTAINE-COD3Pn4RS-2007-editedDR-QAQC-utf8.sql:549: ERROR:  current transaction is aborted, commands ignored until end of transaction block
psql:../spreadsheets/PREFONTAINE-COD3Pn4RS-2007-editedDR-QAQC-utf8.sql:550: ERROR:  current transaction is aborted, commands ignored until end of transaction block
psql:../spreadsheets/PREFONTAINE-COD3Pn4RS-2007-editedDR-QAQC-utf8.sql:551: ERROR:  current transaction is aborted, commands ignored until end of transaction block
psql:../spreadsheets/PREFONTAINE-COD3Pn4RS-2007-editedDR-QAQC-utf8.sql:552: ERROR:  current transaction is aborted, commands ignored until end of transaction block
psql:../spreadsheets/PREFONTAINE-COD3Pn4RS-2007-editedDR-QAQC-utf8.sql:553: ERROR:  current transaction is aborted, commands ignored until end of transaction block
psql:../spreadsheets/PREFONTAINE-COD3Pn4RS-2007-editedDR-QAQC-utf8.sql:554: ERROR:  current transaction is aborted, commands ignored until end of transaction block
psql:../spreadsheets/PREFONTAINE-COD3Pn4RS-2007-editedDR-QAQC-utf8.sql:555: ERROR:  current transaction is aborted, commands ignored until end of transaction block
psql:../spreadsheets/PREFONTAINE-COD3Pn4RS-2007-editedDR-QAQC-utf8.sql:556: ERROR:  current transaction is aborted, commands ignored until end of transaction block
psql:../spreadsheets/PREFONTAINE-COD3Pn4RS-2007-editedDR-QAQC-utf8.sql:557: ERROR:  current transaction is aborted, commands ignored until end of transaction block
psql:../spreadsheets/PREFONTAINE-COD3Pn4RS-2007-editedDR-QAQC-utf8.sql:558: ERROR:  current transaction is aborted, commands ignored until end of transaction block
psql:../spreadsheets/PREFONTAINE-COD3Pn4RS-2007-editedDR-QAQC-utf8.sql:559: ERROR:  current transaction is aborted, commands ignored until end of transaction block
